2025-05-25 18:06:54,878 [INFO] codebase_llm: Repository already exists at ./repos/SakilaProject.
2025-05-25 18:07:02,153 [INFO] httpx: HTTP Request: POST https://api.openai.com/v1/embeddings "HTTP/1.1 200 OK"
2025-05-25 18:07:03,031 [INFO] faiss.loader: Loading faiss with AVX2 support.
2025-05-25 18:07:03,111 [INFO] faiss.loader: Successfully loaded faiss with AVX2 support.
2025-05-25 18:07:03,123 [INFO] faiss: Failed to load GPU Faiss: name 'GpuIndexIVFFlat' is not defined. Will not load constructor refs for GPU indexes. This is only an error if you're trying to use GPU Faiss.
2025-05-25 18:07:03,131 [INFO] codebase_llm: FAISS vectorstore built with 61 documents.
2025-05-25 18:07:05,340 [INFO] httpx: HTTP Request: POST https://api.openai.com/v1/chat/completions "HTTP/1.1 200 OK"
2025-05-25 18:07:06,871 [INFO] httpx: HTTP Request: POST https://api.openai.com/v1/chat/completions "HTTP/1.1 200 OK"
2025-05-25 18:07:06,879 [ERROR] codebase_llm: Failed to parse LLM response: Expecting property name enclosed in double quotes: line 8 column 9 (char 485)
2025-05-25 18:07:07,039 [INFO] httpx: HTTP Request: POST https://api.openai.com/v1/chat/completions "HTTP/1.1 200 OK"
2025-05-25 18:07:07,039 [ERROR] codebase_llm: Failed to parse LLM response: Expecting property name enclosed in double quotes: line 8 column 9 (char 556)
2025-05-25 18:07:07,705 [INFO] httpx: HTTP Request: POST https://api.openai.com/v1/chat/completions "HTTP/1.1 200 OK"
2025-05-25 18:07:07,762 [INFO] httpx: HTTP Request: POST https://api.openai.com/v1/chat/completions "HTTP/1.1 200 OK"
2025-05-25 18:07:07,778 [ERROR] codebase_llm: Failed to parse LLM response: Expecting property name enclosed in double quotes: line 8 column 9 (char 603)
2025-05-25 18:07:07,984 [INFO] httpx: HTTP Request: POST https://api.openai.com/v1/chat/completions "HTTP/1.1 200 OK"
2025-05-25 18:07:08,063 [INFO] httpx: HTTP Request: POST https://api.openai.com/v1/chat/completions "HTTP/1.1 200 OK"
2025-05-25 18:07:08,233 [INFO] httpx: HTTP Request: POST https://api.openai.com/v1/chat/completions "HTTP/1.1 200 OK"
2025-05-25 18:07:08,379 [INFO] httpx: HTTP Request: POST https://api.openai.com/v1/chat/completions "HTTP/1.1 200 OK"
2025-05-25 18:07:08,389 [ERROR] codebase_llm: Failed to parse LLM response: Expecting property name enclosed in double quotes: line 8 column 9 (char 471)
2025-05-25 18:07:08,443 [INFO] httpx: HTTP Request: POST https://api.openai.com/v1/chat/completions "HTTP/1.1 200 OK"
2025-05-25 18:07:08,458 [ERROR] codebase_llm: Failed to parse LLM response: Expecting property name enclosed in double quotes: line 8 column 9 (char 724)
2025-05-25 18:07:08,823 [INFO] httpx: HTTP Request: POST https://api.openai.com/v1/chat/completions "HTTP/1.1 200 OK"
2025-05-25 18:07:08,823 [ERROR] codebase_llm: Failed to parse LLM response: Expecting property name enclosed in double quotes: line 8 column 9 (char 720)
2025-05-25 18:07:09,353 [INFO] httpx: HTTP Request: POST https://api.openai.com/v1/chat/completions "HTTP/1.1 200 OK"
2025-05-25 18:07:09,473 [INFO] httpx: HTTP Request: POST https://api.openai.com/v1/chat/completions "HTTP/1.1 200 OK"
2025-05-25 18:07:09,473 [ERROR] codebase_llm: Failed to parse LLM response: Expecting property name enclosed in double quotes: line 8 column 9 (char 607)
2025-05-25 18:07:09,587 [INFO] httpx: HTTP Request: POST https://api.openai.com/v1/chat/completions "HTTP/1.1 200 OK"
2025-05-25 18:07:09,640 [INFO] httpx: HTTP Request: POST https://api.openai.com/v1/chat/completions "HTTP/1.1 200 OK"
2025-05-25 18:07:09,663 [ERROR] codebase_llm: Failed to parse LLM response: Expecting property name enclosed in double quotes: line 8 column 5 (char 425)
2025-05-25 18:07:09,771 [INFO] httpx: HTTP Request: POST https://api.openai.com/v1/chat/completions "HTTP/1.1 200 OK"
2025-05-25 18:07:11,070 [INFO] httpx: HTTP Request: POST https://api.openai.com/v1/chat/completions "HTTP/1.1 200 OK"
2025-05-25 18:07:11,086 [INFO] httpx: HTTP Request: POST https://api.openai.com/v1/chat/completions "HTTP/1.1 200 OK"
2025-05-25 18:07:11,274 [INFO] httpx: HTTP Request: POST https://api.openai.com/v1/chat/completions "HTTP/1.1 200 OK"
2025-05-25 18:07:11,370 [INFO] httpx: HTTP Request: POST https://api.openai.com/v1/chat/completions "HTTP/1.1 200 OK"
2025-05-25 18:07:11,760 [INFO] httpx: HTTP Request: POST https://api.openai.com/v1/chat/completions "HTTP/1.1 200 OK"
2025-05-25 18:07:11,870 [INFO] httpx: HTTP Request: POST https://api.openai.com/v1/chat/completions "HTTP/1.1 200 OK"
2025-05-25 18:07:12,152 [INFO] httpx: HTTP Request: POST https://api.openai.com/v1/chat/completions "HTTP/1.1 200 OK"
2025-05-25 18:07:12,238 [INFO] httpx: HTTP Request: POST https://api.openai.com/v1/chat/completions "HTTP/1.1 200 OK"
2025-05-25 18:07:12,500 [INFO] httpx: HTTP Request: POST https://api.openai.com/v1/chat/completions "HTTP/1.1 200 OK"
2025-05-25 18:07:12,543 [INFO] httpx: HTTP Request: POST https://api.openai.com/v1/chat/completions "HTTP/1.1 200 OK"
2025-05-25 18:07:12,555 [INFO] httpx: HTTP Request: POST https://api.openai.com/v1/chat/completions "HTTP/1.1 200 OK"
2025-05-25 18:07:12,653 [INFO] httpx: HTTP Request: POST https://api.openai.com/v1/chat/completions "HTTP/1.1 200 OK"
2025-05-25 18:13:08,677 [INFO] codebase_llm: Repository already exists at ./repos/SakilaProject.
2025-05-25 18:13:15,982 [INFO] httpx: HTTP Request: POST https://api.openai.com/v1/embeddings "HTTP/1.1 200 OK"
2025-05-25 18:13:16,860 [INFO] faiss.loader: Loading faiss with AVX2 support.
2025-05-25 18:13:16,914 [INFO] faiss.loader: Successfully loaded faiss with AVX2 support.
2025-05-25 18:13:16,914 [INFO] faiss: Failed to load GPU Faiss: name 'GpuIndexIVFFlat' is not defined. Will not load constructor refs for GPU indexes. This is only an error if you're trying to use GPU Faiss.
2025-05-25 18:13:16,937 [INFO] codebase_llm: FAISS vectorstore built with 61 documents.
2025-05-25 18:13:18,804 [INFO] httpx: HTTP Request: POST https://api.openai.com/v1/chat/completions "HTTP/1.1 200 OK"
2025-05-25 18:13:20,920 [INFO] httpx: HTTP Request: POST https://api.openai.com/v1/chat/completions "HTTP/1.1 200 OK"
2025-05-25 18:13:20,936 [ERROR] codebase_llm: Failed to parse LLM response: Expecting property name enclosed in double quotes: line 8 column 5 (char 430)
2025-05-25 18:13:21,078 [INFO] httpx: HTTP Request: POST https://api.openai.com/v1/chat/completions "HTTP/1.1 200 OK"
2025-05-25 18:13:21,344 [INFO] httpx: HTTP Request: POST https://api.openai.com/v1/chat/completions "HTTP/1.1 200 OK"
2025-05-25 18:13:21,344 [INFO] httpx: HTTP Request: POST https://api.openai.com/v1/chat/completions "HTTP/1.1 200 OK"
2025-05-25 18:13:21,359 [INFO] httpx: HTTP Request: POST https://api.openai.com/v1/chat/completions "HTTP/1.1 200 OK"
2025-05-25 18:13:21,370 [ERROR] codebase_llm: Failed to parse LLM response: Expecting property name enclosed in double quotes: line 8 column 9 (char 475)
2025-05-25 18:13:21,372 [ERROR] codebase_llm: Failed to parse LLM response: Expecting property name enclosed in double quotes: line 8 column 9 (char 606)
2025-05-25 18:13:21,388 [ERROR] codebase_llm: Failed to parse LLM response: Expecting property name enclosed in double quotes: line 8 column 9 (char 731)
2025-05-25 18:13:21,559 [INFO] httpx: HTTP Request: POST https://api.openai.com/v1/chat/completions "HTTP/1.1 200 OK"
2025-05-25 18:13:21,559 [ERROR] codebase_llm: Failed to parse LLM response: Expecting property name enclosed in double quotes: line 8 column 9 (char 515)
2025-05-25 18:13:21,648 [INFO] httpx: HTTP Request: POST https://api.openai.com/v1/chat/completions "HTTP/1.1 200 OK"
2025-05-25 18:13:21,648 [ERROR] codebase_llm: Failed to parse LLM response: Expecting property name enclosed in double quotes: line 8 column 9 (char 603)
2025-05-25 18:13:21,680 [INFO] httpx: HTTP Request: POST https://api.openai.com/v1/chat/completions "HTTP/1.1 200 OK"
2025-05-25 18:13:21,694 [ERROR] codebase_llm: Failed to parse LLM response: Expecting property name enclosed in double quotes: line 8 column 9 (char 519)
2025-05-25 18:13:21,694 [INFO] httpx: HTTP Request: POST https://api.openai.com/v1/chat/completions "HTTP/1.1 200 OK"
2025-05-25 18:13:21,702 [ERROR] codebase_llm: Failed to parse LLM response: Expecting property name enclosed in double quotes: line 8 column 9 (char 643)
2025-05-25 18:13:21,861 [INFO] httpx: HTTP Request: POST https://api.openai.com/v1/chat/completions "HTTP/1.1 200 OK"
2025-05-25 18:13:21,877 [ERROR] codebase_llm: Failed to parse LLM response: Expecting property name enclosed in double quotes: line 8 column 9 (char 756)
2025-05-25 18:13:22,863 [INFO] httpx: HTTP Request: POST https://api.openai.com/v1/chat/completions "HTTP/1.1 200 OK"
2025-05-25 18:13:22,878 [ERROR] codebase_llm: Failed to parse LLM response: Expecting property name enclosed in double quotes: line 8 column 9 (char 500)
2025-05-25 18:13:22,901 [INFO] httpx: HTTP Request: POST https://api.openai.com/v1/chat/completions "HTTP/1.1 200 OK"
2025-05-25 18:13:22,963 [INFO] httpx: HTTP Request: POST https://api.openai.com/v1/chat/completions "HTTP/1.1 200 OK"
2025-05-25 18:13:22,985 [ERROR] codebase_llm: Failed to parse LLM response: Expecting property name enclosed in double quotes: line 8 column 9 (char 721)
2025-05-25 18:13:23,093 [INFO] httpx: HTTP Request: POST https://api.openai.com/v1/chat/completions "HTTP/1.1 200 OK"
2025-05-25 18:13:23,093 [ERROR] codebase_llm: Failed to parse LLM response: Expecting property name enclosed in double quotes: line 8 column 9 (char 442)
2025-05-25 18:13:23,228 [INFO] httpx: HTTP Request: POST https://api.openai.com/v1/chat/completions "HTTP/1.1 200 OK"
2025-05-25 18:13:24,384 [INFO] httpx: HTTP Request: POST https://api.openai.com/v1/chat/completions "HTTP/1.1 200 OK"
2025-05-25 18:13:24,744 [INFO] httpx: HTTP Request: POST https://api.openai.com/v1/chat/completions "HTTP/1.1 200 OK"
2025-05-25 18:13:25,340 [INFO] httpx: HTTP Request: POST https://api.openai.com/v1/chat/completions "HTTP/1.1 200 OK"
2025-05-25 18:13:25,427 [INFO] httpx: HTTP Request: POST https://api.openai.com/v1/chat/completions "HTTP/1.1 200 OK"
2025-05-25 18:13:25,460 [INFO] httpx: HTTP Request: POST https://api.openai.com/v1/chat/completions "HTTP/1.1 200 OK"
2025-05-25 18:13:25,608 [INFO] httpx: HTTP Request: POST https://api.openai.com/v1/chat/completions "HTTP/1.1 200 OK"
2025-05-25 18:13:25,685 [INFO] httpx: HTTP Request: POST https://api.openai.com/v1/chat/completions "HTTP/1.1 200 OK"
2025-05-25 18:13:25,965 [INFO] httpx: HTTP Request: POST https://api.openai.com/v1/chat/completions "HTTP/1.1 200 OK"
2025-05-25 18:13:26,719 [INFO] httpx: HTTP Request: POST https://api.openai.com/v1/chat/completions "HTTP/1.1 200 OK"
2025-05-25 18:13:26,935 [INFO] httpx: HTTP Request: POST https://api.openai.com/v1/chat/completions "HTTP/1.1 200 OK"
2025-05-25 18:13:26,978 [INFO] httpx: HTTP Request: POST https://api.openai.com/v1/chat/completions "HTTP/1.1 200 OK"
2025-05-25 18:13:26,978 [INFO] httpx: HTTP Request: POST https://api.openai.com/v1/chat/completions "HTTP/1.1 200 OK"
2025-05-25 18:13:27,237 [INFO] httpx: HTTP Request: POST https://api.openai.com/v1/chat/completions "HTTP/1.1 200 OK"
2025-05-25 18:13:29,432 [INFO] httpx: HTTP Request: POST https://api.openai.com/v1/chat/completions "HTTP/1.1 200 OK"
2025-05-25 18:23:59,211 [INFO] codebase_llm: Repository already exists at ./repos/SakilaProject.
2025-05-25 18:24:05,388 [INFO] httpx: HTTP Request: POST https://api.openai.com/v1/embeddings "HTTP/1.1 200 OK"
2025-05-25 18:24:06,233 [INFO] faiss.loader: Loading faiss with AVX2 support.
2025-05-25 18:24:06,294 [INFO] faiss.loader: Successfully loaded faiss with AVX2 support.
2025-05-25 18:24:06,294 [INFO] faiss: Failed to load GPU Faiss: name 'GpuIndexIVFFlat' is not defined. Will not load constructor refs for GPU indexes. This is only an error if you're trying to use GPU Faiss.
2025-05-25 18:24:06,318 [INFO] codebase_llm: FAISS vectorstore built with 61 documents.
2025-05-25 18:24:08,100 [INFO] httpx: HTTP Request: POST https://api.openai.com/v1/chat/completions "HTTP/1.1 200 OK"
2025-05-25 18:24:09,589 [INFO] httpx: HTTP Request: POST https://api.openai.com/v1/chat/completions "HTTP/1.1 200 OK"
2025-05-25 18:24:09,604 [ERROR] codebase_llm: Failed to parse LLM response: Expecting property name enclosed in double quotes: line 8 column 5 (char 411)
2025-05-25 18:24:09,843 [INFO] httpx: HTTP Request: POST https://api.openai.com/v1/chat/completions "HTTP/1.1 200 OK"
2025-05-25 18:24:09,843 [ERROR] codebase_llm: Failed to parse LLM response: Expecting property name enclosed in double quotes: line 8 column 9 (char 639)
2025-05-25 18:24:10,341 [INFO] httpx: HTTP Request: POST https://api.openai.com/v1/chat/completions "HTTP/1.1 200 OK"
2025-05-25 18:24:10,341 [INFO] httpx: HTTP Request: POST https://api.openai.com/v1/chat/completions "HTTP/1.1 200 OK"
2025-05-25 18:24:10,341 [INFO] httpx: HTTP Request: POST https://api.openai.com/v1/chat/completions "HTTP/1.1 200 OK"
2025-05-25 18:24:10,362 [ERROR] codebase_llm: Failed to parse LLM response: Expecting property name enclosed in double quotes: line 8 column 9 (char 621)
2025-05-25 18:24:10,370 [ERROR] codebase_llm: Failed to parse LLM response: Expecting property name enclosed in double quotes: line 8 column 9 (char 715)
2025-05-25 18:24:10,501 [INFO] httpx: HTTP Request: POST https://api.openai.com/v1/chat/completions "HTTP/1.1 200 OK"
2025-05-25 18:24:10,501 [INFO] httpx: HTTP Request: POST https://api.openai.com/v1/chat/completions "HTTP/1.1 200 OK"
2025-05-25 18:24:10,509 [ERROR] codebase_llm: Failed to parse LLM response: Expecting property name enclosed in double quotes: line 8 column 9 (char 488)
2025-05-25 18:24:10,509 [INFO] httpx: HTTP Request: POST https://api.openai.com/v1/chat/completions "HTTP/1.1 200 OK"
2025-05-25 18:24:10,537 [INFO] httpx: HTTP Request: POST https://api.openai.com/v1/chat/completions "HTTP/1.1 200 OK"
2025-05-25 18:24:10,537 [ERROR] codebase_llm: Failed to parse LLM response: Expecting property name enclosed in double quotes: line 8 column 9 (char 524)
2025-05-25 18:24:10,552 [ERROR] codebase_llm: Failed to parse LLM response: Expecting property name enclosed in double quotes: line 8 column 9 (char 580)
2025-05-25 18:24:10,560 [ERROR] codebase_llm: Failed to parse LLM response: Expecting property name enclosed in double quotes: line 8 column 9 (char 515)
2025-05-25 18:24:10,692 [INFO] httpx: HTTP Request: POST https://api.openai.com/v1/chat/completions "HTTP/1.1 200 OK"
2025-05-25 18:24:10,700 [ERROR] codebase_llm: Failed to parse LLM response: Expecting property name enclosed in double quotes: line 8 column 9 (char 589)
2025-05-25 18:24:10,998 [INFO] httpx: HTTP Request: POST https://api.openai.com/v1/chat/completions "HTTP/1.1 200 OK"
2025-05-25 18:24:11,013 [ERROR] codebase_llm: Failed to parse LLM response: Expecting property name enclosed in double quotes: line 8 column 9 (char 724)
2025-05-25 18:24:11,054 [INFO] httpx: HTTP Request: POST https://api.openai.com/v1/chat/completions "HTTP/1.1 200 OK"
2025-05-25 18:24:11,060 [INFO] httpx: HTTP Request: POST https://api.openai.com/v1/chat/completions "HTTP/1.1 200 OK"
2025-05-25 18:24:11,083 [ERROR] codebase_llm: Failed to parse LLM response: Expecting property name enclosed in double quotes: line 8 column 9 (char 767)
2025-05-25 18:24:12,333 [INFO] httpx: HTTP Request: POST https://api.openai.com/v1/chat/completions "HTTP/1.1 200 OK"
2025-05-25 18:24:12,348 [INFO] httpx: HTTP Request: POST https://api.openai.com/v1/chat/completions "HTTP/1.1 200 OK"
2025-05-25 18:24:12,366 [ERROR] codebase_llm: Failed to parse LLM response: Expecting property name enclosed in double quotes: line 8 column 9 (char 442)
2025-05-25 18:24:13,461 [INFO] httpx: HTTP Request: POST https://api.openai.com/v1/chat/completions "HTTP/1.1 200 OK"
2025-05-25 18:24:13,461 [INFO] httpx: HTTP Request: POST https://api.openai.com/v1/chat/completions "HTTP/1.1 200 OK"
2025-05-25 18:24:13,461 [INFO] httpx: HTTP Request: POST https://api.openai.com/v1/chat/completions "HTTP/1.1 200 OK"
2025-05-25 18:24:13,869 [INFO] httpx: HTTP Request: POST https://api.openai.com/v1/chat/completions "HTTP/1.1 200 OK"
2025-05-25 18:24:14,036 [INFO] httpx: HTTP Request: POST https://api.openai.com/v1/chat/completions "HTTP/1.1 200 OK"
2025-05-25 18:24:14,109 [INFO] httpx: HTTP Request: POST https://api.openai.com/v1/chat/completions "HTTP/1.1 200 OK"
2025-05-25 18:24:14,291 [INFO] httpx: HTTP Request: POST https://api.openai.com/v1/chat/completions "HTTP/1.1 200 OK"
2025-05-25 18:24:14,615 [INFO] httpx: HTTP Request: POST https://api.openai.com/v1/chat/completions "HTTP/1.1 200 OK"
2025-05-25 18:31:35,267 [INFO] codebase_llm: Repository already exists at ./repos/SakilaProject.
2025-05-25 18:31:41,523 [INFO] httpx: HTTP Request: POST https://api.openai.com/v1/embeddings "HTTP/1.1 200 OK"
2025-05-25 18:31:42,651 [INFO] faiss.loader: Loading faiss with AVX2 support.
2025-05-25 18:31:42,707 [INFO] faiss.loader: Successfully loaded faiss with AVX2 support.
2025-05-25 18:31:42,707 [INFO] faiss: Failed to load GPU Faiss: name 'GpuIndexIVFFlat' is not defined. Will not load constructor refs for GPU indexes. This is only an error if you're trying to use GPU Faiss.
2025-05-25 18:31:42,730 [INFO] codebase_llm: FAISS vectorstore built with 61 documents.
2025-05-25 18:31:45,301 [INFO] httpx: HTTP Request: POST https://api.openai.com/v1/chat/completions "HTTP/1.1 200 OK"
2025-05-25 18:31:45,316 [WARNING] codebase_llm: Failed to process README.md: 'AIMessage' object has no attribute 'strip'
2025-05-25 18:31:46,772 [INFO] httpx: HTTP Request: POST https://api.openai.com/v1/chat/completions "HTTP/1.1 200 OK"
2025-05-25 18:31:46,792 [ERROR] codebase_llm: Failed to parse LLM response: Expecting property name enclosed in double quotes: line 8 column 9 (char 639)
2025-05-25 18:31:46,887 [INFO] httpx: HTTP Request: POST https://api.openai.com/v1/chat/completions "HTTP/1.1 200 OK"
2025-05-25 18:31:47,128 [INFO] httpx: HTTP Request: POST https://api.openai.com/v1/chat/completions "HTTP/1.1 200 OK"
2025-05-25 18:31:47,128 [ERROR] codebase_llm: Failed to parse LLM response: Expecting property name enclosed in double quotes: line 8 column 5 (char 436)
2025-05-25 18:31:47,294 [INFO] httpx: HTTP Request: POST https://api.openai.com/v1/chat/completions "HTTP/1.1 200 OK"
2025-05-25 18:31:47,312 [ERROR] codebase_llm: Failed to parse LLM response: Expecting property name enclosed in double quotes: line 8 column 9 (char 556)
2025-05-25 18:31:47,563 [INFO] httpx: HTTP Request: POST https://api.openai.com/v1/chat/completions "HTTP/1.1 200 OK"
2025-05-25 18:31:47,934 [INFO] httpx: HTTP Request: POST https://api.openai.com/v1/chat/completions "HTTP/1.1 200 OK"
2025-05-25 18:31:47,949 [ERROR] codebase_llm: Failed to parse LLM response: Expecting property name enclosed in double quotes: line 8 column 9 (char 582)
2025-05-25 18:31:48,072 [INFO] httpx: HTTP Request: POST https://api.openai.com/v1/chat/completions "HTTP/1.1 200 OK"
2025-05-25 18:31:48,080 [ERROR] codebase_llm: Failed to parse LLM response: Expecting property name enclosed in double quotes: line 8 column 9 (char 714)
2025-05-25 18:31:48,096 [INFO] httpx: HTTP Request: POST https://api.openai.com/v1/chat/completions "HTTP/1.1 200 OK"
2025-05-25 18:31:48,113 [ERROR] codebase_llm: Failed to parse LLM response: Expecting property name enclosed in double quotes: line 8 column 9 (char 488)
2025-05-25 18:31:48,253 [INFO] httpx: HTTP Request: POST https://api.openai.com/v1/chat/completions "HTTP/1.1 200 OK"
2025-05-25 18:31:48,271 [INFO] httpx: HTTP Request: POST https://api.openai.com/v1/chat/completions "HTTP/1.1 200 OK"
2025-05-25 18:31:48,271 [ERROR] codebase_llm: Failed to parse LLM response: Expecting property name enclosed in double quotes: line 8 column 9 (char 570)
2025-05-25 18:31:48,271 [ERROR] codebase_llm: Failed to parse LLM response: Expecting property name enclosed in double quotes: line 8 column 9 (char 521)
2025-05-25 18:31:48,322 [INFO] httpx: HTTP Request: POST https://api.openai.com/v1/chat/completions "HTTP/1.1 200 OK"
2025-05-25 18:31:48,343 [ERROR] codebase_llm: Failed to parse LLM response: Expecting property name enclosed in double quotes: line 8 column 9 (char 497)
2025-05-25 18:31:48,356 [INFO] httpx: HTTP Request: POST https://api.openai.com/v1/chat/completions "HTTP/1.1 200 OK"
2025-05-25 18:31:48,356 [ERROR] codebase_llm: Failed to parse LLM response: Expecting property name enclosed in double quotes: line 8 column 9 (char 724)
2025-05-25 18:31:48,596 [INFO] httpx: HTTP Request: POST https://api.openai.com/v1/chat/completions "HTTP/1.1 200 OK"
2025-05-25 18:31:49,518 [INFO] httpx: HTTP Request: POST https://api.openai.com/v1/chat/completions "HTTP/1.1 200 OK"
2025-05-25 18:31:49,533 [ERROR] codebase_llm: Failed to parse LLM response: Expecting property name enclosed in double quotes: line 8 column 5 (char 412)
2025-05-25 18:31:49,662 [INFO] httpx: HTTP Request: POST https://api.openai.com/v1/chat/completions "HTTP/1.1 200 OK"
2025-05-25 18:31:50,503 [INFO] httpx: HTTP Request: POST https://api.openai.com/v1/chat/completions "HTTP/1.1 200 OK"
2025-05-25 18:31:50,503 [INFO] httpx: HTTP Request: POST https://api.openai.com/v1/chat/completions "HTTP/1.1 200 OK"
2025-05-25 18:31:51,132 [INFO] httpx: HTTP Request: POST https://api.openai.com/v1/chat/completions "HTTP/1.1 200 OK"
2025-05-25 18:31:51,386 [INFO] httpx: HTTP Request: POST https://api.openai.com/v1/chat/completions "HTTP/1.1 200 OK"
2025-05-25 18:31:51,744 [INFO] httpx: HTTP Request: POST https://api.openai.com/v1/chat/completions "HTTP/1.1 200 OK"
2025-05-25 18:31:51,868 [INFO] httpx: HTTP Request: POST https://api.openai.com/v1/chat/completions "HTTP/1.1 200 OK"
2025-05-25 18:31:51,978 [INFO] httpx: HTTP Request: POST https://api.openai.com/v1/chat/completions "HTTP/1.1 200 OK"
2025-05-25 18:31:51,994 [INFO] httpx: HTTP Request: POST https://api.openai.com/v1/chat/completions "HTTP/1.1 200 OK"
2025-05-25 18:31:52,402 [INFO] httpx: HTTP Request: POST https://api.openai.com/v1/chat/completions "HTTP/1.1 200 OK"
2025-05-25 18:31:52,824 [INFO] httpx: HTTP Request: POST https://api.openai.com/v1/chat/completions "HTTP/1.1 200 OK"
2025-05-25 18:31:53,185 [INFO] httpx: HTTP Request: POST https://api.openai.com/v1/chat/completions "HTTP/1.1 200 OK"
2025-05-25 18:31:55,599 [INFO] httpx: HTTP Request: POST https://api.openai.com/v1/chat/completions "HTTP/1.1 200 OK"
2025-05-25 18:45:43,266 [INFO] codebase_llm: Repository already exists at ./repos/SakilaProject.
2025-05-25 18:47:51,416 [INFO] codebase_llm: Repository already exists at ./repos/SakilaProject.
2025-05-25 18:53:54,919 [INFO] codebase_llm: Repository already exists at ./repos/SakilaProject.
2025-05-25 18:54:02,789 [INFO] httpx: HTTP Request: POST https://api.openai.com/v1/embeddings "HTTP/1.1 200 OK"
2025-05-25 18:54:04,168 [INFO] faiss.loader: Loading faiss with AVX2 support.
2025-05-25 18:54:04,225 [INFO] faiss.loader: Successfully loaded faiss with AVX2 support.
2025-05-25 18:54:04,233 [INFO] faiss: Failed to load GPU Faiss: name 'GpuIndexIVFFlat' is not defined. Will not load constructor refs for GPU indexes. This is only an error if you're trying to use GPU Faiss.
2025-05-25 18:54:06,614 [INFO] httpx: HTTP Request: POST https://api.openai.com/v1/chat/completions "HTTP/1.1 200 OK"
2025-05-25 18:54:06,650 [WARNING] codebase_llm: Failed to process README.md: 'AIMessage' object has no attribute 'strip'
2025-05-25 18:54:09,200 [INFO] httpx: HTTP Request: POST https://api.openai.com/v1/chat/completions "HTTP/1.1 200 OK"
2025-05-25 18:54:09,200 [ERROR] codebase_llm: Failed to parse LLM response: Expecting property name enclosed in double quotes: line 8 column 9 (char 550)
2025-05-25 18:54:10,437 [INFO] httpx: HTTP Request: POST https://api.openai.com/v1/chat/completions "HTTP/1.1 200 OK"
2025-05-25 18:54:12,303 [INFO] httpx: HTTP Request: POST https://api.openai.com/v1/chat/completions "HTTP/1.1 200 OK"
2025-05-25 18:54:14,628 [INFO] httpx: HTTP Request: POST https://api.openai.com/v1/chat/completions "HTTP/1.1 200 OK"
2025-05-25 18:54:14,644 [ERROR] codebase_llm: Failed to parse LLM response: Expecting property name enclosed in double quotes: line 8 column 5 (char 436)
2025-05-25 18:54:16,269 [INFO] httpx: HTTP Request: POST https://api.openai.com/v1/chat/completions "HTTP/1.1 200 OK"
2025-05-25 18:54:19,248 [INFO] httpx: HTTP Request: POST https://api.openai.com/v1/chat/completions "HTTP/1.1 200 OK"
2025-05-25 18:57:28,511 [INFO] codebase_llm: Repository already exists at ./repos/SakilaProject.
2025-05-25 18:57:35,852 [INFO] httpx: HTTP Request: POST https://api.openai.com/v1/embeddings "HTTP/1.1 200 OK"
2025-05-25 18:57:37,264 [INFO] faiss.loader: Loading faiss with AVX2 support.
2025-05-25 18:57:37,302 [INFO] faiss.loader: Successfully loaded faiss with AVX2 support.
2025-05-25 18:57:37,319 [INFO] faiss: Failed to load GPU Faiss: name 'GpuIndexIVFFlat' is not defined. Will not load constructor refs for GPU indexes. This is only an error if you're trying to use GPU Faiss.
2025-05-25 18:57:39,490 [INFO] httpx: HTTP Request: POST https://api.openai.com/v1/chat/completions "HTTP/1.1 200 OK"
2025-05-25 18:57:39,490 [WARNING] codebase_llm: Failed to process README.md: 'AIMessage' object has no attribute 'strip'
2025-05-25 18:57:41,278 [INFO] httpx: HTTP Request: POST https://api.openai.com/v1/chat/completions "HTTP/1.1 200 OK"
2025-05-25 18:57:41,346 [ERROR] codebase_llm: Async LLM error: Invalid json output: {
    "overview": "The MavenWrapperDownloader class is responsible for downloading the Maven wrapper JAR file. It handles the logic of fetching the wrapper JAR from a specified URL or a default URL if not provided.",
    "methods": [
        {
            "name": "main",
            "signature": "public static void main(String args[])",
            "description": "The main method of the MavenWrapperDownloader class. It initiates the download process by taking the base directory as an argument and printing out the base directory path.",
        }
    ],
    "complexity": "Simple",
    "notes": "This code snippet is a standalone utility class that focuses on downloading the Maven wrapper JAR file. It uses hardcoded default values for URLs and file paths, which may need to be customized based on project requirements."
}
For troubleshooting, visit: https://python.langchain.com/docs/troubleshooting/errors/OUTPUT_PARSING_FAILURE 
2025-05-25 18:57:41,363 [ERROR] codebase_llm: Async LLM analysis failed for file=./repos/SakilaProject\.mvn\wrapper\MavenWrapperDownloader.java chunk_index=0
Traceback (most recent call last):
  File "C:\CodebaseLLM\codeenv\Lib\site-packages\langchain_core\output_parsers\json.py", line 88, in parse_result
    return parse_json_markdown(text)
           ^^^^^^^^^^^^^^^^^^^^^^^^^
  File "C:\CodebaseLLM\codeenv\Lib\site-packages\langchain_core\utils\json.py", line 150, in parse_json_markdown
    return _parse_json(json_str, parser=parser)
           ^^^^^^^^^^^^^^^^^^^^^^^^^^^^^^^^^^^^
  File "C:\CodebaseLLM\codeenv\Lib\site-packages\langchain_core\utils\json.py", line 166, in _parse_json
    return parser(json_str)
           ^^^^^^^^^^^^^^^^
  File "C:\CodebaseLLM\codeenv\Lib\site-packages\langchain_core\utils\json.py", line 123, in parse_partial_json
    return json.loads(s, strict=strict)
           ^^^^^^^^^^^^^^^^^^^^^^^^^^^^
  File "C:\Users\Y520\AppData\Local\Programs\Python\Python312\Lib\json\__init__.py", line 359, in loads
    return cls(**kw).decode(s)
           ^^^^^^^^^^^^^^^^^^^
  File "C:\Users\Y520\AppData\Local\Programs\Python\Python312\Lib\json\decoder.py", line 337, in decode
    obj, end = self.raw_decode(s, idx=_w(s, 0).end())
               ^^^^^^^^^^^^^^^^^^^^^^^^^^^^^^^^^^^^^^
  File "C:\Users\Y520\AppData\Local\Programs\Python\Python312\Lib\json\decoder.py", line 353, in raw_decode
    obj, end = self.scan_once(s, idx)
               ^^^^^^^^^^^^^^^^^^^^^^
json.decoder.JSONDecodeError: Expecting property name enclosed in double quotes: line 8 column 9 (char 550)

The above exception was the direct cause of the following exception:

Traceback (most recent call last):
  File "C:\CodebaseLLM\analyzer\knowledge_extractor.py", line 150, in process_chunk_with_limit
    result = await self.llm_integration.analyze_code_chunk_async(chunk_info['chunk'])
             ^^^^^^^^^^^^^^^^^^^^^^^^^^^^^^^^^^^^^^^^^^^^^^^^^^^^^^^^^^^^^^^^^^^^^^^^
  File "C:\CodebaseLLM\analyzer\llm_integration.py", line 103, in analyze_code_chunk_async
    return parser.parse(response.content if hasattr(response, 'content') else response)
           ^^^^^^^^^^^^^^^^^^^^^^^^^^^^^^^^^^^^^^^^^^^^^^^^^^^^^^^^^^^^^^^^^^^^^^^^^^^^
  File "C:\CodebaseLLM\codeenv\Lib\site-packages\langchain_core\output_parsers\json.py", line 102, in parse
    return self.parse_result([Generation(text=text)])
           ^^^^^^^^^^^^^^^^^^^^^^^^^^^^^^^^^^^^^^^^^^
  File "C:\CodebaseLLM\codeenv\Lib\site-packages\langchain_core\output_parsers\json.py", line 91, in parse_result
    raise OutputParserException(msg, llm_output=text) from e
langchain_core.exceptions.OutputParserException: Invalid json output: {
    "overview": "The MavenWrapperDownloader class is responsible for downloading the Maven wrapper JAR file. It handles the logic of fetching the wrapper JAR from a specified URL or a default URL if not provided.",
    "methods": [
        {
            "name": "main",
            "signature": "public static void main(String args[])",
            "description": "The main method of the MavenWrapperDownloader class. It initiates the download process by taking the base directory as an argument and printing out the base directory path.",
        }
    ],
    "complexity": "Simple",
    "notes": "This code snippet is a standalone utility class that focuses on downloading the Maven wrapper JAR file. It uses hardcoded default values for URLs and file paths, which may need to be customized based on project requirements."
}
For troubleshooting, visit: https://python.langchain.com/docs/troubleshooting/errors/OUTPUT_PARSING_FAILURE 
2025-05-25 18:57:43,096 [INFO] httpx: HTTP Request: POST https://api.openai.com/v1/chat/completions "HTTP/1.1 200 OK"
2025-05-25 18:57:44,881 [INFO] httpx: HTTP Request: POST https://api.openai.com/v1/chat/completions "HTTP/1.1 200 OK"
2025-05-25 18:57:46,309 [INFO] httpx: HTTP Request: POST https://api.openai.com/v1/chat/completions "HTTP/1.1 200 OK"
2025-05-25 18:57:46,360 [ERROR] codebase_llm: Async LLM error: Invalid json output: {
  "overview": "This code chunk represents the main entry point for the Sakila Project application. It uses Spring Boot to initialize and run the application.",
  "methods": [
    {
      "name": "main",
      "signature": "public static void main(String[] args)",
      "description": "The main method serves as the entry point for the application. It initializes the Spring Boot application context and starts the application.",
    }
  ],
  "complexity": "Simple",
  "notes": "This code follows the Spring Boot convention for initializing and running an application. It relies on the SpringApplication class provided by Spring Boot to handle the application lifecycle."
}
For troubleshooting, visit: https://python.langchain.com/docs/troubleshooting/errors/OUTPUT_PARSING_FAILURE 
2025-05-25 18:57:46,361 [ERROR] codebase_llm: Async LLM analysis failed for file=./repos/SakilaProject\src\main\java\com\sparta\engineering72\sakilaproject\SakilaProjectApplication.java chunk_index=3
Traceback (most recent call last):
  File "C:\CodebaseLLM\codeenv\Lib\site-packages\langchain_core\output_parsers\json.py", line 88, in parse_result
    return parse_json_markdown(text)
           ^^^^^^^^^^^^^^^^^^^^^^^^^
  File "C:\CodebaseLLM\codeenv\Lib\site-packages\langchain_core\utils\json.py", line 150, in parse_json_markdown
    return _parse_json(json_str, parser=parser)
           ^^^^^^^^^^^^^^^^^^^^^^^^^^^^^^^^^^^^
  File "C:\CodebaseLLM\codeenv\Lib\site-packages\langchain_core\utils\json.py", line 166, in _parse_json
    return parser(json_str)
           ^^^^^^^^^^^^^^^^
  File "C:\CodebaseLLM\codeenv\Lib\site-packages\langchain_core\utils\json.py", line 123, in parse_partial_json
    return json.loads(s, strict=strict)
           ^^^^^^^^^^^^^^^^^^^^^^^^^^^^
  File "C:\Users\Y520\AppData\Local\Programs\Python\Python312\Lib\json\__init__.py", line 359, in loads
    return cls(**kw).decode(s)
           ^^^^^^^^^^^^^^^^^^^
  File "C:\Users\Y520\AppData\Local\Programs\Python\Python312\Lib\json\decoder.py", line 337, in decode
    obj, end = self.raw_decode(s, idx=_w(s, 0).end())
               ^^^^^^^^^^^^^^^^^^^^^^^^^^^^^^^^^^^^^^
  File "C:\Users\Y520\AppData\Local\Programs\Python\Python312\Lib\json\decoder.py", line 353, in raw_decode
    obj, end = self.scan_once(s, idx)
               ^^^^^^^^^^^^^^^^^^^^^^
json.decoder.JSONDecodeError: Expecting property name enclosed in double quotes: line 8 column 5 (char 436)

The above exception was the direct cause of the following exception:

Traceback (most recent call last):
  File "C:\CodebaseLLM\analyzer\knowledge_extractor.py", line 150, in process_chunk_with_limit
    result = await self.llm_integration.analyze_code_chunk_async(chunk_info['chunk'])
             ^^^^^^^^^^^^^^^^^^^^^^^^^^^^^^^^^^^^^^^^^^^^^^^^^^^^^^^^^^^^^^^^^^^^^^^^
  File "C:\CodebaseLLM\analyzer\llm_integration.py", line 103, in analyze_code_chunk_async
    return parser.parse(response.content if hasattr(response, 'content') else response)
           ^^^^^^^^^^^^^^^^^^^^^^^^^^^^^^^^^^^^^^^^^^^^^^^^^^^^^^^^^^^^^^^^^^^^^^^^^^^^
  File "C:\CodebaseLLM\codeenv\Lib\site-packages\langchain_core\output_parsers\json.py", line 102, in parse
    return self.parse_result([Generation(text=text)])
           ^^^^^^^^^^^^^^^^^^^^^^^^^^^^^^^^^^^^^^^^^^
  File "C:\CodebaseLLM\codeenv\Lib\site-packages\langchain_core\output_parsers\json.py", line 91, in parse_result
    raise OutputParserException(msg, llm_output=text) from e
langchain_core.exceptions.OutputParserException: Invalid json output: {
  "overview": "This code chunk represents the main entry point for the Sakila Project application. It uses Spring Boot to initialize and run the application.",
  "methods": [
    {
      "name": "main",
      "signature": "public static void main(String[] args)",
      "description": "The main method serves as the entry point for the application. It initializes the Spring Boot application context and starts the application.",
    }
  ],
  "complexity": "Simple",
  "notes": "This code follows the Spring Boot convention for initializing and running an application. It relies on the SpringApplication class provided by Spring Boot to handle the application lifecycle."
}
For troubleshooting, visit: https://python.langchain.com/docs/troubleshooting/errors/OUTPUT_PARSING_FAILURE 
2025-05-25 18:57:49,350 [INFO] httpx: HTTP Request: POST https://api.openai.com/v1/chat/completions "HTTP/1.1 200 OK"
2025-05-25 19:04:32,528 [INFO] codebase_llm: Repository already exists at ./repos/SakilaProject.
2025-05-25 19:04:40,352 [INFO] httpx: HTTP Request: POST https://api.openai.com/v1/embeddings "HTTP/1.1 200 OK"
2025-05-25 19:04:41,606 [INFO] faiss.loader: Loading faiss with AVX2 support.
2025-05-25 19:04:41,638 [INFO] faiss.loader: Successfully loaded faiss with AVX2 support.
2025-05-25 19:04:41,638 [INFO] faiss: Failed to load GPU Faiss: name 'GpuIndexIVFFlat' is not defined. Will not load constructor refs for GPU indexes. This is only an error if you're trying to use GPU Faiss.
2025-05-25 19:04:43,894 [INFO] httpx: HTTP Request: POST https://api.openai.com/v1/chat/completions "HTTP/1.1 200 OK"
2025-05-25 19:04:43,909 [WARNING] codebase_llm: Failed to process README.md: 'AIMessage' object has no attribute 'strip'
2025-05-25 19:04:45,587 [INFO] httpx: HTTP Request: POST https://api.openai.com/v1/chat/completions "HTTP/1.1 200 OK"
2025-05-25 19:04:45,636 [ERROR] codebase_llm: Async JsonOutputParser failed: Invalid json output: {
    "overview": "The MavenWrapperDownloader class is responsible for downloading the Maven wrapper JAR file. It provides functionality to download the Maven wrapper JAR from a specified URL or a default URL if none is provided.",
    "methods": [
        {
            "name": "main",
            "signature": "public static void main(String args[])",
            "description": "The main method of the MavenWrapperDownloader class. It starts the downloader process by printing a message, getting the base directory from the command line arguments, and printing the base directory path.",
        }
    ],
    "complexity": "simple",
    "notes": "The class contains constants for the wrapper version, default download URL, properties file path, JAR file path, and property name for overriding the download URL. The main method is the entry point for the downloader functionality."
}
For troubleshooting, visit: https://python.langchain.com/docs/troubleshooting/errors/OUTPUT_PARSING_FAILURE 
2025-05-25 19:04:45,636 [ERROR] codebase_llm: Async fallback JSON parse failed: Expecting property name enclosed in double quotes: line 8 column 9 (char 599)
2025-05-25 19:04:47,060 [INFO] httpx: HTTP Request: POST https://api.openai.com/v1/chat/completions "HTTP/1.1 200 OK"
2025-05-25 19:04:49,521 [INFO] httpx: HTTP Request: POST https://api.openai.com/v1/chat/completions "HTTP/1.1 200 OK"
2025-05-25 19:04:51,749 [INFO] httpx: HTTP Request: POST https://api.openai.com/v1/chat/completions "HTTP/1.1 200 OK"
2025-05-25 19:04:51,801 [ERROR] codebase_llm: Async JsonOutputParser failed: Invalid json output: {
  "overview": "This code chunk represents the main application class for the Sakila Project. It uses Spring Boot to run the application.",
  "methods": [
    {
      "name": "main",
      "signature": "public static void main(String[] args)",
      "description": "The main method that serves as the entry point for the application. It runs the SakilaProjectApplication using Spring Boot.",
    }
  ],
  "complexity": "Simple",
  "notes": "This code follows the Spring Boot convention by annotating the class with @SpringBootApplication, which indicates that it is the main Spring Boot application class. The main method is the starting point of the application and is where the Spring Boot application is run."
}
For troubleshooting, visit: https://python.langchain.com/docs/troubleshooting/errors/OUTPUT_PARSING_FAILURE 
2025-05-25 19:04:51,801 [ERROR] codebase_llm: Async fallback JSON parse failed: Expecting property name enclosed in double quotes: line 8 column 5 (char 397)
2025-05-25 19:04:53,991 [INFO] httpx: HTTP Request: POST https://api.openai.com/v1/chat/completions "HTTP/1.1 200 OK"
2025-05-25 19:04:54,033 [ERROR] codebase_llm: Async JsonOutputParser failed: Invalid json output: {
    "overview": "The ActorController class is responsible for handling requests related to actors in the Sakila project. It interacts with ActorService and FilmService to retrieve and display actor information.",
    "methods": [
        {
            "name": "getActors",
            "signature": "public String getActors(ModelMap modelMap, @RequestParam(value = \"firstName\", defaultValue = \"ALL ACTORS\") String firstNameFilter, @RequestParam(value = \"lastName\", defaultValue = \"ALL ACTORS\") String lastNameFilter)",
            "description": "This method retrieves a list of actors based on the provided first name and last name filters. It then adds the list of actors to the modelMap and returns the view name for displaying actors.",
        }
    ],
    "complexity": "moderate",
    "notes": "The ActorController class follows the Spring MVC pattern by using annotations like @Controller and @GetMapping. It also utilizes dependency injection through @Autowired to inject instances of FilmService and ActorService. The getActors method handles different scenarios based on the provided filters to fetch the appropriate list of actors."
}
For troubleshooting, visit: https://python.langchain.com/docs/troubleshooting/errors/OUTPUT_PARSING_FAILURE 
2025-05-25 19:04:54,033 [ERROR] codebase_llm: Async fallback JSON parse failed: Expecting property name enclosed in double quotes: line 8 column 9 (char 758)
2025-05-25 19:04:56,387 [INFO] httpx: HTTP Request: POST https://api.openai.com/v1/chat/completions "HTTP/1.1 200 OK"
2025-05-25 19:04:59,459 [INFO] httpx: HTTP Request: POST https://api.openai.com/v1/chat/completions "HTTP/1.1 200 OK"
2025-05-25 19:04:59,538 [ERROR] codebase_llm: Async JsonOutputParser failed: Invalid json output: {
    "overview": "The CategoryController class is responsible for handling requests related to categories in a Sakila project. It interacts with FilmService and CategoryService to retrieve and display category information.",
    "methods": [
        {
            "name": "getCategories",
            "signature": "public String getCategories(ModelMap modelMap)",
            "description": "Retrieves all categories from the CategoryService and adds them to the modelMap for display on the categories page.",
        },
        {
            "name": "getCategoryDetails",
            "signature": "public String getCategoryDetails(ModelMap modelMap, @RequestParam(value = \"id\") Integer id)",
            "description": "Retrieves category details and associated films by category ID from CategoryService and FilmService respectively. Adds them to the modelMap for display on the category details page.",
        },
        {
            "name": "getCategoryById",
            "signature": "public Category getCategoryById(Integer id)",
            "description": "Retrieves a specific category by ID from the CategoryService.",
        }
    ],
    "complexity": "moderate",
    "notes": "The CategoryController follows the Spring MVC pattern with annotations for mapping requests to methods. It relies on dependency injection for FilmService and CategoryService instances. The code structure is clean and follows best practices for separation of concerns."
}
For troubleshooting, visit: https://python.langchain.com/docs/troubleshooting/errors/OUTPUT_PARSING_FAILURE 
2025-05-25 19:04:59,540 [ERROR] codebase_llm: Async fallback JSON parse failed: Expecting property name enclosed in double quotes: line 8 column 9 (char 519)
2025-05-25 19:05:01,921 [INFO] httpx: HTTP Request: POST https://api.openai.com/v1/chat/completions "HTTP/1.1 200 OK"
2025-05-25 19:05:02,014 [ERROR] codebase_llm: Async JsonOutputParser failed: Invalid json output: {
    "overview": "The CustomerController class is part of the Sakila project, which likely involves managing customers, rentals, inventory, and films. It serves as a controller for handling customer-related operations.",
    "methods": [
        {
            "name": "handleCustomerDetails",
            "signature": "public String handleCustomerDetails(@RequestParam int customerId, Model model)",
            "description": "Retrieves and displays details of a specific customer identified by the given customerId.",
        },
        {
            "name": "handleCustomerRentals",
            "signature": "public String handleCustomerRentals(@RequestParam int customerId, Model model)",
            "description": "Retrieves and displays rental history of a specific customer identified by the given customerId.",
        },
        {
            "name": "handleCustomerPayments",
            "signature": "public String handleCustomerPayments(@RequestParam int customerId, Model model)",
            "description": "Retrieves and displays payment history of a specific customer identified by the given customerId.",
        }
    ],
    "complexity": "moderate",
    "notes": "The controller relies on services like CustomerService, RentalService, InventoryService, and FilmService for business logic implementation. It follows the Spring MVC pattern with annotations like @Controller and @RequestMapping for request handling."
}
For troubleshooting, visit: https://python.langchain.com/docs/troubleshooting/errors/OUTPUT_PARSING_FAILURE 
2025-05-25 19:05:02,014 [ERROR] codebase_llm: Async fallback JSON parse failed: Expecting property name enclosed in double quotes: line 8 column 9 (char 529)
2025-05-25 19:05:04,727 [INFO] httpx: HTTP Request: POST https://api.openai.com/v1/chat/completions "HTTP/1.1 200 OK"
2025-05-25 19:05:04,814 [ERROR] codebase_llm: Async JsonOutputParser failed: Invalid json output: {
    "overview": "This code chunk contains two methods related to handling customer data. The 'currentUser' method retrieves the current user's information and their orders, while the 'getCustomers' method retrieves a list of customers based on filters.",
    "methods": [
        {
            "name": "currentUser",
            "signature": "public String currentUser(ModelMap modelMap, HttpServletRequest request)",
            "description": "Retrieves the current user's information, including orders, and adds them to the model map for rendering on the customer view.",
        },
        {
            "name": "getCustomers",
            "signature": "public String getCustomers(ModelMap modelMap, @RequestParam(value = \"firstName\", defaultValue = \"ALL CUSTOMERS\") String firstNameFilter, @RequestParam(value = \"lastName\", defaultValue = \"ALL CUSTOMERS\") String lastNameFilter)",
            "description": "Retrieves a list of customers based on optional first name and last name filters. The filtered customers are added to the model map for rendering on the customers view.",
        }
    ],
    "complexity": "Moderate",
    "notes": "The code follows a typical MVC pattern where data is retrieved from services and added to the model map for rendering. It handles different scenarios based on filter values to fetch the appropriate customer data. Potential issue: The 'currentUser' method assumes the user is authenticated and may need additional validation."
}
For troubleshooting, visit: https://python.langchain.com/docs/troubleshooting/errors/OUTPUT_PARSING_FAILURE 
2025-05-25 19:05:04,816 [ERROR] codebase_llm: Async fallback JSON parse failed: Expecting property name enclosed in double quotes: line 8 column 9 (char 585)
2025-05-25 19:05:07,282 [INFO] httpx: HTTP Request: POST https://api.openai.com/v1/chat/completions "HTTP/1.1 200 OK"
2025-05-25 19:05:07,346 [ERROR] codebase_llm: Async JsonOutputParser failed: Invalid json output: {
    "overview": "The code chunk includes methods for displaying customer information and rental history in an owner's dashboard.",
    "methods": [
        {
            "name": "showUsersRentalHistory",
            "signature": "public String showUsersRentalHistory(ModelMap modelMap, @PathVariable(name = \"id\") int id)",
            "description": "Retrieves a customer's rental history based on the provided customer ID. It fetches relevant rental, inventory, film, and order information and adds it to the model map for display.",
        }
    ],
    "complexity": "moderate",
    "notes": "The code follows a typical MVC pattern with model map usage for passing data to the view. It relies on several service classes for fetching customer, rental, inventory, film, and order information."
}
For troubleshooting, visit: https://python.langchain.com/docs/troubleshooting/errors/OUTPUT_PARSING_FAILURE 
2025-05-25 19:05:07,346 [ERROR] codebase_llm: Async fallback JSON parse failed: Expecting property name enclosed in double quotes: line 8 column 9 (char 547)
2025-05-25 19:05:09,667 [INFO] httpx: HTTP Request: POST https://api.openai.com/v1/chat/completions "HTTP/1.1 200 OK"
2025-05-25 19:05:12,518 [INFO] httpx: HTTP Request: POST https://api.openai.com/v1/chat/completions "HTTP/1.1 200 OK"
2025-05-25 19:05:12,615 [ERROR] codebase_llm: Async JsonOutputParser failed: Invalid json output: {
    "overview": "This code chunk defines two GET endpoints related to films. The first endpoint retrieves a list of films based on a filter criteria, while the second endpoint fetches details of a specific film by its ID.",
    "methods": [
        {
            "name": "getFilms",
            "signature": "public String getFilms(ModelMap modelMap, @RequestParam(value = \"title\", defaultValue = \"ALL FILMS\") String filter)",
            "description": "Retrieves a list of films based on the provided filter criteria. If the filter is 'ALL FILMS', all films are fetched; otherwise, films with a specific title are retrieved. The films are then added to the model map along with available and all films.",
        },
        {
            "name": "getFilmDetails",
            "signature": "public String getFilmDetails(ModelMap modelMap, @RequestParam(value = \"id\") Integer id)",
            "description": "Fetches details of a specific film identified by its ID. The film details are retrieved from the film service, and the availability of the film is checked. The availability status and film details are added to the model map.",
        }
    ],
    "complexity": "Moderate",
    "notes": "The code follows the Spring MVC pattern with annotations like @GetMapping and @RequestParam for mapping endpoints and handling request parameters. It interacts with a film service to retrieve film data and populate the model map for rendering views. The code could benefit from error handling mechanisms for cases where the requested film or filter criteria are not found."
}
For troubleshooting, visit: https://python.langchain.com/docs/troubleshooting/errors/OUTPUT_PARSING_FAILURE 
2025-05-25 19:05:12,617 [ERROR] codebase_llm: Async fallback JSON parse failed: Expecting property name enclosed in double quotes: line 8 column 9 (char 721)
2025-05-25 19:05:16,782 [INFO] httpx: HTTP Request: POST https://api.openai.com/v1/chat/completions "HTTP/1.1 200 OK"
2025-05-25 19:05:16,851 [ERROR] codebase_llm: Async JsonOutputParser failed: Invalid json output: {
    "overview": "This code chunk contains two methods related to film rental and film management. The first method handles renting a film by a customer, while the second method retrieves film details for an owner.",
    "methods": [
        {
            "name": "rentFilm",
            "signature": "public String rentFilm(ModelMap modelMap, Principal principal, @PathVariable(\"filmid\") int filmid)",
            "description": "Handles the process of renting a film by a customer. It retrieves the customer details, fetches all available inventory, finds the specified film, calculates the return date, and adds a rental entry. Finally, it updates the model map and redirects to the films page.",
        },
        {
            "name": "getFilmDetails",
            "signature": "public String getFilmDetails(ModelMap modelMap, @RequestParam(value = \"title\", defaultValue = \"ALL FILMS\") String filter)",
            "description": "Retrieves film details based on the specified filter (default is all films). It fetches the films accordingly, calculates the available film count for each film, and updates the model map with the necessary attributes before returning the manage-films page.",
        }
    ],
    "complexity": "moderate",
    "notes": "The code follows a controller pattern commonly used in Spring MVC applications. It interacts with various services like customerService, inventoryService, filmService, and rentalService to perform the necessary operations. The use of HashMap to store film counts adds a level of complexity to the code."
}
For troubleshooting, visit: https://python.langchain.com/docs/troubleshooting/errors/OUTPUT_PARSING_FAILURE 
2025-05-25 19:05:16,853 [ERROR] codebase_llm: Async fallback JSON parse failed: Expecting property name enclosed in double quotes: line 8 column 9 (char 711)
2025-05-25 19:05:18,693 [INFO] httpx: HTTP Request: POST https://api.openai.com/v1/chat/completions "HTTP/1.1 200 OK"
2025-05-25 19:05:18,742 [ERROR] codebase_llm: Async JsonOutputParser failed: Invalid json output: {
    "overview": "This code chunk defines a controller class with methods for showing, editing, and deleting films. It interacts with a film service to perform these operations.",
    "methods": [
        {
            "name": "showEditProductPage",
            "signature": "public ModelAndView showEditProductPage(@PathVariable(name = \"id\") int id)",
            "description": "This method retrieves a film by its ID and prepares a ModelAndView to display the edit page for that film.",
        },
        {
            "name": "deleteProduct",
            "signature": "public String deleteProduct(@PathVariable(name = \"id\") int id)",
            "description": "This method deletes a film by its ID and redirects the user to the manage films page.",
        },
        {
            "name": "findFilmByID",
            "signature": "public Film findFilmByID(Integer id)",
            "description": "This method delegates the task of retrieving a film by its ID to the film service and returns the result.",
        }
    ],
    "complexity": "moderate",
    "notes": "The code follows the Spring MVC pattern with annotations like @RequestMapping and @PathVariable. It relies on a filmService for data access operations, which suggests a layered architecture."
}
For troubleshooting, visit: https://python.langchain.com/docs/troubleshooting/errors/OUTPUT_PARSING_FAILURE 
2025-05-25 19:05:18,742 [ERROR] codebase_llm: Async fallback JSON parse failed: Expecting property name enclosed in double quotes: line 8 column 9 (char 501)
2025-05-25 19:05:21,887 [INFO] httpx: HTTP Request: POST https://api.openai.com/v1/chat/completions "HTTP/1.1 200 OK"
2025-05-25 19:05:21,926 [ERROR] codebase_llm: Async JsonOutputParser failed: Invalid json output: {
  "overview": "This code chunk defines a controller class for handling requests related to the main functionality of a Sakila project. It uses Spring MVC annotations for request mapping.",
  "methods": [
    {
      "name": "home",
      "signature": "public String home()",
      "description": "Handles requests to the root URL '/' and returns the view name 'home'.",
    },
    {
      "name": "login",
      "signature": "public String login()",
      "description": "Handles requests to the '/login' URL and returns the view name 'login'.",
    },
    {
      "name": "account",
      "signature": "public String account()",
      "description": "Handles requests to the '/account' URL and returns the view name 'account'.",
    }
  ],
  "complexity": "simple",
  "notes": "This controller class follows the Spring MVC pattern for request handling. It is straightforward and easy to understand, with each method corresponding to a specific URL mapping."
}
For troubleshooting, visit: https://python.langchain.com/docs/troubleshooting/errors/OUTPUT_PARSING_FAILURE 
2025-05-25 19:05:21,926 [ERROR] codebase_llm: Async fallback JSON parse failed: Expecting property name enclosed in double quotes: line 8 column 5 (char 376)
2025-05-25 19:05:23,506 [INFO] httpx: HTTP Request: POST https://api.openai.com/v1/chat/completions "HTTP/1.1 200 OK"
2025-05-25 19:05:23,582 [ERROR] codebase_llm: Async JsonOutputParser failed: Invalid json output: {
    "overview": "The StaffController class is responsible for handling requests related to staff members, customers, and inventory in the Sakila project. It retrieves staff information, customer count, and inventory count to display on the owner page.",
    "methods": [
        {
            "name": "currentUser",
            "signature": "public String currentUser(ModelMap modelMap, HttpServletRequest request)",
            "description": "Retrieves the current user's username from the request, fetches staff information, customer count, and inventory count using respective services, adds them to the model map, and returns the owner page.",
        }
    ],
    "complexity": "moderate",
    "notes": "The StaffController class follows the Spring MVC pattern with annotations like @Controller and @GetMapping for request mapping. It uses dependency injection with @Autowired to inject StaffService, CustomerService, and InventoryService instances. The currentUser method handles multiple service calls and model map updates, making it moderately complex."
}
For troubleshooting, visit: https://python.langchain.com/docs/troubleshooting/errors/OUTPUT_PARSING_FAILURE 
2025-05-25 19:05:23,583 [ERROR] codebase_llm: Async fallback JSON parse failed: Expecting property name enclosed in double quotes: line 8 column 9 (char 659)
2025-05-25 19:05:28,130 [INFO] httpx: HTTP Request: POST https://api.openai.com/v1/chat/completions "HTTP/1.1 200 OK"
2025-05-25 19:05:28,237 [ERROR] codebase_llm: Async JsonOutputParser failed: Invalid json output: {
    "overview": "The Actor class represents an entity in the Sakila project, storing information about actors in a film database.",
    "methods": [
        {
            "name": "getActorId",
            "signature": "public int getActorId()",
            "description": "Returns the actor's ID.",
        },
        {
            "name": "setActorId",
            "signature": "public void setActorId(int actorId)",
            "description": "Sets the actor's ID.",
        },
        {
            "name": "getFirstName",
            "signature": "public String getFirstName()",
            "description": "Returns the actor's first name.",
        },
        {
            "name": "setFirstName",
            "signature": "public void setFirstName(String firstName)",
            "description": "Sets the actor's first name.",
        },
        {
            "name": "getLastName",
            "signature": "public String getLastName()",
            "description": "Returns the actor's last name.",
        },
        {
            "name": "setLastName",
            "signature": "public void setLastName(String lastName)",
            "description": "Sets the actor's last name.",
        },
        {
            "name": "getLastUpdate",
            "signature": "public Timestamp getLastUpdate()",
            "description": "Returns the timestamp of the last update for the actor.",
        },
        {
            "name": "setLastUpdate",
            "signature": "public void setLastUpdate(Timestamp lastUpdate)",
            "description": "Sets the timestamp of the last update for the actor.",
        },
        {
            "name": "equals",
            "signature": "public boolean equals(Object o)",
            "description": "Compares this actor with another object for equality based on ID, first name, last name, and last update timestamp.",
        },
        {
            "name": "hashCode",
            "signature": "public int hashCode()",
            "description": "Generates a hash code for the actor based on ID, first name, last name, and last update timestamp.",
        }
    ],
    "complexity": "Simple",
    "notes": "This class uses JPA annotations for mapping to a database table. It follows the JavaBean convention with getter and setter methods for its properties."
}
For troubleshooting, visit: https://python.langchain.com/docs/troubleshooting/errors/OUTPUT_PARSING_FAILURE 
2025-05-25 19:05:28,237 [ERROR] codebase_llm: Async fallback JSON parse failed: Expecting property name enclosed in double quotes: line 8 column 9 (char 309)
2025-05-25 19:05:31,069 [INFO] httpx: HTTP Request: POST https://api.openai.com/v1/chat/completions "HTTP/1.1 200 OK"
2025-05-25 19:05:34,808 [INFO] httpx: HTTP Request: POST https://api.openai.com/v1/chat/completions "HTTP/1.1 200 OK"
2025-05-25 19:12:03,719 [INFO] codebase_llm: Repository already exists at ./repos/SakilaProject.
2025-05-25 19:12:11,762 [INFO] httpx: HTTP Request: POST https://api.openai.com/v1/embeddings "HTTP/1.1 200 OK"
2025-05-25 19:12:12,859 [INFO] faiss.loader: Loading faiss with AVX2 support.
2025-05-25 19:12:12,883 [INFO] faiss.loader: Successfully loaded faiss with AVX2 support.
2025-05-25 19:12:12,893 [INFO] faiss: Failed to load GPU Faiss: name 'GpuIndexIVFFlat' is not defined. Will not load constructor refs for GPU indexes. This is only an error if you're trying to use GPU Faiss.
2025-05-25 19:12:14,716 [INFO] httpx: HTTP Request: POST https://api.openai.com/v1/chat/completions "HTTP/1.1 200 OK"
2025-05-25 19:12:14,744 [WARNING] codebase_llm: Failed to process README.md: 'AIMessage' object has no attribute 'strip'
2025-05-25 19:12:17,033 [INFO] httpx: HTTP Request: POST https://api.openai.com/v1/chat/completions "HTTP/1.1 200 OK"
2025-05-25 19:12:17,069 [ERROR] codebase_llm: Async JsonOutputParser or LLM error: Invalid json output: {
    "overview": "The MavenWrapperDownloader class is responsible for downloading the Maven wrapper JAR file. It handles the logic of fetching the wrapper JAR from a specified URL or a default URL if not provided.",
    "methods": [
        {
            "name": "main",
            "signature": "public static void main(String args[])",
            "description": "The main method of the MavenWrapperDownloader class. It initiates the download process by taking the base directory as an argument and printing out the base directory path.",
        }
    ],
    "complexity": "Simple",
    "notes": "The class contains constants for wrapper version, default download URL, properties file path, and wrapper JAR path. It also defines a property name for overriding the default download URL."
}
For troubleshooting, visit: https://python.langchain.com/docs/troubleshooting/errors/OUTPUT_PARSING_FAILURE 
2025-05-25 19:12:17,070 [ERROR] codebase_llm: Async LLM analysis failed for file=./repos/SakilaProject\.mvn\wrapper\MavenWrapperDownloader.java chunk_index=0
Traceback (most recent call last):
  File "C:\CodebaseLLM\codeenv\Lib\site-packages\langchain_core\output_parsers\json.py", line 88, in parse_result
    return parse_json_markdown(text)
           ^^^^^^^^^^^^^^^^^^^^^^^^^
  File "C:\CodebaseLLM\codeenv\Lib\site-packages\langchain_core\utils\json.py", line 150, in parse_json_markdown
    return _parse_json(json_str, parser=parser)
           ^^^^^^^^^^^^^^^^^^^^^^^^^^^^^^^^^^^^
  File "C:\CodebaseLLM\codeenv\Lib\site-packages\langchain_core\utils\json.py", line 166, in _parse_json
    return parser(json_str)
           ^^^^^^^^^^^^^^^^
  File "C:\CodebaseLLM\codeenv\Lib\site-packages\langchain_core\utils\json.py", line 123, in parse_partial_json
    return json.loads(s, strict=strict)
           ^^^^^^^^^^^^^^^^^^^^^^^^^^^^
  File "C:\Users\Y520\AppData\Local\Programs\Python\Python312\Lib\json\__init__.py", line 359, in loads
    return cls(**kw).decode(s)
           ^^^^^^^^^^^^^^^^^^^
  File "C:\Users\Y520\AppData\Local\Programs\Python\Python312\Lib\json\decoder.py", line 337, in decode
    obj, end = self.raw_decode(s, idx=_w(s, 0).end())
               ^^^^^^^^^^^^^^^^^^^^^^^^^^^^^^^^^^^^^^
  File "C:\Users\Y520\AppData\Local\Programs\Python\Python312\Lib\json\decoder.py", line 353, in raw_decode
    obj, end = self.scan_once(s, idx)
               ^^^^^^^^^^^^^^^^^^^^^^
json.decoder.JSONDecodeError: Expecting property name enclosed in double quotes: line 8 column 9 (char 550)

The above exception was the direct cause of the following exception:

Traceback (most recent call last):
  File "C:\CodebaseLLM\analyzer\knowledge_extractor.py", line 150, in process_chunk_with_limit
    result = await self.llm_integration.analyze_code_chunk_async(chunk_info['chunk'])
             ^^^^^^^^^^^^^^^^^^^^^^^^^^^^^^^^^^^^^^^^^^^^^^^^^^^^^^^^^^^^^^^^^^^^^^^^
  File "C:\CodebaseLLM\analyzer\llm_integration.py", line 104, in analyze_code_chunk_async
    return parser.invoke(response.content if hasattr(response, 'content') else response)
           ^^^^^^^^^^^^^^^^^^^^^^^^^^^^^^^^^^^^^^^^^^^^^^^^^^^^^^^^^^^^^^^^^^^^^^^^^^^^^
  File "C:\CodebaseLLM\codeenv\Lib\site-packages\langchain_core\output_parsers\base.py", line 204, in invoke
    return self._call_with_config(
           ^^^^^^^^^^^^^^^^^^^^^^^
  File "C:\CodebaseLLM\codeenv\Lib\site-packages\langchain_core\runnables\base.py", line 1940, in _call_with_config
    context.run(
  File "C:\CodebaseLLM\codeenv\Lib\site-packages\langchain_core\runnables\config.py", line 428, in call_func_with_variable_args
    return func(input, **kwargs)  # type: ignore[call-arg]
           ^^^^^^^^^^^^^^^^^^^^^
  File "C:\CodebaseLLM\codeenv\Lib\site-packages\langchain_core\output_parsers\base.py", line 205, in <lambda>
    lambda inner_input: self.parse_result([Generation(text=inner_input)]),
                        ^^^^^^^^^^^^^^^^^^^^^^^^^^^^^^^^^^^^^^^^^^^^^^^^^
  File "C:\CodebaseLLM\codeenv\Lib\site-packages\langchain_core\output_parsers\json.py", line 91, in parse_result
    raise OutputParserException(msg, llm_output=text) from e
langchain_core.exceptions.OutputParserException: Invalid json output: {
    "overview": "The MavenWrapperDownloader class is responsible for downloading the Maven wrapper JAR file. It handles the logic of fetching the wrapper JAR from a specified URL or a default URL if not provided.",
    "methods": [
        {
            "name": "main",
            "signature": "public static void main(String args[])",
            "description": "The main method of the MavenWrapperDownloader class. It initiates the download process by taking the base directory as an argument and printing out the base directory path.",
        }
    ],
    "complexity": "Simple",
    "notes": "The class contains constants for wrapper version, default download URL, properties file path, and wrapper JAR path. It also defines a property name for overriding the default download URL."
}
For troubleshooting, visit: https://python.langchain.com/docs/troubleshooting/errors/OUTPUT_PARSING_FAILURE 
2025-05-25 19:12:19,479 [INFO] httpx: HTTP Request: POST https://api.openai.com/v1/chat/completions "HTTP/1.1 200 OK"
2025-05-25 19:12:21,487 [INFO] httpx: HTTP Request: POST https://api.openai.com/v1/chat/completions "HTTP/1.1 200 OK"
2025-05-25 19:12:22,901 [INFO] httpx: HTTP Request: POST https://api.openai.com/v1/chat/completions "HTTP/1.1 200 OK"
2025-05-25 19:12:22,945 [ERROR] codebase_llm: Async JsonOutputParser or LLM error: Invalid json output: {
  "overview": "This code chunk represents the main entry point for the Sakila Project application, utilizing the Spring Boot framework for application setup and configuration.",
  "methods": [
    {
      "name": "main",
      "signature": "public static void main(String[] args)",
      "description": "The main method that serves as the entry point for the application. It initializes and runs the Spring Boot application using the SpringApplication.run method.",
    }
  ],
  "complexity": "Simple",
  "notes": "The use of the @SpringBootApplication annotation indicates that this class is the primary configuration class for the Spring Boot application. The SpringApplication.run method is a standard way to bootstrap a Spring application."
}
For troubleshooting, visit: https://python.langchain.com/docs/troubleshooting/errors/OUTPUT_PARSING_FAILURE 
2025-05-25 19:12:22,947 [ERROR] codebase_llm: Async LLM analysis failed for file=./repos/SakilaProject\src\main\java\com\sparta\engineering72\sakilaproject\SakilaProjectApplication.java chunk_index=3
Traceback (most recent call last):
  File "C:\CodebaseLLM\codeenv\Lib\site-packages\langchain_core\output_parsers\json.py", line 88, in parse_result
    return parse_json_markdown(text)
           ^^^^^^^^^^^^^^^^^^^^^^^^^
  File "C:\CodebaseLLM\codeenv\Lib\site-packages\langchain_core\utils\json.py", line 150, in parse_json_markdown
    return _parse_json(json_str, parser=parser)
           ^^^^^^^^^^^^^^^^^^^^^^^^^^^^^^^^^^^^
  File "C:\CodebaseLLM\codeenv\Lib\site-packages\langchain_core\utils\json.py", line 166, in _parse_json
    return parser(json_str)
           ^^^^^^^^^^^^^^^^
  File "C:\CodebaseLLM\codeenv\Lib\site-packages\langchain_core\utils\json.py", line 123, in parse_partial_json
    return json.loads(s, strict=strict)
           ^^^^^^^^^^^^^^^^^^^^^^^^^^^^
  File "C:\Users\Y520\AppData\Local\Programs\Python\Python312\Lib\json\__init__.py", line 359, in loads
    return cls(**kw).decode(s)
           ^^^^^^^^^^^^^^^^^^^
  File "C:\Users\Y520\AppData\Local\Programs\Python\Python312\Lib\json\decoder.py", line 337, in decode
    obj, end = self.raw_decode(s, idx=_w(s, 0).end())
               ^^^^^^^^^^^^^^^^^^^^^^^^^^^^^^^^^^^^^^
  File "C:\Users\Y520\AppData\Local\Programs\Python\Python312\Lib\json\decoder.py", line 353, in raw_decode
    obj, end = self.scan_once(s, idx)
               ^^^^^^^^^^^^^^^^^^^^^^
json.decoder.JSONDecodeError: Expecting property name enclosed in double quotes: line 8 column 5 (char 472)

The above exception was the direct cause of the following exception:

Traceback (most recent call last):
  File "C:\CodebaseLLM\analyzer\knowledge_extractor.py", line 150, in process_chunk_with_limit
    result = await self.llm_integration.analyze_code_chunk_async(chunk_info['chunk'])
             ^^^^^^^^^^^^^^^^^^^^^^^^^^^^^^^^^^^^^^^^^^^^^^^^^^^^^^^^^^^^^^^^^^^^^^^^
  File "C:\CodebaseLLM\analyzer\llm_integration.py", line 104, in analyze_code_chunk_async
    return parser.invoke(response.content if hasattr(response, 'content') else response)
           ^^^^^^^^^^^^^^^^^^^^^^^^^^^^^^^^^^^^^^^^^^^^^^^^^^^^^^^^^^^^^^^^^^^^^^^^^^^^^
  File "C:\CodebaseLLM\codeenv\Lib\site-packages\langchain_core\output_parsers\base.py", line 204, in invoke
    return self._call_with_config(
           ^^^^^^^^^^^^^^^^^^^^^^^
  File "C:\CodebaseLLM\codeenv\Lib\site-packages\langchain_core\runnables\base.py", line 1940, in _call_with_config
    context.run(
  File "C:\CodebaseLLM\codeenv\Lib\site-packages\langchain_core\runnables\config.py", line 428, in call_func_with_variable_args
    return func(input, **kwargs)  # type: ignore[call-arg]
           ^^^^^^^^^^^^^^^^^^^^^
  File "C:\CodebaseLLM\codeenv\Lib\site-packages\langchain_core\output_parsers\base.py", line 205, in <lambda>
    lambda inner_input: self.parse_result([Generation(text=inner_input)]),
                        ^^^^^^^^^^^^^^^^^^^^^^^^^^^^^^^^^^^^^^^^^^^^^^^^^
  File "C:\CodebaseLLM\codeenv\Lib\site-packages\langchain_core\output_parsers\json.py", line 91, in parse_result
    raise OutputParserException(msg, llm_output=text) from e
langchain_core.exceptions.OutputParserException: Invalid json output: {
  "overview": "This code chunk represents the main entry point for the Sakila Project application, utilizing the Spring Boot framework for application setup and configuration.",
  "methods": [
    {
      "name": "main",
      "signature": "public static void main(String[] args)",
      "description": "The main method that serves as the entry point for the application. It initializes and runs the Spring Boot application using the SpringApplication.run method.",
    }
  ],
  "complexity": "Simple",
  "notes": "The use of the @SpringBootApplication annotation indicates that this class is the primary configuration class for the Spring Boot application. The SpringApplication.run method is a standard way to bootstrap a Spring application."
}
For troubleshooting, visit: https://python.langchain.com/docs/troubleshooting/errors/OUTPUT_PARSING_FAILURE 
2025-05-25 19:12:24,493 [INFO] httpx: HTTP Request: POST https://api.openai.com/v1/chat/completions "HTTP/1.1 200 OK"
2025-05-25 19:12:26,581 [INFO] httpx: HTTP Request: POST https://api.openai.com/v1/chat/completions "HTTP/1.1 200 OK"
2025-05-25 19:12:28,776 [INFO] httpx: HTTP Request: POST https://api.openai.com/v1/chat/completions "HTTP/1.1 200 OK"
2025-05-25 19:12:28,853 [ERROR] codebase_llm: Async JsonOutputParser or LLM error: Invalid json output: {
    "overview": "The CategoryController class is responsible for handling requests related to categories in a Sakila project. It interacts with FilmService and CategoryService to retrieve and display category information.",
    "methods": [
        {
            "name": "getCategories",
            "signature": "public String getCategories(ModelMap modelMap)",
            "description": "Retrieves all categories from the CategoryService and adds them to the model map for rendering on the categories view.",
        },
        {
            "name": "getCategoryDetails",
            "signature": "public String getCategoryDetails(ModelMap modelMap, @RequestParam(value = \"id\") Integer id)",
            "description": "Retrieves category details and associated films by category ID from CategoryService and FilmService respectively. Adds them to the model map for rendering on the category details view.",
        },
        {
            "name": "getCategoryById",
            "signature": "public Category getCategoryById(Integer id)",
            "description": "Retrieves a specific category by ID from the CategoryService.",
        }
    ],
    "complexity": "Moderate",
    "notes": "The CategoryController follows the Spring MVC pattern with annotations for mapping requests to methods. It relies on dependency injection for FilmService and CategoryService instances. The controller handles basic CRUD operations related to categories."
}
For troubleshooting, visit: https://python.langchain.com/docs/troubleshooting/errors/OUTPUT_PARSING_FAILURE 
2025-05-25 19:12:28,855 [ERROR] codebase_llm: Async LLM analysis failed for file=./repos/SakilaProject\src\main\java\com\sparta\engineering72\sakilaproject\controller\CategoryController.java chunk_index=6
Traceback (most recent call last):
  File "C:\CodebaseLLM\codeenv\Lib\site-packages\langchain_core\output_parsers\json.py", line 88, in parse_result
    return parse_json_markdown(text)
           ^^^^^^^^^^^^^^^^^^^^^^^^^
  File "C:\CodebaseLLM\codeenv\Lib\site-packages\langchain_core\utils\json.py", line 150, in parse_json_markdown
    return _parse_json(json_str, parser=parser)
           ^^^^^^^^^^^^^^^^^^^^^^^^^^^^^^^^^^^^
  File "C:\CodebaseLLM\codeenv\Lib\site-packages\langchain_core\utils\json.py", line 166, in _parse_json
    return parser(json_str)
           ^^^^^^^^^^^^^^^^
  File "C:\CodebaseLLM\codeenv\Lib\site-packages\langchain_core\utils\json.py", line 123, in parse_partial_json
    return json.loads(s, strict=strict)
           ^^^^^^^^^^^^^^^^^^^^^^^^^^^^
  File "C:\Users\Y520\AppData\Local\Programs\Python\Python312\Lib\json\__init__.py", line 359, in loads
    return cls(**kw).decode(s)
           ^^^^^^^^^^^^^^^^^^^
  File "C:\Users\Y520\AppData\Local\Programs\Python\Python312\Lib\json\decoder.py", line 337, in decode
    obj, end = self.raw_decode(s, idx=_w(s, 0).end())
               ^^^^^^^^^^^^^^^^^^^^^^^^^^^^^^^^^^^^^^
  File "C:\Users\Y520\AppData\Local\Programs\Python\Python312\Lib\json\decoder.py", line 353, in raw_decode
    obj, end = self.scan_once(s, idx)
               ^^^^^^^^^^^^^^^^^^^^^^
json.decoder.JSONDecodeError: Expecting property name enclosed in double quotes: line 8 column 9 (char 522)

The above exception was the direct cause of the following exception:

Traceback (most recent call last):
  File "C:\CodebaseLLM\analyzer\knowledge_extractor.py", line 150, in process_chunk_with_limit
    result = await self.llm_integration.analyze_code_chunk_async(chunk_info['chunk'])
             ^^^^^^^^^^^^^^^^^^^^^^^^^^^^^^^^^^^^^^^^^^^^^^^^^^^^^^^^^^^^^^^^^^^^^^^^
  File "C:\CodebaseLLM\analyzer\llm_integration.py", line 104, in analyze_code_chunk_async
    return parser.invoke(response.content if hasattr(response, 'content') else response)
           ^^^^^^^^^^^^^^^^^^^^^^^^^^^^^^^^^^^^^^^^^^^^^^^^^^^^^^^^^^^^^^^^^^^^^^^^^^^^^
  File "C:\CodebaseLLM\codeenv\Lib\site-packages\langchain_core\output_parsers\base.py", line 204, in invoke
    return self._call_with_config(
           ^^^^^^^^^^^^^^^^^^^^^^^
  File "C:\CodebaseLLM\codeenv\Lib\site-packages\langchain_core\runnables\base.py", line 1940, in _call_with_config
    context.run(
  File "C:\CodebaseLLM\codeenv\Lib\site-packages\langchain_core\runnables\config.py", line 428, in call_func_with_variable_args
    return func(input, **kwargs)  # type: ignore[call-arg]
           ^^^^^^^^^^^^^^^^^^^^^
  File "C:\CodebaseLLM\codeenv\Lib\site-packages\langchain_core\output_parsers\base.py", line 205, in <lambda>
    lambda inner_input: self.parse_result([Generation(text=inner_input)]),
                        ^^^^^^^^^^^^^^^^^^^^^^^^^^^^^^^^^^^^^^^^^^^^^^^^^
  File "C:\CodebaseLLM\codeenv\Lib\site-packages\langchain_core\output_parsers\json.py", line 91, in parse_result
    raise OutputParserException(msg, llm_output=text) from e
langchain_core.exceptions.OutputParserException: Invalid json output: {
    "overview": "The CategoryController class is responsible for handling requests related to categories in a Sakila project. It interacts with FilmService and CategoryService to retrieve and display category information.",
    "methods": [
        {
            "name": "getCategories",
            "signature": "public String getCategories(ModelMap modelMap)",
            "description": "Retrieves all categories from the CategoryService and adds them to the model map for rendering on the categories view.",
        },
        {
            "name": "getCategoryDetails",
            "signature": "public String getCategoryDetails(ModelMap modelMap, @RequestParam(value = \"id\") Integer id)",
            "description": "Retrieves category details and associated films by category ID from CategoryService and FilmService respectively. Adds them to the model map for rendering on the category details view.",
        },
        {
            "name": "getCategoryById",
            "signature": "public Category getCategoryById(Integer id)",
            "description": "Retrieves a specific category by ID from the CategoryService.",
        }
    ],
    "complexity": "Moderate",
    "notes": "The CategoryController follows the Spring MVC pattern with annotations for mapping requests to methods. It relies on dependency injection for FilmService and CategoryService instances. The controller handles basic CRUD operations related to categories."
}
For troubleshooting, visit: https://python.langchain.com/docs/troubleshooting/errors/OUTPUT_PARSING_FAILURE 
2025-05-25 19:12:31,203 [INFO] httpx: HTTP Request: POST https://api.openai.com/v1/chat/completions "HTTP/1.1 200 OK"
2025-05-25 19:12:31,249 [ERROR] codebase_llm: Async JsonOutputParser or LLM error: Invalid json output: {
    "overview": "The CustomerController class is responsible for handling requests related to customers, rentals, inventory, and films in the Sakila project.",
    "methods": [
        {
            "name": "showCustomerDetails",
            "signature": "public String showCustomerDetails(@RequestParam int customerId, Model model)",
            "description": "Displays the details of a specific customer identified by the customerId parameter.",
        },
        {
            "name": "rentFilm",
            "signature": "public String rentFilm(@RequestParam int customerId, @RequestParam int filmId, HttpServletRequest request)",
            "description": "Handles the process of renting a film by a customer with the specified customerId and filmId.",
        },
        {
            "name": "returnFilm",
            "signature": "public String returnFilm(@RequestParam int rentalId, HttpServletRequest request)",
            "description": "Manages the return process of a rented film identified by the rentalId parameter.",
        }
    ],
    "complexity": "moderate",
    "notes": "The controller relies on services like CustomerService, RentalService, InventoryService, and FilmService to interact with the database and perform business logic. It follows the Spring MVC pattern with annotations like @Controller and @RequestMapping for request mapping."
}
For troubleshooting, visit: https://python.langchain.com/docs/troubleshooting/errors/OUTPUT_PARSING_FAILURE 
2025-05-25 19:12:31,252 [ERROR] codebase_llm: Async LLM analysis failed for file=./repos/SakilaProject\src\main\java\com\sparta\engineering72\sakilaproject\controller\CustomerController.java chunk_index=7
Traceback (most recent call last):
  File "C:\CodebaseLLM\codeenv\Lib\site-packages\langchain_core\output_parsers\json.py", line 88, in parse_result
    return parse_json_markdown(text)
           ^^^^^^^^^^^^^^^^^^^^^^^^^
  File "C:\CodebaseLLM\codeenv\Lib\site-packages\langchain_core\utils\json.py", line 150, in parse_json_markdown
    return _parse_json(json_str, parser=parser)
           ^^^^^^^^^^^^^^^^^^^^^^^^^^^^^^^^^^^^
  File "C:\CodebaseLLM\codeenv\Lib\site-packages\langchain_core\utils\json.py", line 166, in _parse_json
    return parser(json_str)
           ^^^^^^^^^^^^^^^^
  File "C:\CodebaseLLM\codeenv\Lib\site-packages\langchain_core\utils\json.py", line 123, in parse_partial_json
    return json.loads(s, strict=strict)
           ^^^^^^^^^^^^^^^^^^^^^^^^^^^^
  File "C:\Users\Y520\AppData\Local\Programs\Python\Python312\Lib\json\__init__.py", line 359, in loads
    return cls(**kw).decode(s)
           ^^^^^^^^^^^^^^^^^^^
  File "C:\Users\Y520\AppData\Local\Programs\Python\Python312\Lib\json\decoder.py", line 337, in decode
    obj, end = self.raw_decode(s, idx=_w(s, 0).end())
               ^^^^^^^^^^^^^^^^^^^^^^^^^^^^^^^^^^^^^^
  File "C:\Users\Y520\AppData\Local\Programs\Python\Python312\Lib\json\decoder.py", line 353, in raw_decode
    obj, end = self.scan_once(s, idx)
               ^^^^^^^^^^^^^^^^^^^^^^
json.decoder.JSONDecodeError: Expecting property name enclosed in double quotes: line 8 column 9 (char 459)

The above exception was the direct cause of the following exception:

Traceback (most recent call last):
  File "C:\CodebaseLLM\analyzer\knowledge_extractor.py", line 150, in process_chunk_with_limit
    result = await self.llm_integration.analyze_code_chunk_async(chunk_info['chunk'])
             ^^^^^^^^^^^^^^^^^^^^^^^^^^^^^^^^^^^^^^^^^^^^^^^^^^^^^^^^^^^^^^^^^^^^^^^^
  File "C:\CodebaseLLM\analyzer\llm_integration.py", line 104, in analyze_code_chunk_async
    return parser.invoke(response.content if hasattr(response, 'content') else response)
           ^^^^^^^^^^^^^^^^^^^^^^^^^^^^^^^^^^^^^^^^^^^^^^^^^^^^^^^^^^^^^^^^^^^^^^^^^^^^^
  File "C:\CodebaseLLM\codeenv\Lib\site-packages\langchain_core\output_parsers\base.py", line 204, in invoke
    return self._call_with_config(
           ^^^^^^^^^^^^^^^^^^^^^^^
  File "C:\CodebaseLLM\codeenv\Lib\site-packages\langchain_core\runnables\base.py", line 1940, in _call_with_config
    context.run(
  File "C:\CodebaseLLM\codeenv\Lib\site-packages\langchain_core\runnables\config.py", line 428, in call_func_with_variable_args
    return func(input, **kwargs)  # type: ignore[call-arg]
           ^^^^^^^^^^^^^^^^^^^^^
  File "C:\CodebaseLLM\codeenv\Lib\site-packages\langchain_core\output_parsers\base.py", line 205, in <lambda>
    lambda inner_input: self.parse_result([Generation(text=inner_input)]),
                        ^^^^^^^^^^^^^^^^^^^^^^^^^^^^^^^^^^^^^^^^^^^^^^^^^
  File "C:\CodebaseLLM\codeenv\Lib\site-packages\langchain_core\output_parsers\json.py", line 91, in parse_result
    raise OutputParserException(msg, llm_output=text) from e
langchain_core.exceptions.OutputParserException: Invalid json output: {
    "overview": "The CustomerController class is responsible for handling requests related to customers, rentals, inventory, and films in the Sakila project.",
    "methods": [
        {
            "name": "showCustomerDetails",
            "signature": "public String showCustomerDetails(@RequestParam int customerId, Model model)",
            "description": "Displays the details of a specific customer identified by the customerId parameter.",
        },
        {
            "name": "rentFilm",
            "signature": "public String rentFilm(@RequestParam int customerId, @RequestParam int filmId, HttpServletRequest request)",
            "description": "Handles the process of renting a film by a customer with the specified customerId and filmId.",
        },
        {
            "name": "returnFilm",
            "signature": "public String returnFilm(@RequestParam int rentalId, HttpServletRequest request)",
            "description": "Manages the return process of a rented film identified by the rentalId parameter.",
        }
    ],
    "complexity": "moderate",
    "notes": "The controller relies on services like CustomerService, RentalService, InventoryService, and FilmService to interact with the database and perform business logic. It follows the Spring MVC pattern with annotations like @Controller and @RequestMapping for request mapping."
}
For troubleshooting, visit: https://python.langchain.com/docs/troubleshooting/errors/OUTPUT_PARSING_FAILURE 
2025-05-25 19:12:33,671 [INFO] httpx: HTTP Request: POST https://api.openai.com/v1/chat/completions "HTTP/1.1 200 OK"
2025-05-25 19:12:35,896 [INFO] httpx: HTTP Request: POST https://api.openai.com/v1/chat/completions "HTTP/1.1 200 OK"
2025-05-25 19:12:35,965 [ERROR] codebase_llm: Async JsonOutputParser or LLM error: Invalid json output: {
    "overview": "This code chunk contains two methods related to handling customer data in an owner's context. The first method adds customer data to the model and returns a view for displaying customers. The second method retrieves a customer's rental history, creates order objects, and adds them to the model for displaying customer details.",
    "methods": [
        {
            "name": "addCustomersToModel",
            "signature": "void addCustomersToModel(ModelMap modelMap, List<Customer> customers)",
            "description": "Adds a list of customers to the model for display in the view.",
        },
        {
            "name": "showUsersRentalHistory",
            "signature": "String showUsersRentalHistory(ModelMap modelMap, int id)",
            "description": "Retrieves a customer's rental history, creates order objects for each rental, and adds them to the model along with the customer data for display in the customer details view.",
        }
    ],
    "complexity": "moderate",
    "notes": "The code follows a typical MVC pattern where data is retrieved from services, processed, and added to the model for rendering in views. It makes use of path variables and service methods to fetch and display customer data efficiently. Potential issues may arise if the services return null values, which are not handled explicitly in the code."
}
For troubleshooting, visit: https://python.langchain.com/docs/troubleshooting/errors/OUTPUT_PARSING_FAILURE 
2025-05-25 19:12:35,967 [ERROR] codebase_llm: Async LLM analysis failed for file=./repos/SakilaProject\src\main\java\com\sparta\engineering72\sakilaproject\controller\CustomerController.java chunk_index=9
Traceback (most recent call last):
  File "C:\CodebaseLLM\codeenv\Lib\site-packages\langchain_core\output_parsers\json.py", line 88, in parse_result
    return parse_json_markdown(text)
           ^^^^^^^^^^^^^^^^^^^^^^^^^
  File "C:\CodebaseLLM\codeenv\Lib\site-packages\langchain_core\utils\json.py", line 150, in parse_json_markdown
    return _parse_json(json_str, parser=parser)
           ^^^^^^^^^^^^^^^^^^^^^^^^^^^^^^^^^^^^
  File "C:\CodebaseLLM\codeenv\Lib\site-packages\langchain_core\utils\json.py", line 166, in _parse_json
    return parser(json_str)
           ^^^^^^^^^^^^^^^^
  File "C:\CodebaseLLM\codeenv\Lib\site-packages\langchain_core\utils\json.py", line 123, in parse_partial_json
    return json.loads(s, strict=strict)
           ^^^^^^^^^^^^^^^^^^^^^^^^^^^^
  File "C:\Users\Y520\AppData\Local\Programs\Python\Python312\Lib\json\__init__.py", line 359, in loads
    return cls(**kw).decode(s)
           ^^^^^^^^^^^^^^^^^^^
  File "C:\Users\Y520\AppData\Local\Programs\Python\Python312\Lib\json\decoder.py", line 337, in decode
    obj, end = self.raw_decode(s, idx=_w(s, 0).end())
               ^^^^^^^^^^^^^^^^^^^^^^^^^^^^^^^^^^^^^^
  File "C:\Users\Y520\AppData\Local\Programs\Python\Python312\Lib\json\decoder.py", line 353, in raw_decode
    obj, end = self.scan_once(s, idx)
               ^^^^^^^^^^^^^^^^^^^^^^
json.decoder.JSONDecodeError: Expecting property name enclosed in double quotes: line 8 column 9 (char 618)

The above exception was the direct cause of the following exception:

Traceback (most recent call last):
  File "C:\CodebaseLLM\analyzer\knowledge_extractor.py", line 150, in process_chunk_with_limit
    result = await self.llm_integration.analyze_code_chunk_async(chunk_info['chunk'])
             ^^^^^^^^^^^^^^^^^^^^^^^^^^^^^^^^^^^^^^^^^^^^^^^^^^^^^^^^^^^^^^^^^^^^^^^^
  File "C:\CodebaseLLM\analyzer\llm_integration.py", line 104, in analyze_code_chunk_async
    return parser.invoke(response.content if hasattr(response, 'content') else response)
           ^^^^^^^^^^^^^^^^^^^^^^^^^^^^^^^^^^^^^^^^^^^^^^^^^^^^^^^^^^^^^^^^^^^^^^^^^^^^^
  File "C:\CodebaseLLM\codeenv\Lib\site-packages\langchain_core\output_parsers\base.py", line 204, in invoke
    return self._call_with_config(
           ^^^^^^^^^^^^^^^^^^^^^^^
  File "C:\CodebaseLLM\codeenv\Lib\site-packages\langchain_core\runnables\base.py", line 1940, in _call_with_config
    context.run(
  File "C:\CodebaseLLM\codeenv\Lib\site-packages\langchain_core\runnables\config.py", line 428, in call_func_with_variable_args
    return func(input, **kwargs)  # type: ignore[call-arg]
           ^^^^^^^^^^^^^^^^^^^^^
  File "C:\CodebaseLLM\codeenv\Lib\site-packages\langchain_core\output_parsers\base.py", line 205, in <lambda>
    lambda inner_input: self.parse_result([Generation(text=inner_input)]),
                        ^^^^^^^^^^^^^^^^^^^^^^^^^^^^^^^^^^^^^^^^^^^^^^^^^
  File "C:\CodebaseLLM\codeenv\Lib\site-packages\langchain_core\output_parsers\json.py", line 91, in parse_result
    raise OutputParserException(msg, llm_output=text) from e
langchain_core.exceptions.OutputParserException: Invalid json output: {
    "overview": "This code chunk contains two methods related to handling customer data in an owner's context. The first method adds customer data to the model and returns a view for displaying customers. The second method retrieves a customer's rental history, creates order objects, and adds them to the model for displaying customer details.",
    "methods": [
        {
            "name": "addCustomersToModel",
            "signature": "void addCustomersToModel(ModelMap modelMap, List<Customer> customers)",
            "description": "Adds a list of customers to the model for display in the view.",
        },
        {
            "name": "showUsersRentalHistory",
            "signature": "String showUsersRentalHistory(ModelMap modelMap, int id)",
            "description": "Retrieves a customer's rental history, creates order objects for each rental, and adds them to the model along with the customer data for display in the customer details view.",
        }
    ],
    "complexity": "moderate",
    "notes": "The code follows a typical MVC pattern where data is retrieved from services, processed, and added to the model for rendering in views. It makes use of path variables and service methods to fetch and display customer data efficiently. Potential issues may arise if the services return null values, which are not handled explicitly in the code."
}
For troubleshooting, visit: https://python.langchain.com/docs/troubleshooting/errors/OUTPUT_PARSING_FAILURE 
2025-05-25 19:12:38,091 [INFO] httpx: HTTP Request: POST https://api.openai.com/v1/chat/completions "HTTP/1.1 200 OK"
2025-05-25 19:12:38,156 [ERROR] codebase_llm: Async JsonOutputParser or LLM error: Invalid json output: {
    "overview": "The FilmController class is responsible for handling requests related to films, inventories, rentals, and customers in the Sakila project. It interacts with corresponding services to perform CRUD operations on these entities.",
    "methods": [
        {
            "name": "showFilms",
            "signature": "public String showFilms(Model model)",
            "description": "Retrieves a list of films from the database and adds them to the model for rendering on the view.",
        },
        {
            "name": "rentFilm",
            "signature": "public String rentFilm(@RequestParam Long filmId, Principal principal)",
            "description": "Handles the process of renting a film by a customer. It associates the rental with the customer and updates the inventory accordingly.",
        },
        {
            "name": "returnFilm",
            "signature": "public String returnFilm(@RequestParam Long rentalId)",
            "description": "Manages the return of a rented film by updating the rental status and inventory availability.",
        }
    ],
    "complexity": "moderate",
    "notes": "The controller follows the MVC pattern by interacting with services to handle business logic. It uses Spring annotations for request mapping and dependency injection. The code structure suggests a well-organized separation of concerns."
}
For troubleshooting, visit: https://python.langchain.com/docs/troubleshooting/errors/OUTPUT_PARSING_FAILURE 
2025-05-25 19:12:38,158 [ERROR] codebase_llm: Async LLM analysis failed for file=./repos/SakilaProject\src\main\java\com\sparta\engineering72\sakilaproject\controller\FilmController.java chunk_index=10
Traceback (most recent call last):
  File "C:\CodebaseLLM\codeenv\Lib\site-packages\langchain_core\output_parsers\json.py", line 88, in parse_result
    return parse_json_markdown(text)
           ^^^^^^^^^^^^^^^^^^^^^^^^^
  File "C:\CodebaseLLM\codeenv\Lib\site-packages\langchain_core\utils\json.py", line 150, in parse_json_markdown
    return _parse_json(json_str, parser=parser)
           ^^^^^^^^^^^^^^^^^^^^^^^^^^^^^^^^^^^^
  File "C:\CodebaseLLM\codeenv\Lib\site-packages\langchain_core\utils\json.py", line 166, in _parse_json
    return parser(json_str)
           ^^^^^^^^^^^^^^^^
  File "C:\CodebaseLLM\codeenv\Lib\site-packages\langchain_core\utils\json.py", line 123, in parse_partial_json
    return json.loads(s, strict=strict)
           ^^^^^^^^^^^^^^^^^^^^^^^^^^^^
  File "C:\Users\Y520\AppData\Local\Programs\Python\Python312\Lib\json\__init__.py", line 359, in loads
    return cls(**kw).decode(s)
           ^^^^^^^^^^^^^^^^^^^
  File "C:\Users\Y520\AppData\Local\Programs\Python\Python312\Lib\json\decoder.py", line 337, in decode
    obj, end = self.raw_decode(s, idx=_w(s, 0).end())
               ^^^^^^^^^^^^^^^^^^^^^^^^^^^^^^^^^^^^^^
  File "C:\Users\Y520\AppData\Local\Programs\Python\Python312\Lib\json\decoder.py", line 353, in raw_decode
    obj, end = self.scan_once(s, idx)
               ^^^^^^^^^^^^^^^^^^^^^^
json.decoder.JSONDecodeError: Expecting property name enclosed in double quotes: line 8 column 9 (char 508)

The above exception was the direct cause of the following exception:

Traceback (most recent call last):
  File "C:\CodebaseLLM\analyzer\knowledge_extractor.py", line 150, in process_chunk_with_limit
    result = await self.llm_integration.analyze_code_chunk_async(chunk_info['chunk'])
             ^^^^^^^^^^^^^^^^^^^^^^^^^^^^^^^^^^^^^^^^^^^^^^^^^^^^^^^^^^^^^^^^^^^^^^^^
  File "C:\CodebaseLLM\analyzer\llm_integration.py", line 104, in analyze_code_chunk_async
    return parser.invoke(response.content if hasattr(response, 'content') else response)
           ^^^^^^^^^^^^^^^^^^^^^^^^^^^^^^^^^^^^^^^^^^^^^^^^^^^^^^^^^^^^^^^^^^^^^^^^^^^^^
  File "C:\CodebaseLLM\codeenv\Lib\site-packages\langchain_core\output_parsers\base.py", line 204, in invoke
    return self._call_with_config(
           ^^^^^^^^^^^^^^^^^^^^^^^
  File "C:\CodebaseLLM\codeenv\Lib\site-packages\langchain_core\runnables\base.py", line 1940, in _call_with_config
    context.run(
  File "C:\CodebaseLLM\codeenv\Lib\site-packages\langchain_core\runnables\config.py", line 428, in call_func_with_variable_args
    return func(input, **kwargs)  # type: ignore[call-arg]
           ^^^^^^^^^^^^^^^^^^^^^
  File "C:\CodebaseLLM\codeenv\Lib\site-packages\langchain_core\output_parsers\base.py", line 205, in <lambda>
    lambda inner_input: self.parse_result([Generation(text=inner_input)]),
                        ^^^^^^^^^^^^^^^^^^^^^^^^^^^^^^^^^^^^^^^^^^^^^^^^^
  File "C:\CodebaseLLM\codeenv\Lib\site-packages\langchain_core\output_parsers\json.py", line 91, in parse_result
    raise OutputParserException(msg, llm_output=text) from e
langchain_core.exceptions.OutputParserException: Invalid json output: {
    "overview": "The FilmController class is responsible for handling requests related to films, inventories, rentals, and customers in the Sakila project. It interacts with corresponding services to perform CRUD operations on these entities.",
    "methods": [
        {
            "name": "showFilms",
            "signature": "public String showFilms(Model model)",
            "description": "Retrieves a list of films from the database and adds them to the model for rendering on the view.",
        },
        {
            "name": "rentFilm",
            "signature": "public String rentFilm(@RequestParam Long filmId, Principal principal)",
            "description": "Handles the process of renting a film by a customer. It associates the rental with the customer and updates the inventory accordingly.",
        },
        {
            "name": "returnFilm",
            "signature": "public String returnFilm(@RequestParam Long rentalId)",
            "description": "Manages the return of a rented film by updating the rental status and inventory availability.",
        }
    ],
    "complexity": "moderate",
    "notes": "The controller follows the MVC pattern by interacting with services to handle business logic. It uses Spring annotations for request mapping and dependency injection. The code structure suggests a well-organized separation of concerns."
}
For troubleshooting, visit: https://python.langchain.com/docs/troubleshooting/errors/OUTPUT_PARSING_FAILURE 
2025-05-25 19:12:40,608 [INFO] httpx: HTTP Request: POST https://api.openai.com/v1/chat/completions "HTTP/1.1 200 OK"
2025-05-25 19:12:40,700 [ERROR] codebase_llm: Async JsonOutputParser or LLM error: Invalid json output: {
    "overview": "This code chunk defines two GET endpoints related to films. The first endpoint retrieves a list of films based on a filter criteria, while the second endpoint fetches details of a specific film by its ID.",
    "methods": [
        {
            "name": "getFilms",
            "signature": "public String getFilms(ModelMap modelMap, @RequestParam(value = \"title\", defaultValue = \"ALL FILMS\") String filter)",
            "description": "Retrieves a list of films based on the provided filter criteria. If the filter is 'ALL FILMS', all films are fetched; otherwise, films with a specific title are retrieved. The fetched films are added to the model map along with available and all films.",
        },
        {
            "name": "getFilmDetails",
            "signature": "public String getFilmDetails(ModelMap modelMap, @RequestParam(value = \"id\") Integer id)",
            "description": "Fetches details of a film identified by the provided ID. The film's availability status is determined by checking if it is present in the list of available films. The film details and availability status are added to the model map.",
        }
    ],
    "complexity": "Moderate",
    "notes": "The code follows the Spring MVC pattern for defining controller methods. It interacts with a 'filmService' to retrieve film-related data. The use of ModelMap to pass data to the view layer is a common practice in Spring applications. Potential issue: The code does not handle cases where the 'filmService' methods may return null values, which could lead to NullPointerExceptions."
}
For troubleshooting, visit: https://python.langchain.com/docs/troubleshooting/errors/OUTPUT_PARSING_FAILURE 
2025-05-25 19:12:40,703 [ERROR] codebase_llm: Async LLM analysis failed for file=./repos/SakilaProject\src\main\java\com\sparta\engineering72\sakilaproject\controller\FilmController.java chunk_index=11
Traceback (most recent call last):
  File "C:\CodebaseLLM\codeenv\Lib\site-packages\langchain_core\output_parsers\json.py", line 88, in parse_result
    return parse_json_markdown(text)
           ^^^^^^^^^^^^^^^^^^^^^^^^^
  File "C:\CodebaseLLM\codeenv\Lib\site-packages\langchain_core\utils\json.py", line 150, in parse_json_markdown
    return _parse_json(json_str, parser=parser)
           ^^^^^^^^^^^^^^^^^^^^^^^^^^^^^^^^^^^^
  File "C:\CodebaseLLM\codeenv\Lib\site-packages\langchain_core\utils\json.py", line 166, in _parse_json
    return parser(json_str)
           ^^^^^^^^^^^^^^^^
  File "C:\CodebaseLLM\codeenv\Lib\site-packages\langchain_core\utils\json.py", line 123, in parse_partial_json
    return json.loads(s, strict=strict)
           ^^^^^^^^^^^^^^^^^^^^^^^^^^^^
  File "C:\Users\Y520\AppData\Local\Programs\Python\Python312\Lib\json\__init__.py", line 359, in loads
    return cls(**kw).decode(s)
           ^^^^^^^^^^^^^^^^^^^
  File "C:\Users\Y520\AppData\Local\Programs\Python\Python312\Lib\json\decoder.py", line 337, in decode
    obj, end = self.raw_decode(s, idx=_w(s, 0).end())
               ^^^^^^^^^^^^^^^^^^^^^^^^^^^^^^^^^^^^^^
  File "C:\Users\Y520\AppData\Local\Programs\Python\Python312\Lib\json\decoder.py", line 353, in raw_decode
    obj, end = self.scan_once(s, idx)
               ^^^^^^^^^^^^^^^^^^^^^^
json.decoder.JSONDecodeError: Expecting property name enclosed in double quotes: line 8 column 9 (char 724)

The above exception was the direct cause of the following exception:

Traceback (most recent call last):
  File "C:\CodebaseLLM\analyzer\knowledge_extractor.py", line 150, in process_chunk_with_limit
    result = await self.llm_integration.analyze_code_chunk_async(chunk_info['chunk'])
             ^^^^^^^^^^^^^^^^^^^^^^^^^^^^^^^^^^^^^^^^^^^^^^^^^^^^^^^^^^^^^^^^^^^^^^^^
  File "C:\CodebaseLLM\analyzer\llm_integration.py", line 104, in analyze_code_chunk_async
    return parser.invoke(response.content if hasattr(response, 'content') else response)
           ^^^^^^^^^^^^^^^^^^^^^^^^^^^^^^^^^^^^^^^^^^^^^^^^^^^^^^^^^^^^^^^^^^^^^^^^^^^^^
  File "C:\CodebaseLLM\codeenv\Lib\site-packages\langchain_core\output_parsers\base.py", line 204, in invoke
    return self._call_with_config(
           ^^^^^^^^^^^^^^^^^^^^^^^
  File "C:\CodebaseLLM\codeenv\Lib\site-packages\langchain_core\runnables\base.py", line 1940, in _call_with_config
    context.run(
  File "C:\CodebaseLLM\codeenv\Lib\site-packages\langchain_core\runnables\config.py", line 428, in call_func_with_variable_args
    return func(input, **kwargs)  # type: ignore[call-arg]
           ^^^^^^^^^^^^^^^^^^^^^
  File "C:\CodebaseLLM\codeenv\Lib\site-packages\langchain_core\output_parsers\base.py", line 205, in <lambda>
    lambda inner_input: self.parse_result([Generation(text=inner_input)]),
                        ^^^^^^^^^^^^^^^^^^^^^^^^^^^^^^^^^^^^^^^^^^^^^^^^^
  File "C:\CodebaseLLM\codeenv\Lib\site-packages\langchain_core\output_parsers\json.py", line 91, in parse_result
    raise OutputParserException(msg, llm_output=text) from e
langchain_core.exceptions.OutputParserException: Invalid json output: {
    "overview": "This code chunk defines two GET endpoints related to films. The first endpoint retrieves a list of films based on a filter criteria, while the second endpoint fetches details of a specific film by its ID.",
    "methods": [
        {
            "name": "getFilms",
            "signature": "public String getFilms(ModelMap modelMap, @RequestParam(value = \"title\", defaultValue = \"ALL FILMS\") String filter)",
            "description": "Retrieves a list of films based on the provided filter criteria. If the filter is 'ALL FILMS', all films are fetched; otherwise, films with a specific title are retrieved. The fetched films are added to the model map along with available and all films.",
        },
        {
            "name": "getFilmDetails",
            "signature": "public String getFilmDetails(ModelMap modelMap, @RequestParam(value = \"id\") Integer id)",
            "description": "Fetches details of a film identified by the provided ID. The film's availability status is determined by checking if it is present in the list of available films. The film details and availability status are added to the model map.",
        }
    ],
    "complexity": "Moderate",
    "notes": "The code follows the Spring MVC pattern for defining controller methods. It interacts with a 'filmService' to retrieve film-related data. The use of ModelMap to pass data to the view layer is a common practice in Spring applications. Potential issue: The code does not handle cases where the 'filmService' methods may return null values, which could lead to NullPointerExceptions."
}
For troubleshooting, visit: https://python.langchain.com/docs/troubleshooting/errors/OUTPUT_PARSING_FAILURE 
2025-05-25 19:12:42,636 [INFO] httpx: HTTP Request: POST https://api.openai.com/v1/chat/completions "HTTP/1.1 200 OK"
2025-05-25 19:22:41,509 [INFO] codebase_llm: Repository already exists at ./repos/SakilaProject.
2025-05-25 19:22:55,355 [INFO] httpx: HTTP Request: POST https://api.openai.com/v1/embeddings "HTTP/1.1 200 OK"
2025-05-25 19:22:56,539 [INFO] faiss.loader: Loading faiss with AVX2 support.
2025-05-25 19:22:56,569 [INFO] faiss.loader: Successfully loaded faiss with AVX2 support.
2025-05-25 19:22:56,576 [INFO] faiss: Failed to load GPU Faiss: name 'GpuIndexIVFFlat' is not defined. Will not load constructor refs for GPU indexes. This is only an error if you're trying to use GPU Faiss.
2025-05-25 19:23:00,198 [INFO] httpx: HTTP Request: POST https://api.openai.com/v1/chat/completions "HTTP/1.1 200 OK"
2025-05-25 19:23:03,109 [INFO] httpx: HTTP Request: POST https://api.openai.com/v1/chat/completions "HTTP/1.1 200 OK"
2025-05-25 19:23:03,149 [ERROR] codebase_llm: Async JsonOutputParser or LLM error: Invalid json output: {
    "overview": "The MavenWrapperDownloader class is responsible for downloading the Maven wrapper JAR file. It handles downloading the file from a specified URL or a default URL if none is provided.",
    "methods": [
        {
            "name": "main",
            "signature": "public static void main(String args[])",
            "description": "The main method of the MavenWrapperDownloader class. It starts the downloader process by printing a message, getting the base directory from the command line arguments, and printing the base directory path.",
        }
    ],
    "complexity": "Simple",
    "notes": "This code snippet is a simple utility class for downloading the Maven wrapper JAR file. It uses hardcoded default values for URLs and file paths, which may need to be customized based on project requirements."
}
For troubleshooting, visit: https://python.langchain.com/docs/troubleshooting/errors/OUTPUT_PARSING_FAILURE 
2025-05-25 19:23:03,151 [ERROR] codebase_llm: Async LLM analysis failed for file=./repos/SakilaProject\.mvn\wrapper\MavenWrapperDownloader.java chunk_index=0
Traceback (most recent call last):
  File "C:\CodebaseLLM\codeenv\Lib\site-packages\langchain_core\output_parsers\json.py", line 88, in parse_result
    return parse_json_markdown(text)
           ^^^^^^^^^^^^^^^^^^^^^^^^^
  File "C:\CodebaseLLM\codeenv\Lib\site-packages\langchain_core\utils\json.py", line 150, in parse_json_markdown
    return _parse_json(json_str, parser=parser)
           ^^^^^^^^^^^^^^^^^^^^^^^^^^^^^^^^^^^^
  File "C:\CodebaseLLM\codeenv\Lib\site-packages\langchain_core\utils\json.py", line 166, in _parse_json
    return parser(json_str)
           ^^^^^^^^^^^^^^^^
  File "C:\CodebaseLLM\codeenv\Lib\site-packages\langchain_core\utils\json.py", line 123, in parse_partial_json
    return json.loads(s, strict=strict)
           ^^^^^^^^^^^^^^^^^^^^^^^^^^^^
  File "C:\Users\Y520\AppData\Local\Programs\Python\Python312\Lib\json\__init__.py", line 359, in loads
    return cls(**kw).decode(s)
           ^^^^^^^^^^^^^^^^^^^
  File "C:\Users\Y520\AppData\Local\Programs\Python\Python312\Lib\json\decoder.py", line 337, in decode
    obj, end = self.raw_decode(s, idx=_w(s, 0).end())
               ^^^^^^^^^^^^^^^^^^^^^^^^^^^^^^^^^^^^^^
  File "C:\Users\Y520\AppData\Local\Programs\Python\Python312\Lib\json\decoder.py", line 353, in raw_decode
    obj, end = self.scan_once(s, idx)
               ^^^^^^^^^^^^^^^^^^^^^^
json.decoder.JSONDecodeError: Expecting property name enclosed in double quotes: line 8 column 9 (char 571)

The above exception was the direct cause of the following exception:

Traceback (most recent call last):
  File "C:\CodebaseLLM\analyzer\knowledge_extractor.py", line 149, in process_chunk_with_limit
    result = await self.llm_integration.analyze_code_chunk_async(chunk_info['chunk'])
             ^^^^^^^^^^^^^^^^^^^^^^^^^^^^^^^^^^^^^^^^^^^^^^^^^^^^^^^^^^^^^^^^^^^^^^^^
  File "C:\CodebaseLLM\analyzer\llm_integration.py", line 104, in analyze_code_chunk_async
    return parser.invoke(response.content if hasattr(response, 'content') else response)
           ^^^^^^^^^^^^^^^^^^^^^^^^^^^^^^^^^^^^^^^^^^^^^^^^^^^^^^^^^^^^^^^^^^^^^^^^^^^^^
  File "C:\CodebaseLLM\codeenv\Lib\site-packages\langchain_core\output_parsers\base.py", line 204, in invoke
    return self._call_with_config(
           ^^^^^^^^^^^^^^^^^^^^^^^
  File "C:\CodebaseLLM\codeenv\Lib\site-packages\langchain_core\runnables\base.py", line 1940, in _call_with_config
    context.run(
  File "C:\CodebaseLLM\codeenv\Lib\site-packages\langchain_core\runnables\config.py", line 428, in call_func_with_variable_args
    return func(input, **kwargs)  # type: ignore[call-arg]
           ^^^^^^^^^^^^^^^^^^^^^
  File "C:\CodebaseLLM\codeenv\Lib\site-packages\langchain_core\output_parsers\base.py", line 205, in <lambda>
    lambda inner_input: self.parse_result([Generation(text=inner_input)]),
                        ^^^^^^^^^^^^^^^^^^^^^^^^^^^^^^^^^^^^^^^^^^^^^^^^^
  File "C:\CodebaseLLM\codeenv\Lib\site-packages\langchain_core\output_parsers\json.py", line 91, in parse_result
    raise OutputParserException(msg, llm_output=text) from e
langchain_core.exceptions.OutputParserException: Invalid json output: {
    "overview": "The MavenWrapperDownloader class is responsible for downloading the Maven wrapper JAR file. It handles downloading the file from a specified URL or a default URL if none is provided.",
    "methods": [
        {
            "name": "main",
            "signature": "public static void main(String args[])",
            "description": "The main method of the MavenWrapperDownloader class. It starts the downloader process by printing a message, getting the base directory from the command line arguments, and printing the base directory path.",
        }
    ],
    "complexity": "Simple",
    "notes": "This code snippet is a simple utility class for downloading the Maven wrapper JAR file. It uses hardcoded default values for URLs and file paths, which may need to be customized based on project requirements."
}
For troubleshooting, visit: https://python.langchain.com/docs/troubleshooting/errors/OUTPUT_PARSING_FAILURE 
2025-05-25 19:23:04,380 [INFO] httpx: HTTP Request: POST https://api.openai.com/v1/chat/completions "HTTP/1.1 200 OK"
2025-05-25 19:23:06,383 [INFO] httpx: HTTP Request: POST https://api.openai.com/v1/chat/completions "HTTP/1.1 200 OK"
2025-05-25 19:23:06,448 [ERROR] codebase_llm: Async JsonOutputParser or LLM error: Invalid json output: {
    "overview": "This code chunk is responsible for downloading a file from a given URL and saving it to a specified destination. It also handles authentication if provided through environment variables.",
    "methods": [
        {
            "name": "main",
            "signature": "public static void main(String[] args)",
            "description": "Main entry point of the program. It constructs the output file path, creates necessary directories if they don't exist, downloads the file from the URL, and handles exceptions.",
        },
        {
            "name": "downloadFileFromURL",
            "signature": "private static void downloadFileFromURL(String urlString, File destination) throws Exception",
            "description": "Downloads a file from the given URL and saves it to the specified destination. It also handles authentication if provided through environment variables.",
        }
    ],
    "complexity": "Moderate",
    "notes": "The code uses Java's File, URL, Authenticator, ReadableByteChannel, and FileOutputStream classes to handle file operations and network communication. It also demonstrates exception handling and system exit calls based on the download success or failure."
}
For troubleshooting, visit: https://python.langchain.com/docs/troubleshooting/errors/OUTPUT_PARSING_FAILURE 
2025-05-25 19:23:06,451 [ERROR] codebase_llm: Async LLM analysis failed for file=./repos/SakilaProject\.mvn\wrapper\MavenWrapperDownloader.java chunk_index=2
Traceback (most recent call last):
  File "C:\CodebaseLLM\codeenv\Lib\site-packages\langchain_core\output_parsers\json.py", line 88, in parse_result
    return parse_json_markdown(text)
           ^^^^^^^^^^^^^^^^^^^^^^^^^
  File "C:\CodebaseLLM\codeenv\Lib\site-packages\langchain_core\utils\json.py", line 150, in parse_json_markdown
    return _parse_json(json_str, parser=parser)
           ^^^^^^^^^^^^^^^^^^^^^^^^^^^^^^^^^^^^
  File "C:\CodebaseLLM\codeenv\Lib\site-packages\langchain_core\utils\json.py", line 166, in _parse_json
    return parser(json_str)
           ^^^^^^^^^^^^^^^^
  File "C:\CodebaseLLM\codeenv\Lib\site-packages\langchain_core\utils\json.py", line 123, in parse_partial_json
    return json.loads(s, strict=strict)
           ^^^^^^^^^^^^^^^^^^^^^^^^^^^^
  File "C:\Users\Y520\AppData\Local\Programs\Python\Python312\Lib\json\__init__.py", line 359, in loads
    return cls(**kw).decode(s)
           ^^^^^^^^^^^^^^^^^^^
  File "C:\Users\Y520\AppData\Local\Programs\Python\Python312\Lib\json\decoder.py", line 337, in decode
    obj, end = self.raw_decode(s, idx=_w(s, 0).end())
               ^^^^^^^^^^^^^^^^^^^^^^^^^^^^^^^^^^^^^^
  File "C:\Users\Y520\AppData\Local\Programs\Python\Python312\Lib\json\decoder.py", line 353, in raw_decode
    obj, end = self.scan_once(s, idx)
               ^^^^^^^^^^^^^^^^^^^^^^
json.decoder.JSONDecodeError: Expecting property name enclosed in double quotes: line 8 column 9 (char 545)

The above exception was the direct cause of the following exception:

Traceback (most recent call last):
  File "C:\CodebaseLLM\analyzer\knowledge_extractor.py", line 149, in process_chunk_with_limit
    result = await self.llm_integration.analyze_code_chunk_async(chunk_info['chunk'])
             ^^^^^^^^^^^^^^^^^^^^^^^^^^^^^^^^^^^^^^^^^^^^^^^^^^^^^^^^^^^^^^^^^^^^^^^^
  File "C:\CodebaseLLM\analyzer\llm_integration.py", line 104, in analyze_code_chunk_async
    return parser.invoke(response.content if hasattr(response, 'content') else response)
           ^^^^^^^^^^^^^^^^^^^^^^^^^^^^^^^^^^^^^^^^^^^^^^^^^^^^^^^^^^^^^^^^^^^^^^^^^^^^^
  File "C:\CodebaseLLM\codeenv\Lib\site-packages\langchain_core\output_parsers\base.py", line 204, in invoke
    return self._call_with_config(
           ^^^^^^^^^^^^^^^^^^^^^^^
  File "C:\CodebaseLLM\codeenv\Lib\site-packages\langchain_core\runnables\base.py", line 1940, in _call_with_config
    context.run(
  File "C:\CodebaseLLM\codeenv\Lib\site-packages\langchain_core\runnables\config.py", line 428, in call_func_with_variable_args
    return func(input, **kwargs)  # type: ignore[call-arg]
           ^^^^^^^^^^^^^^^^^^^^^
  File "C:\CodebaseLLM\codeenv\Lib\site-packages\langchain_core\output_parsers\base.py", line 205, in <lambda>
    lambda inner_input: self.parse_result([Generation(text=inner_input)]),
                        ^^^^^^^^^^^^^^^^^^^^^^^^^^^^^^^^^^^^^^^^^^^^^^^^^
  File "C:\CodebaseLLM\codeenv\Lib\site-packages\langchain_core\output_parsers\json.py", line 91, in parse_result
    raise OutputParserException(msg, llm_output=text) from e
langchain_core.exceptions.OutputParserException: Invalid json output: {
    "overview": "This code chunk is responsible for downloading a file from a given URL and saving it to a specified destination. It also handles authentication if provided through environment variables.",
    "methods": [
        {
            "name": "main",
            "signature": "public static void main(String[] args)",
            "description": "Main entry point of the program. It constructs the output file path, creates necessary directories if they don't exist, downloads the file from the URL, and handles exceptions.",
        },
        {
            "name": "downloadFileFromURL",
            "signature": "private static void downloadFileFromURL(String urlString, File destination) throws Exception",
            "description": "Downloads a file from the given URL and saves it to the specified destination. It also handles authentication if provided through environment variables.",
        }
    ],
    "complexity": "Moderate",
    "notes": "The code uses Java's File, URL, Authenticator, ReadableByteChannel, and FileOutputStream classes to handle file operations and network communication. It also demonstrates exception handling and system exit calls based on the download success or failure."
}
For troubleshooting, visit: https://python.langchain.com/docs/troubleshooting/errors/OUTPUT_PARSING_FAILURE 
2025-05-25 19:23:07,845 [INFO] httpx: HTTP Request: POST https://api.openai.com/v1/chat/completions "HTTP/1.1 200 OK"
2025-05-25 19:23:07,891 [ERROR] codebase_llm: Async JsonOutputParser or LLM error: Invalid json output: {
    "overview": "This code chunk represents the main entry point for the Sakila Project application, utilizing Spring Boot to run the application.",
    "methods": [
        {
            "name": "main",
            "signature": "public static void main(String[] args)",
            "description": "The main method serves as the entry point for the application. It uses SpringApplication to run the SakilaProjectApplication class.",
        }
    ],
    "complexity": "Simple",
    "notes": "The use of the @SpringBootApplication annotation indicates that this class is the primary configuration class for the Spring Boot application. The SpringApplication.run method is a common way to bootstrap a Spring application."
}
For troubleshooting, visit: https://python.langchain.com/docs/troubleshooting/errors/OUTPUT_PARSING_FAILURE 
2025-05-25 19:23:07,892 [ERROR] codebase_llm: Async LLM analysis failed for file=./repos/SakilaProject\src\main\java\com\sparta\engineering72\sakilaproject\SakilaProjectApplication.java chunk_index=3
Traceback (most recent call last):
  File "C:\CodebaseLLM\codeenv\Lib\site-packages\langchain_core\output_parsers\json.py", line 88, in parse_result
    return parse_json_markdown(text)
           ^^^^^^^^^^^^^^^^^^^^^^^^^
  File "C:\CodebaseLLM\codeenv\Lib\site-packages\langchain_core\utils\json.py", line 150, in parse_json_markdown
    return _parse_json(json_str, parser=parser)
           ^^^^^^^^^^^^^^^^^^^^^^^^^^^^^^^^^^^^
  File "C:\CodebaseLLM\codeenv\Lib\site-packages\langchain_core\utils\json.py", line 166, in _parse_json
    return parser(json_str)
           ^^^^^^^^^^^^^^^^
  File "C:\CodebaseLLM\codeenv\Lib\site-packages\langchain_core\utils\json.py", line 123, in parse_partial_json
    return json.loads(s, strict=strict)
           ^^^^^^^^^^^^^^^^^^^^^^^^^^^^
  File "C:\Users\Y520\AppData\Local\Programs\Python\Python312\Lib\json\__init__.py", line 359, in loads
    return cls(**kw).decode(s)
           ^^^^^^^^^^^^^^^^^^^
  File "C:\Users\Y520\AppData\Local\Programs\Python\Python312\Lib\json\decoder.py", line 337, in decode
    obj, end = self.raw_decode(s, idx=_w(s, 0).end())
               ^^^^^^^^^^^^^^^^^^^^^^^^^^^^^^^^^^^^^^
  File "C:\Users\Y520\AppData\Local\Programs\Python\Python312\Lib\json\decoder.py", line 353, in raw_decode
    obj, end = self.scan_once(s, idx)
               ^^^^^^^^^^^^^^^^^^^^^^
json.decoder.JSONDecodeError: Expecting property name enclosed in double quotes: line 8 column 9 (char 443)

The above exception was the direct cause of the following exception:

Traceback (most recent call last):
  File "C:\CodebaseLLM\analyzer\knowledge_extractor.py", line 149, in process_chunk_with_limit
    result = await self.llm_integration.analyze_code_chunk_async(chunk_info['chunk'])
             ^^^^^^^^^^^^^^^^^^^^^^^^^^^^^^^^^^^^^^^^^^^^^^^^^^^^^^^^^^^^^^^^^^^^^^^^
  File "C:\CodebaseLLM\analyzer\llm_integration.py", line 104, in analyze_code_chunk_async
    return parser.invoke(response.content if hasattr(response, 'content') else response)
           ^^^^^^^^^^^^^^^^^^^^^^^^^^^^^^^^^^^^^^^^^^^^^^^^^^^^^^^^^^^^^^^^^^^^^^^^^^^^^
  File "C:\CodebaseLLM\codeenv\Lib\site-packages\langchain_core\output_parsers\base.py", line 204, in invoke
    return self._call_with_config(
           ^^^^^^^^^^^^^^^^^^^^^^^
  File "C:\CodebaseLLM\codeenv\Lib\site-packages\langchain_core\runnables\base.py", line 1940, in _call_with_config
    context.run(
  File "C:\CodebaseLLM\codeenv\Lib\site-packages\langchain_core\runnables\config.py", line 428, in call_func_with_variable_args
    return func(input, **kwargs)  # type: ignore[call-arg]
           ^^^^^^^^^^^^^^^^^^^^^
  File "C:\CodebaseLLM\codeenv\Lib\site-packages\langchain_core\output_parsers\base.py", line 205, in <lambda>
    lambda inner_input: self.parse_result([Generation(text=inner_input)]),
                        ^^^^^^^^^^^^^^^^^^^^^^^^^^^^^^^^^^^^^^^^^^^^^^^^^
  File "C:\CodebaseLLM\codeenv\Lib\site-packages\langchain_core\output_parsers\json.py", line 91, in parse_result
    raise OutputParserException(msg, llm_output=text) from e
langchain_core.exceptions.OutputParserException: Invalid json output: {
    "overview": "This code chunk represents the main entry point for the Sakila Project application, utilizing Spring Boot to run the application.",
    "methods": [
        {
            "name": "main",
            "signature": "public static void main(String[] args)",
            "description": "The main method serves as the entry point for the application. It uses SpringApplication to run the SakilaProjectApplication class.",
        }
    ],
    "complexity": "Simple",
    "notes": "The use of the @SpringBootApplication annotation indicates that this class is the primary configuration class for the Spring Boot application. The SpringApplication.run method is a common way to bootstrap a Spring application."
}
For troubleshooting, visit: https://python.langchain.com/docs/troubleshooting/errors/OUTPUT_PARSING_FAILURE 
2025-05-25 19:23:09,711 [INFO] httpx: HTTP Request: POST https://api.openai.com/v1/chat/completions "HTTP/1.1 200 OK"
2025-05-25 19:23:13,278 [INFO] httpx: HTTP Request: POST https://api.openai.com/v1/chat/completions "HTTP/1.1 200 OK"
2025-05-25 19:23:13,352 [ERROR] codebase_llm: Async JsonOutputParser or LLM error: Invalid json output: {
    "overview": "This code chunk defines methods to retrieve and display details of actors and their associated films.",
    "methods": [
        {
            "name": "getActorFilmDetails",
            "signature": "public String getActorFilmDetails(ModelMap modelMap, @RequestParam(value = \"id\") Integer id)",
            "description": "Retrieves the full name of an actor and their associated films based on the provided actor ID.",
        },
        {
            "name": "findActorById",
            "signature": "public Actor findActorById(Integer id)",
            "description": "Finds and returns an actor object by the provided ID.",
        },
        {
            "name": "getActorFullNameFromID",
            "signature": "public String getActorFullNameFromID(Integer id)",
            "description": "Retrieves and returns the full name of an actor based on the provided actor ID.",
        }
    ],
    "complexity": "Simple",
    "notes": "The code follows a straightforward structure where methods are used to retrieve actor details and their associated films. It relies on services like actorService and filmService for data retrieval."
}
For troubleshooting, visit: https://python.langchain.com/docs/troubleshooting/errors/OUTPUT_PARSING_FAILURE 
2025-05-25 19:23:13,355 [ERROR] codebase_llm: Async LLM analysis failed for file=./repos/SakilaProject\src\main\java\com\sparta\engineering72\sakilaproject\controller\ActorController.java chunk_index=5
Traceback (most recent call last):
  File "C:\CodebaseLLM\codeenv\Lib\site-packages\langchain_core\output_parsers\json.py", line 88, in parse_result
    return parse_json_markdown(text)
           ^^^^^^^^^^^^^^^^^^^^^^^^^
  File "C:\CodebaseLLM\codeenv\Lib\site-packages\langchain_core\utils\json.py", line 150, in parse_json_markdown
    return _parse_json(json_str, parser=parser)
           ^^^^^^^^^^^^^^^^^^^^^^^^^^^^^^^^^^^^
  File "C:\CodebaseLLM\codeenv\Lib\site-packages\langchain_core\utils\json.py", line 166, in _parse_json
    return parser(json_str)
           ^^^^^^^^^^^^^^^^
  File "C:\CodebaseLLM\codeenv\Lib\site-packages\langchain_core\utils\json.py", line 123, in parse_partial_json
    return json.loads(s, strict=strict)
           ^^^^^^^^^^^^^^^^^^^^^^^^^^^^
  File "C:\Users\Y520\AppData\Local\Programs\Python\Python312\Lib\json\__init__.py", line 359, in loads
    return cls(**kw).decode(s)
           ^^^^^^^^^^^^^^^^^^^
  File "C:\Users\Y520\AppData\Local\Programs\Python\Python312\Lib\json\decoder.py", line 337, in decode
    obj, end = self.raw_decode(s, idx=_w(s, 0).end())
               ^^^^^^^^^^^^^^^^^^^^^^^^^^^^^^^^^^^^^^
  File "C:\Users\Y520\AppData\Local\Programs\Python\Python312\Lib\json\decoder.py", line 353, in raw_decode
    obj, end = self.scan_once(s, idx)
               ^^^^^^^^^^^^^^^^^^^^^^
json.decoder.JSONDecodeError: Expecting property name enclosed in double quotes: line 8 column 9 (char 449)

The above exception was the direct cause of the following exception:

Traceback (most recent call last):
  File "C:\CodebaseLLM\analyzer\knowledge_extractor.py", line 149, in process_chunk_with_limit
    result = await self.llm_integration.analyze_code_chunk_async(chunk_info['chunk'])
             ^^^^^^^^^^^^^^^^^^^^^^^^^^^^^^^^^^^^^^^^^^^^^^^^^^^^^^^^^^^^^^^^^^^^^^^^
  File "C:\CodebaseLLM\analyzer\llm_integration.py", line 104, in analyze_code_chunk_async
    return parser.invoke(response.content if hasattr(response, 'content') else response)
           ^^^^^^^^^^^^^^^^^^^^^^^^^^^^^^^^^^^^^^^^^^^^^^^^^^^^^^^^^^^^^^^^^^^^^^^^^^^^^
  File "C:\CodebaseLLM\codeenv\Lib\site-packages\langchain_core\output_parsers\base.py", line 204, in invoke
    return self._call_with_config(
           ^^^^^^^^^^^^^^^^^^^^^^^
  File "C:\CodebaseLLM\codeenv\Lib\site-packages\langchain_core\runnables\base.py", line 1940, in _call_with_config
    context.run(
  File "C:\CodebaseLLM\codeenv\Lib\site-packages\langchain_core\runnables\config.py", line 428, in call_func_with_variable_args
    return func(input, **kwargs)  # type: ignore[call-arg]
           ^^^^^^^^^^^^^^^^^^^^^
  File "C:\CodebaseLLM\codeenv\Lib\site-packages\langchain_core\output_parsers\base.py", line 205, in <lambda>
    lambda inner_input: self.parse_result([Generation(text=inner_input)]),
                        ^^^^^^^^^^^^^^^^^^^^^^^^^^^^^^^^^^^^^^^^^^^^^^^^^
  File "C:\CodebaseLLM\codeenv\Lib\site-packages\langchain_core\output_parsers\json.py", line 91, in parse_result
    raise OutputParserException(msg, llm_output=text) from e
langchain_core.exceptions.OutputParserException: Invalid json output: {
    "overview": "This code chunk defines methods to retrieve and display details of actors and their associated films.",
    "methods": [
        {
            "name": "getActorFilmDetails",
            "signature": "public String getActorFilmDetails(ModelMap modelMap, @RequestParam(value = \"id\") Integer id)",
            "description": "Retrieves the full name of an actor and their associated films based on the provided actor ID.",
        },
        {
            "name": "findActorById",
            "signature": "public Actor findActorById(Integer id)",
            "description": "Finds and returns an actor object by the provided ID.",
        },
        {
            "name": "getActorFullNameFromID",
            "signature": "public String getActorFullNameFromID(Integer id)",
            "description": "Retrieves and returns the full name of an actor based on the provided actor ID.",
        }
    ],
    "complexity": "Simple",
    "notes": "The code follows a straightforward structure where methods are used to retrieve actor details and their associated films. It relies on services like actorService and filmService for data retrieval."
}
For troubleshooting, visit: https://python.langchain.com/docs/troubleshooting/errors/OUTPUT_PARSING_FAILURE 
2025-05-25 19:23:15,910 [INFO] httpx: HTTP Request: POST https://api.openai.com/v1/chat/completions "HTTP/1.1 200 OK"
2025-05-25 19:23:15,994 [ERROR] codebase_llm: Async JsonOutputParser or LLM error: Invalid json output: {
    "overview": "The CategoryController class is responsible for handling requests related to categories in a Sakila project. It interacts with FilmService and CategoryService to retrieve and display category information.",
    "methods": [
        {
            "name": "getCategories",
            "signature": "public String getCategories(ModelMap modelMap)",
            "description": "Retrieves all categories from the CategoryService and adds them to the modelMap for rendering on the categories view.",
        },
        {
            "name": "getCategoryDetails",
            "signature": "public String getCategoryDetails(ModelMap modelMap, @RequestParam(value = \"id\") Integer id)",
            "description": "Retrieves category details and associated films by category ID from CategoryService and FilmService respectively. Adds them to the modelMap for rendering on the categoryDetails view.",
        },
        {
            "name": "getCategoryById",
            "signature": "public Category getCategoryById(Integer id)",
            "description": "Retrieves a specific category by ID from the CategoryService.",
        }
    ],
    "complexity": "moderate",
    "notes": "The CategoryController follows the Spring MVC pattern with annotations for mapping requests to methods. It relies on dependency injection for FilmService and CategoryService instances. The code structure is clean and follows best practices for separation of concerns."
}
For troubleshooting, visit: https://python.langchain.com/docs/troubleshooting/errors/OUTPUT_PARSING_FAILURE 
2025-05-25 19:23:15,996 [ERROR] codebase_llm: Async LLM analysis failed for file=./repos/SakilaProject\src\main\java\com\sparta\engineering72\sakilaproject\controller\CategoryController.java chunk_index=6
Traceback (most recent call last):
  File "C:\CodebaseLLM\codeenv\Lib\site-packages\langchain_core\output_parsers\json.py", line 88, in parse_result
    return parse_json_markdown(text)
           ^^^^^^^^^^^^^^^^^^^^^^^^^
  File "C:\CodebaseLLM\codeenv\Lib\site-packages\langchain_core\utils\json.py", line 150, in parse_json_markdown
    return _parse_json(json_str, parser=parser)
           ^^^^^^^^^^^^^^^^^^^^^^^^^^^^^^^^^^^^
  File "C:\CodebaseLLM\codeenv\Lib\site-packages\langchain_core\utils\json.py", line 166, in _parse_json
    return parser(json_str)
           ^^^^^^^^^^^^^^^^
  File "C:\CodebaseLLM\codeenv\Lib\site-packages\langchain_core\utils\json.py", line 123, in parse_partial_json
    return json.loads(s, strict=strict)
           ^^^^^^^^^^^^^^^^^^^^^^^^^^^^
  File "C:\Users\Y520\AppData\Local\Programs\Python\Python312\Lib\json\__init__.py", line 359, in loads
    return cls(**kw).decode(s)
           ^^^^^^^^^^^^^^^^^^^
  File "C:\Users\Y520\AppData\Local\Programs\Python\Python312\Lib\json\decoder.py", line 337, in decode
    obj, end = self.raw_decode(s, idx=_w(s, 0).end())
               ^^^^^^^^^^^^^^^^^^^^^^^^^^^^^^^^^^^^^^
  File "C:\Users\Y520\AppData\Local\Programs\Python\Python312\Lib\json\decoder.py", line 353, in raw_decode
    obj, end = self.scan_once(s, idx)
               ^^^^^^^^^^^^^^^^^^^^^^
json.decoder.JSONDecodeError: Expecting property name enclosed in double quotes: line 8 column 9 (char 521)

The above exception was the direct cause of the following exception:

Traceback (most recent call last):
  File "C:\CodebaseLLM\analyzer\knowledge_extractor.py", line 149, in process_chunk_with_limit
    result = await self.llm_integration.analyze_code_chunk_async(chunk_info['chunk'])
             ^^^^^^^^^^^^^^^^^^^^^^^^^^^^^^^^^^^^^^^^^^^^^^^^^^^^^^^^^^^^^^^^^^^^^^^^
  File "C:\CodebaseLLM\analyzer\llm_integration.py", line 104, in analyze_code_chunk_async
    return parser.invoke(response.content if hasattr(response, 'content') else response)
           ^^^^^^^^^^^^^^^^^^^^^^^^^^^^^^^^^^^^^^^^^^^^^^^^^^^^^^^^^^^^^^^^^^^^^^^^^^^^^
  File "C:\CodebaseLLM\codeenv\Lib\site-packages\langchain_core\output_parsers\base.py", line 204, in invoke
    return self._call_with_config(
           ^^^^^^^^^^^^^^^^^^^^^^^
  File "C:\CodebaseLLM\codeenv\Lib\site-packages\langchain_core\runnables\base.py", line 1940, in _call_with_config
    context.run(
  File "C:\CodebaseLLM\codeenv\Lib\site-packages\langchain_core\runnables\config.py", line 428, in call_func_with_variable_args
    return func(input, **kwargs)  # type: ignore[call-arg]
           ^^^^^^^^^^^^^^^^^^^^^
  File "C:\CodebaseLLM\codeenv\Lib\site-packages\langchain_core\output_parsers\base.py", line 205, in <lambda>
    lambda inner_input: self.parse_result([Generation(text=inner_input)]),
                        ^^^^^^^^^^^^^^^^^^^^^^^^^^^^^^^^^^^^^^^^^^^^^^^^^
  File "C:\CodebaseLLM\codeenv\Lib\site-packages\langchain_core\output_parsers\json.py", line 91, in parse_result
    raise OutputParserException(msg, llm_output=text) from e
langchain_core.exceptions.OutputParserException: Invalid json output: {
    "overview": "The CategoryController class is responsible for handling requests related to categories in a Sakila project. It interacts with FilmService and CategoryService to retrieve and display category information.",
    "methods": [
        {
            "name": "getCategories",
            "signature": "public String getCategories(ModelMap modelMap)",
            "description": "Retrieves all categories from the CategoryService and adds them to the modelMap for rendering on the categories view.",
        },
        {
            "name": "getCategoryDetails",
            "signature": "public String getCategoryDetails(ModelMap modelMap, @RequestParam(value = \"id\") Integer id)",
            "description": "Retrieves category details and associated films by category ID from CategoryService and FilmService respectively. Adds them to the modelMap for rendering on the categoryDetails view.",
        },
        {
            "name": "getCategoryById",
            "signature": "public Category getCategoryById(Integer id)",
            "description": "Retrieves a specific category by ID from the CategoryService.",
        }
    ],
    "complexity": "moderate",
    "notes": "The CategoryController follows the Spring MVC pattern with annotations for mapping requests to methods. It relies on dependency injection for FilmService and CategoryService instances. The code structure is clean and follows best practices for separation of concerns."
}
For troubleshooting, visit: https://python.langchain.com/docs/troubleshooting/errors/OUTPUT_PARSING_FAILURE 
2025-05-25 19:23:19,357 [INFO] httpx: HTTP Request: POST https://api.openai.com/v1/chat/completions "HTTP/1.1 200 OK"
2025-05-25 20:19:34,695 [INFO] codebase_llm: Repository already exists at ./repos/SakilaProject.
2025-05-25 20:19:44,970 [INFO] httpx: HTTP Request: POST https://api.openai.com/v1/embeddings "HTTP/1.1 200 OK"
2025-05-25 20:19:45,763 [INFO] faiss.loader: Loading faiss with AVX2 support.
2025-05-25 20:19:45,819 [INFO] faiss.loader: Successfully loaded faiss with AVX2 support.
2025-05-25 20:19:45,834 [INFO] faiss: Failed to load GPU Faiss: name 'GpuIndexIVFFlat' is not defined. Will not load constructor refs for GPU indexes. This is only an error if you're trying to use GPU Faiss.
2025-05-25 20:19:48,288 [INFO] httpx: HTTP Request: POST https://api.openai.com/v1/chat/completions "HTTP/1.1 200 OK"
2025-05-25 20:19:49,902 [INFO] httpx: HTTP Request: POST https://api.openai.com/v1/chat/completions "HTTP/1.1 200 OK"
2025-05-25 20:19:49,966 [ERROR] codebase_llm: Async SimpleJsonOutputParser or LLM error: Invalid json output: {
    "overview": "The MavenWrapperDownloader class is responsible for downloading the Maven wrapper JAR file. It handles the logic of fetching the wrapper JAR from a specified URL or a default URL if not provided.",
    "methods": [
        {
            "name": "main",
            "signature": "public static void main(String args[])",
            "description": "The main method of the MavenWrapperDownloader class. It initiates the download process by taking the base directory as an argument and printing out the base directory path.",
        }
    ],
    "complexity": "Simple",
    "notes": "This code snippet is a standalone class that serves a specific purpose within a larger project. It relies on command-line arguments to specify the base directory for downloading the Maven wrapper JAR file."
}
For troubleshooting, visit: https://python.langchain.com/docs/troubleshooting/errors/OUTPUT_PARSING_FAILURE 
2025-05-25 20:19:49,966 [ERROR] codebase_llm: Async LLM analysis failed for file=./repos/SakilaProject\.mvn\wrapper\MavenWrapperDownloader.java chunk_index=0
Traceback (most recent call last):
  File "C:\CodebaseLLM\codeenv\Lib\site-packages\langchain_core\output_parsers\json.py", line 88, in parse_result
    return parse_json_markdown(text)
           ^^^^^^^^^^^^^^^^^^^^^^^^^
  File "C:\CodebaseLLM\codeenv\Lib\site-packages\langchain_core\utils\json.py", line 150, in parse_json_markdown
    return _parse_json(json_str, parser=parser)
           ^^^^^^^^^^^^^^^^^^^^^^^^^^^^^^^^^^^^
  File "C:\CodebaseLLM\codeenv\Lib\site-packages\langchain_core\utils\json.py", line 166, in _parse_json
    return parser(json_str)
           ^^^^^^^^^^^^^^^^
  File "C:\CodebaseLLM\codeenv\Lib\site-packages\langchain_core\utils\json.py", line 123, in parse_partial_json
    return json.loads(s, strict=strict)
           ^^^^^^^^^^^^^^^^^^^^^^^^^^^^
  File "C:\Users\Y520\AppData\Local\Programs\Python\Python312\Lib\json\__init__.py", line 359, in loads
    return cls(**kw).decode(s)
           ^^^^^^^^^^^^^^^^^^^
  File "C:\Users\Y520\AppData\Local\Programs\Python\Python312\Lib\json\decoder.py", line 337, in decode
    obj, end = self.raw_decode(s, idx=_w(s, 0).end())
               ^^^^^^^^^^^^^^^^^^^^^^^^^^^^^^^^^^^^^^
  File "C:\Users\Y520\AppData\Local\Programs\Python\Python312\Lib\json\decoder.py", line 353, in raw_decode
    obj, end = self.scan_once(s, idx)
               ^^^^^^^^^^^^^^^^^^^^^^
json.decoder.JSONDecodeError: Expecting property name enclosed in double quotes: line 8 column 9 (char 550)

The above exception was the direct cause of the following exception:

Traceback (most recent call last):
  File "C:\CodebaseLLM\analyzer\knowledge_extractor.py", line 149, in process_chunk_with_limit
    result = await self.llm_integration.analyze_code_chunk_async(chunk_info['chunk'])
             ^^^^^^^^^^^^^^^^^^^^^^^^^^^^^^^^^^^^^^^^^^^^^^^^^^^^^^^^^^^^^^^^^^^^^^^^
  File "C:\CodebaseLLM\analyzer\llm_integration.py", line 104, in analyze_code_chunk_async
    return parser.invoke(response.content if hasattr(response, 'content') else response)
           ^^^^^^^^^^^^^^^^^^^^^^^^^^^^^^^^^^^^^^^^^^^^^^^^^^^^^^^^^^^^^^^^^^^^^^^^^^^^^
  File "C:\CodebaseLLM\codeenv\Lib\site-packages\langchain_core\output_parsers\base.py", line 204, in invoke
    return self._call_with_config(
           ^^^^^^^^^^^^^^^^^^^^^^^
  File "C:\CodebaseLLM\codeenv\Lib\site-packages\langchain_core\runnables\base.py", line 1940, in _call_with_config
    context.run(
  File "C:\CodebaseLLM\codeenv\Lib\site-packages\langchain_core\runnables\config.py", line 428, in call_func_with_variable_args
    return func(input, **kwargs)  # type: ignore[call-arg]
           ^^^^^^^^^^^^^^^^^^^^^
  File "C:\CodebaseLLM\codeenv\Lib\site-packages\langchain_core\output_parsers\base.py", line 205, in <lambda>
    lambda inner_input: self.parse_result([Generation(text=inner_input)]),
                        ^^^^^^^^^^^^^^^^^^^^^^^^^^^^^^^^^^^^^^^^^^^^^^^^^
  File "C:\CodebaseLLM\codeenv\Lib\site-packages\langchain_core\output_parsers\json.py", line 91, in parse_result
    raise OutputParserException(msg, llm_output=text) from e
langchain_core.exceptions.OutputParserException: Invalid json output: {
    "overview": "The MavenWrapperDownloader class is responsible for downloading the Maven wrapper JAR file. It handles the logic of fetching the wrapper JAR from a specified URL or a default URL if not provided.",
    "methods": [
        {
            "name": "main",
            "signature": "public static void main(String args[])",
            "description": "The main method of the MavenWrapperDownloader class. It initiates the download process by taking the base directory as an argument and printing out the base directory path.",
        }
    ],
    "complexity": "Simple",
    "notes": "This code snippet is a standalone class that serves a specific purpose within a larger project. It relies on command-line arguments to specify the base directory for downloading the Maven wrapper JAR file."
}
For troubleshooting, visit: https://python.langchain.com/docs/troubleshooting/errors/OUTPUT_PARSING_FAILURE 
2025-05-25 20:19:51,376 [INFO] httpx: HTTP Request: POST https://api.openai.com/v1/chat/completions "HTTP/1.1 200 OK"
2025-05-25 20:19:53,445 [INFO] httpx: HTTP Request: POST https://api.openai.com/v1/chat/completions "HTTP/1.1 200 OK"
2025-05-25 20:19:54,918 [INFO] httpx: HTTP Request: POST https://api.openai.com/v1/chat/completions "HTTP/1.1 200 OK"
2025-05-25 20:19:54,984 [ERROR] codebase_llm: Async SimpleJsonOutputParser or LLM error: Invalid json output: {
  "overview": "This code chunk represents the main application class for the Sakila Project. It uses Spring Boot to initialize and run the application.",
  "methods": [
    {
      "name": "main",
      "signature": "public static void main(String[] args)",
      "description": "The main method that serves as the entry point for the application. It initializes and runs the Sakila Project application using Spring Boot.",
    }
  ],
  "complexity": "Simple",
  "notes": "This code follows the Spring Boot convention by annotating the class with @SpringBootApplication, which indicates that this is the main Spring Boot application class. The main method is the starting point of the application and is responsible for running the Spring Boot application."
}
For troubleshooting, visit: https://python.langchain.com/docs/troubleshooting/errors/OUTPUT_PARSING_FAILURE 
2025-05-25 20:19:54,984 [ERROR] codebase_llm: Async LLM analysis failed for file=./repos/SakilaProject\src\main\java\com\sparta\engineering72\sakilaproject\SakilaProjectApplication.java chunk_index=3
Traceback (most recent call last):
  File "C:\CodebaseLLM\codeenv\Lib\site-packages\langchain_core\output_parsers\json.py", line 88, in parse_result
    return parse_json_markdown(text)
           ^^^^^^^^^^^^^^^^^^^^^^^^^
  File "C:\CodebaseLLM\codeenv\Lib\site-packages\langchain_core\utils\json.py", line 150, in parse_json_markdown
    return _parse_json(json_str, parser=parser)
           ^^^^^^^^^^^^^^^^^^^^^^^^^^^^^^^^^^^^
  File "C:\CodebaseLLM\codeenv\Lib\site-packages\langchain_core\utils\json.py", line 166, in _parse_json
    return parser(json_str)
           ^^^^^^^^^^^^^^^^
  File "C:\CodebaseLLM\codeenv\Lib\site-packages\langchain_core\utils\json.py", line 123, in parse_partial_json
    return json.loads(s, strict=strict)
           ^^^^^^^^^^^^^^^^^^^^^^^^^^^^
  File "C:\Users\Y520\AppData\Local\Programs\Python\Python312\Lib\json\__init__.py", line 359, in loads
    return cls(**kw).decode(s)
           ^^^^^^^^^^^^^^^^^^^
  File "C:\Users\Y520\AppData\Local\Programs\Python\Python312\Lib\json\decoder.py", line 337, in decode
    obj, end = self.raw_decode(s, idx=_w(s, 0).end())
               ^^^^^^^^^^^^^^^^^^^^^^^^^^^^^^^^^^^^^^
  File "C:\Users\Y520\AppData\Local\Programs\Python\Python312\Lib\json\decoder.py", line 353, in raw_decode
    obj, end = self.scan_once(s, idx)
               ^^^^^^^^^^^^^^^^^^^^^^
json.decoder.JSONDecodeError: Expecting property name enclosed in double quotes: line 8 column 5 (char 430)

The above exception was the direct cause of the following exception:

Traceback (most recent call last):
  File "C:\CodebaseLLM\analyzer\knowledge_extractor.py", line 149, in process_chunk_with_limit
    result = await self.llm_integration.analyze_code_chunk_async(chunk_info['chunk'])
             ^^^^^^^^^^^^^^^^^^^^^^^^^^^^^^^^^^^^^^^^^^^^^^^^^^^^^^^^^^^^^^^^^^^^^^^^
  File "C:\CodebaseLLM\analyzer\llm_integration.py", line 104, in analyze_code_chunk_async
    return parser.invoke(response.content if hasattr(response, 'content') else response)
           ^^^^^^^^^^^^^^^^^^^^^^^^^^^^^^^^^^^^^^^^^^^^^^^^^^^^^^^^^^^^^^^^^^^^^^^^^^^^^
  File "C:\CodebaseLLM\codeenv\Lib\site-packages\langchain_core\output_parsers\base.py", line 204, in invoke
    return self._call_with_config(
           ^^^^^^^^^^^^^^^^^^^^^^^
  File "C:\CodebaseLLM\codeenv\Lib\site-packages\langchain_core\runnables\base.py", line 1940, in _call_with_config
    context.run(
  File "C:\CodebaseLLM\codeenv\Lib\site-packages\langchain_core\runnables\config.py", line 428, in call_func_with_variable_args
    return func(input, **kwargs)  # type: ignore[call-arg]
           ^^^^^^^^^^^^^^^^^^^^^
  File "C:\CodebaseLLM\codeenv\Lib\site-packages\langchain_core\output_parsers\base.py", line 205, in <lambda>
    lambda inner_input: self.parse_result([Generation(text=inner_input)]),
                        ^^^^^^^^^^^^^^^^^^^^^^^^^^^^^^^^^^^^^^^^^^^^^^^^^
  File "C:\CodebaseLLM\codeenv\Lib\site-packages\langchain_core\output_parsers\json.py", line 91, in parse_result
    raise OutputParserException(msg, llm_output=text) from e
langchain_core.exceptions.OutputParserException: Invalid json output: {
  "overview": "This code chunk represents the main application class for the Sakila Project. It uses Spring Boot to initialize and run the application.",
  "methods": [
    {
      "name": "main",
      "signature": "public static void main(String[] args)",
      "description": "The main method that serves as the entry point for the application. It initializes and runs the Sakila Project application using Spring Boot.",
    }
  ],
  "complexity": "Simple",
  "notes": "This code follows the Spring Boot convention by annotating the class with @SpringBootApplication, which indicates that this is the main Spring Boot application class. The main method is the starting point of the application and is responsible for running the Spring Boot application."
}
For troubleshooting, visit: https://python.langchain.com/docs/troubleshooting/errors/OUTPUT_PARSING_FAILURE 
2025-05-25 20:19:56,784 [INFO] httpx: HTTP Request: POST https://api.openai.com/v1/chat/completions "HTTP/1.1 200 OK"
2025-05-25 20:19:56,864 [ERROR] codebase_llm: Async SimpleJsonOutputParser or LLM error: Invalid json output: {
    "overview": "The ActorController class is responsible for handling requests related to actors in a Sakila project. It interacts with ActorService and FilmService to retrieve actor information.",
    "methods": [
        {
            "name": "getActors",
            "signature": "public String getActors(ModelMap modelMap, @RequestParam(value = \"firstName\", defaultValue = \"ALL ACTORS\") String firstNameFilter, @RequestParam(value = \"lastName\", defaultValue = \"ALL ACTORS\") String lastNameFilter)",
            "description": "This method retrieves a list of actors based on the provided first name and last name filters. It then adds the list of actors to the modelMap and returns the view name for displaying actors.",
        }
    ],
    "complexity": "moderate",
    "notes": "The ActorController follows the Spring MVC pattern by using annotations like @Controller, @GetMapping, and @RequestParam for request mapping and parameter handling. It has dependencies on ActorService and FilmService for actor-related operations."
}
For troubleshooting, visit: https://python.langchain.com/docs/troubleshooting/errors/OUTPUT_PARSING_FAILURE 
2025-05-25 20:19:56,864 [ERROR] codebase_llm: Async LLM analysis failed for file=./repos/SakilaProject\src\main\java\com\sparta\engineering72\sakilaproject\controller\ActorController.java chunk_index=4
Traceback (most recent call last):
  File "C:\CodebaseLLM\codeenv\Lib\site-packages\langchain_core\output_parsers\json.py", line 88, in parse_result
    return parse_json_markdown(text)
           ^^^^^^^^^^^^^^^^^^^^^^^^^
  File "C:\CodebaseLLM\codeenv\Lib\site-packages\langchain_core\utils\json.py", line 150, in parse_json_markdown
    return _parse_json(json_str, parser=parser)
           ^^^^^^^^^^^^^^^^^^^^^^^^^^^^^^^^^^^^
  File "C:\CodebaseLLM\codeenv\Lib\site-packages\langchain_core\utils\json.py", line 166, in _parse_json
    return parser(json_str)
           ^^^^^^^^^^^^^^^^
  File "C:\CodebaseLLM\codeenv\Lib\site-packages\langchain_core\utils\json.py", line 123, in parse_partial_json
    return json.loads(s, strict=strict)
           ^^^^^^^^^^^^^^^^^^^^^^^^^^^^
  File "C:\Users\Y520\AppData\Local\Programs\Python\Python312\Lib\json\__init__.py", line 359, in loads
    return cls(**kw).decode(s)
           ^^^^^^^^^^^^^^^^^^^
  File "C:\Users\Y520\AppData\Local\Programs\Python\Python312\Lib\json\decoder.py", line 337, in decode
    obj, end = self.raw_decode(s, idx=_w(s, 0).end())
               ^^^^^^^^^^^^^^^^^^^^^^^^^^^^^^^^^^^^^^
  File "C:\Users\Y520\AppData\Local\Programs\Python\Python312\Lib\json\decoder.py", line 353, in raw_decode
    obj, end = self.scan_once(s, idx)
               ^^^^^^^^^^^^^^^^^^^^^^
json.decoder.JSONDecodeError: Expecting property name enclosed in double quotes: line 8 column 9 (char 744)

The above exception was the direct cause of the following exception:

Traceback (most recent call last):
  File "C:\CodebaseLLM\analyzer\knowledge_extractor.py", line 149, in process_chunk_with_limit
    result = await self.llm_integration.analyze_code_chunk_async(chunk_info['chunk'])
             ^^^^^^^^^^^^^^^^^^^^^^^^^^^^^^^^^^^^^^^^^^^^^^^^^^^^^^^^^^^^^^^^^^^^^^^^
  File "C:\CodebaseLLM\analyzer\llm_integration.py", line 104, in analyze_code_chunk_async
    return parser.invoke(response.content if hasattr(response, 'content') else response)
           ^^^^^^^^^^^^^^^^^^^^^^^^^^^^^^^^^^^^^^^^^^^^^^^^^^^^^^^^^^^^^^^^^^^^^^^^^^^^^
  File "C:\CodebaseLLM\codeenv\Lib\site-packages\langchain_core\output_parsers\base.py", line 204, in invoke
    return self._call_with_config(
           ^^^^^^^^^^^^^^^^^^^^^^^
  File "C:\CodebaseLLM\codeenv\Lib\site-packages\langchain_core\runnables\base.py", line 1940, in _call_with_config
    context.run(
  File "C:\CodebaseLLM\codeenv\Lib\site-packages\langchain_core\runnables\config.py", line 428, in call_func_with_variable_args
    return func(input, **kwargs)  # type: ignore[call-arg]
           ^^^^^^^^^^^^^^^^^^^^^
  File "C:\CodebaseLLM\codeenv\Lib\site-packages\langchain_core\output_parsers\base.py", line 205, in <lambda>
    lambda inner_input: self.parse_result([Generation(text=inner_input)]),
                        ^^^^^^^^^^^^^^^^^^^^^^^^^^^^^^^^^^^^^^^^^^^^^^^^^
  File "C:\CodebaseLLM\codeenv\Lib\site-packages\langchain_core\output_parsers\json.py", line 91, in parse_result
    raise OutputParserException(msg, llm_output=text) from e
langchain_core.exceptions.OutputParserException: Invalid json output: {
    "overview": "The ActorController class is responsible for handling requests related to actors in a Sakila project. It interacts with ActorService and FilmService to retrieve actor information.",
    "methods": [
        {
            "name": "getActors",
            "signature": "public String getActors(ModelMap modelMap, @RequestParam(value = \"firstName\", defaultValue = \"ALL ACTORS\") String firstNameFilter, @RequestParam(value = \"lastName\", defaultValue = \"ALL ACTORS\") String lastNameFilter)",
            "description": "This method retrieves a list of actors based on the provided first name and last name filters. It then adds the list of actors to the modelMap and returns the view name for displaying actors.",
        }
    ],
    "complexity": "moderate",
    "notes": "The ActorController follows the Spring MVC pattern by using annotations like @Controller, @GetMapping, and @RequestParam for request mapping and parameter handling. It has dependencies on ActorService and FilmService for actor-related operations."
}
For troubleshooting, visit: https://python.langchain.com/docs/troubleshooting/errors/OUTPUT_PARSING_FAILURE 
2025-05-25 20:19:59,464 [INFO] httpx: HTTP Request: POST https://api.openai.com/v1/chat/completions "HTTP/1.1 200 OK"
2025-05-25 20:20:01,909 [INFO] httpx: HTTP Request: POST https://api.openai.com/v1/chat/completions "HTTP/1.1 200 OK"
2025-05-25 20:20:01,987 [ERROR] codebase_llm: Async SimpleJsonOutputParser or LLM error: Invalid json output: {
    "overview": "The CategoryController class is responsible for handling requests related to categories in a Sakila project. It interacts with FilmService and CategoryService to retrieve and display category information.",
    "methods": [
        {
            "name": "getCategories",
            "signature": "public String getCategories(ModelMap modelMap)",
            "description": "Retrieves all categories from the CategoryService and adds them to the modelMap for rendering on the categories/categories view.",
        },
        {
            "name": "getCategoryDetails",
            "signature": "public String getCategoryDetails(ModelMap modelMap, @RequestParam(value = \"id\") Integer id)",
            "description": "Retrieves category details and associated films by category ID from CategoryService and FilmService respectively. Adds the data to the modelMap for rendering on the categories/categoryDetails view.",
        },
        {
            "name": "getCategoryById",
            "signature": "public Category getCategoryById(Integer id)",
            "description": "Retrieves a specific category by ID from the CategoryService.",
        }
    ],
    "complexity": "Moderate",
    "notes": "The CategoryController follows the Spring MVC pattern with annotations for mapping requests to methods. It relies on dependency injection for FilmService and CategoryService instances. The controller handles basic CRUD operations related to categories."
}
For troubleshooting, visit: https://python.langchain.com/docs/troubleshooting/errors/OUTPUT_PARSING_FAILURE 
2025-05-25 20:20:01,987 [ERROR] codebase_llm: Async LLM analysis failed for file=./repos/SakilaProject\src\main\java\com\sparta\engineering72\sakilaproject\controller\CategoryController.java chunk_index=6
Traceback (most recent call last):
  File "C:\CodebaseLLM\codeenv\Lib\site-packages\langchain_core\output_parsers\json.py", line 88, in parse_result
    return parse_json_markdown(text)
           ^^^^^^^^^^^^^^^^^^^^^^^^^
  File "C:\CodebaseLLM\codeenv\Lib\site-packages\langchain_core\utils\json.py", line 150, in parse_json_markdown
    return _parse_json(json_str, parser=parser)
           ^^^^^^^^^^^^^^^^^^^^^^^^^^^^^^^^^^^^
  File "C:\CodebaseLLM\codeenv\Lib\site-packages\langchain_core\utils\json.py", line 166, in _parse_json
    return parser(json_str)
           ^^^^^^^^^^^^^^^^
  File "C:\CodebaseLLM\codeenv\Lib\site-packages\langchain_core\utils\json.py", line 123, in parse_partial_json
    return json.loads(s, strict=strict)
           ^^^^^^^^^^^^^^^^^^^^^^^^^^^^
  File "C:\Users\Y520\AppData\Local\Programs\Python\Python312\Lib\json\__init__.py", line 359, in loads
    return cls(**kw).decode(s)
           ^^^^^^^^^^^^^^^^^^^
  File "C:\Users\Y520\AppData\Local\Programs\Python\Python312\Lib\json\decoder.py", line 337, in decode
    obj, end = self.raw_decode(s, idx=_w(s, 0).end())
               ^^^^^^^^^^^^^^^^^^^^^^^^^^^^^^^^^^^^^^
  File "C:\Users\Y520\AppData\Local\Programs\Python\Python312\Lib\json\decoder.py", line 353, in raw_decode
    obj, end = self.scan_once(s, idx)
               ^^^^^^^^^^^^^^^^^^^^^^
json.decoder.JSONDecodeError: Expecting property name enclosed in double quotes: line 8 column 9 (char 532)

The above exception was the direct cause of the following exception:

Traceback (most recent call last):
  File "C:\CodebaseLLM\analyzer\knowledge_extractor.py", line 149, in process_chunk_with_limit
    result = await self.llm_integration.analyze_code_chunk_async(chunk_info['chunk'])
             ^^^^^^^^^^^^^^^^^^^^^^^^^^^^^^^^^^^^^^^^^^^^^^^^^^^^^^^^^^^^^^^^^^^^^^^^
  File "C:\CodebaseLLM\analyzer\llm_integration.py", line 104, in analyze_code_chunk_async
    return parser.invoke(response.content if hasattr(response, 'content') else response)
           ^^^^^^^^^^^^^^^^^^^^^^^^^^^^^^^^^^^^^^^^^^^^^^^^^^^^^^^^^^^^^^^^^^^^^^^^^^^^^
  File "C:\CodebaseLLM\codeenv\Lib\site-packages\langchain_core\output_parsers\base.py", line 204, in invoke
    return self._call_with_config(
           ^^^^^^^^^^^^^^^^^^^^^^^
  File "C:\CodebaseLLM\codeenv\Lib\site-packages\langchain_core\runnables\base.py", line 1940, in _call_with_config
    context.run(
  File "C:\CodebaseLLM\codeenv\Lib\site-packages\langchain_core\runnables\config.py", line 428, in call_func_with_variable_args
    return func(input, **kwargs)  # type: ignore[call-arg]
           ^^^^^^^^^^^^^^^^^^^^^
  File "C:\CodebaseLLM\codeenv\Lib\site-packages\langchain_core\output_parsers\base.py", line 205, in <lambda>
    lambda inner_input: self.parse_result([Generation(text=inner_input)]),
                        ^^^^^^^^^^^^^^^^^^^^^^^^^^^^^^^^^^^^^^^^^^^^^^^^^
  File "C:\CodebaseLLM\codeenv\Lib\site-packages\langchain_core\output_parsers\json.py", line 91, in parse_result
    raise OutputParserException(msg, llm_output=text) from e
langchain_core.exceptions.OutputParserException: Invalid json output: {
    "overview": "The CategoryController class is responsible for handling requests related to categories in a Sakila project. It interacts with FilmService and CategoryService to retrieve and display category information.",
    "methods": [
        {
            "name": "getCategories",
            "signature": "public String getCategories(ModelMap modelMap)",
            "description": "Retrieves all categories from the CategoryService and adds them to the modelMap for rendering on the categories/categories view.",
        },
        {
            "name": "getCategoryDetails",
            "signature": "public String getCategoryDetails(ModelMap modelMap, @RequestParam(value = \"id\") Integer id)",
            "description": "Retrieves category details and associated films by category ID from CategoryService and FilmService respectively. Adds the data to the modelMap for rendering on the categories/categoryDetails view.",
        },
        {
            "name": "getCategoryById",
            "signature": "public Category getCategoryById(Integer id)",
            "description": "Retrieves a specific category by ID from the CategoryService.",
        }
    ],
    "complexity": "Moderate",
    "notes": "The CategoryController follows the Spring MVC pattern with annotations for mapping requests to methods. It relies on dependency injection for FilmService and CategoryService instances. The controller handles basic CRUD operations related to categories."
}
For troubleshooting, visit: https://python.langchain.com/docs/troubleshooting/errors/OUTPUT_PARSING_FAILURE 
2025-05-25 20:20:05,233 [INFO] httpx: HTTP Request: POST https://api.openai.com/v1/chat/completions "HTTP/1.1 200 OK"
2025-05-25 20:20:05,327 [ERROR] codebase_llm: Async SimpleJsonOutputParser or LLM error: Invalid json output: {
    "overview": "The CustomerController class is a controller in the Sakila project that handles requests related to customers, rentals, inventory, and films.",
    "methods": [
        {
            "name": "showCustomerDetails",
            "signature": "public String showCustomerDetails(@RequestParam Long customerId, Model model)",
            "description": "Retrieves and displays details of a specific customer identified by the customerId parameter.",
        },
        {
            "name": "rentFilm",
            "signature": "public String rentFilm(@RequestParam Long customerId, @RequestParam Long filmId, HttpServletRequest request)",
            "description": "Processes a rental request for a film by a specific customer identified by customerId and filmId parameters.",
        },
        {
            "name": "returnFilm",
            "signature": "public String returnFilm(@RequestParam Long rentalId, HttpServletRequest request)",
            "description": "Handles the return of a rented film identified by the rentalId parameter.",
        }
    ],
    "complexity": "moderate",
    "notes": "The controller relies on services such as CustomerService, RentalService, InventoryService, and FilmService to interact with the database and perform business logic. It follows the Spring MVC pattern for handling web requests and responses."
}
For troubleshooting, visit: https://python.langchain.com/docs/troubleshooting/errors/OUTPUT_PARSING_FAILURE 
2025-05-25 20:20:05,327 [ERROR] codebase_llm: Async LLM analysis failed for file=./repos/SakilaProject\src\main\java\com\sparta\engineering72\sakilaproject\controller\CustomerController.java chunk_index=7
Traceback (most recent call last):
  File "C:\CodebaseLLM\codeenv\Lib\site-packages\langchain_core\output_parsers\json.py", line 88, in parse_result
    return parse_json_markdown(text)
           ^^^^^^^^^^^^^^^^^^^^^^^^^
  File "C:\CodebaseLLM\codeenv\Lib\site-packages\langchain_core\utils\json.py", line 150, in parse_json_markdown
    return _parse_json(json_str, parser=parser)
           ^^^^^^^^^^^^^^^^^^^^^^^^^^^^^^^^^^^^
  File "C:\CodebaseLLM\codeenv\Lib\site-packages\langchain_core\utils\json.py", line 166, in _parse_json
    return parser(json_str)
           ^^^^^^^^^^^^^^^^
  File "C:\CodebaseLLM\codeenv\Lib\site-packages\langchain_core\utils\json.py", line 123, in parse_partial_json
    return json.loads(s, strict=strict)
           ^^^^^^^^^^^^^^^^^^^^^^^^^^^^
  File "C:\Users\Y520\AppData\Local\Programs\Python\Python312\Lib\json\__init__.py", line 359, in loads
    return cls(**kw).decode(s)
           ^^^^^^^^^^^^^^^^^^^
  File "C:\Users\Y520\AppData\Local\Programs\Python\Python312\Lib\json\decoder.py", line 337, in decode
    obj, end = self.raw_decode(s, idx=_w(s, 0).end())
               ^^^^^^^^^^^^^^^^^^^^^^^^^^^^^^^^^^^^^^
  File "C:\Users\Y520\AppData\Local\Programs\Python\Python312\Lib\json\decoder.py", line 353, in raw_decode
    obj, end = self.scan_once(s, idx)
               ^^^^^^^^^^^^^^^^^^^^^^
json.decoder.JSONDecodeError: Expecting property name enclosed in double quotes: line 8 column 9 (char 471)

The above exception was the direct cause of the following exception:

Traceback (most recent call last):
  File "C:\CodebaseLLM\analyzer\knowledge_extractor.py", line 149, in process_chunk_with_limit
    result = await self.llm_integration.analyze_code_chunk_async(chunk_info['chunk'])
             ^^^^^^^^^^^^^^^^^^^^^^^^^^^^^^^^^^^^^^^^^^^^^^^^^^^^^^^^^^^^^^^^^^^^^^^^
  File "C:\CodebaseLLM\analyzer\llm_integration.py", line 104, in analyze_code_chunk_async
    return parser.invoke(response.content if hasattr(response, 'content') else response)
           ^^^^^^^^^^^^^^^^^^^^^^^^^^^^^^^^^^^^^^^^^^^^^^^^^^^^^^^^^^^^^^^^^^^^^^^^^^^^^
  File "C:\CodebaseLLM\codeenv\Lib\site-packages\langchain_core\output_parsers\base.py", line 204, in invoke
    return self._call_with_config(
           ^^^^^^^^^^^^^^^^^^^^^^^
  File "C:\CodebaseLLM\codeenv\Lib\site-packages\langchain_core\runnables\base.py", line 1940, in _call_with_config
    context.run(
  File "C:\CodebaseLLM\codeenv\Lib\site-packages\langchain_core\runnables\config.py", line 428, in call_func_with_variable_args
    return func(input, **kwargs)  # type: ignore[call-arg]
           ^^^^^^^^^^^^^^^^^^^^^
  File "C:\CodebaseLLM\codeenv\Lib\site-packages\langchain_core\output_parsers\base.py", line 205, in <lambda>
    lambda inner_input: self.parse_result([Generation(text=inner_input)]),
                        ^^^^^^^^^^^^^^^^^^^^^^^^^^^^^^^^^^^^^^^^^^^^^^^^^
  File "C:\CodebaseLLM\codeenv\Lib\site-packages\langchain_core\output_parsers\json.py", line 91, in parse_result
    raise OutputParserException(msg, llm_output=text) from e
langchain_core.exceptions.OutputParserException: Invalid json output: {
    "overview": "The CustomerController class is a controller in the Sakila project that handles requests related to customers, rentals, inventory, and films.",
    "methods": [
        {
            "name": "showCustomerDetails",
            "signature": "public String showCustomerDetails(@RequestParam Long customerId, Model model)",
            "description": "Retrieves and displays details of a specific customer identified by the customerId parameter.",
        },
        {
            "name": "rentFilm",
            "signature": "public String rentFilm(@RequestParam Long customerId, @RequestParam Long filmId, HttpServletRequest request)",
            "description": "Processes a rental request for a film by a specific customer identified by customerId and filmId parameters.",
        },
        {
            "name": "returnFilm",
            "signature": "public String returnFilm(@RequestParam Long rentalId, HttpServletRequest request)",
            "description": "Handles the return of a rented film identified by the rentalId parameter.",
        }
    ],
    "complexity": "moderate",
    "notes": "The controller relies on services such as CustomerService, RentalService, InventoryService, and FilmService to interact with the database and perform business logic. It follows the Spring MVC pattern for handling web requests and responses."
}
For troubleshooting, visit: https://python.langchain.com/docs/troubleshooting/errors/OUTPUT_PARSING_FAILURE 
2025-05-25 20:20:07,726 [INFO] httpx: HTTP Request: POST https://api.openai.com/v1/chat/completions "HTTP/1.1 200 OK"
2025-05-25 20:20:07,851 [ERROR] codebase_llm: Async SimpleJsonOutputParser or LLM error: Invalid json output: {
    "overview": "This code chunk contains two methods related to handling customer data. The 'currentUser' method retrieves the current user's information and their orders, while the 'getCustomers' method retrieves a list of customers based on filters.",
    "methods": [
        {
            "name": "currentUser",
            "signature": "public String currentUser(ModelMap modelMap, HttpServletRequest request)",
            "description": "Retrieves the current user's information, including their orders, and adds it to the model map for rendering on the customer view.",
        },
        {
            "name": "getCustomers",
            "signature": "public String getCustomers(ModelMap modelMap, @RequestParam(value = \"firstName\", defaultValue = \"ALL CUSTOMERS\") String firstNameFilter, @RequestParam(value = \"lastName\", defaultValue = \"ALL CUSTOMERS\") String lastNameFilter)",
            "description": "Retrieves a list of customers based on optional first name and last name filters. The filtered customers are added to the model map for rendering on the customers view.",
        }
    ],
    "complexity": "Moderate",
    "notes": "The code follows the Spring MVC pattern with annotations like @GetMapping and @RequestParam for handling HTTP requests. It interacts with various service classes like customerService, rentalService, inventoryService, and filmService to fetch and process customer-related data. The 'currentUser' method constructs orders based on rentals and films associated with the customer. The 'getCustomers' method dynamically fetches customers based on filter criteria."
}
For troubleshooting, visit: https://python.langchain.com/docs/troubleshooting/errors/OUTPUT_PARSING_FAILURE 
2025-05-25 20:20:07,851 [ERROR] codebase_llm: Async LLM analysis failed for file=./repos/SakilaProject\src\main\java\com\sparta\engineering72\sakilaproject\controller\CustomerController.java chunk_index=8
Traceback (most recent call last):
  File "C:\CodebaseLLM\codeenv\Lib\site-packages\langchain_core\output_parsers\json.py", line 88, in parse_result
    return parse_json_markdown(text)
           ^^^^^^^^^^^^^^^^^^^^^^^^^
  File "C:\CodebaseLLM\codeenv\Lib\site-packages\langchain_core\utils\json.py", line 150, in parse_json_markdown
    return _parse_json(json_str, parser=parser)
           ^^^^^^^^^^^^^^^^^^^^^^^^^^^^^^^^^^^^
  File "C:\CodebaseLLM\codeenv\Lib\site-packages\langchain_core\utils\json.py", line 166, in _parse_json
    return parser(json_str)
           ^^^^^^^^^^^^^^^^
  File "C:\CodebaseLLM\codeenv\Lib\site-packages\langchain_core\utils\json.py", line 123, in parse_partial_json
    return json.loads(s, strict=strict)
           ^^^^^^^^^^^^^^^^^^^^^^^^^^^^
  File "C:\Users\Y520\AppData\Local\Programs\Python\Python312\Lib\json\__init__.py", line 359, in loads
    return cls(**kw).decode(s)
           ^^^^^^^^^^^^^^^^^^^
  File "C:\Users\Y520\AppData\Local\Programs\Python\Python312\Lib\json\decoder.py", line 337, in decode
    obj, end = self.raw_decode(s, idx=_w(s, 0).end())
               ^^^^^^^^^^^^^^^^^^^^^^^^^^^^^^^^^^^^^^
  File "C:\Users\Y520\AppData\Local\Programs\Python\Python312\Lib\json\decoder.py", line 353, in raw_decode
    obj, end = self.scan_once(s, idx)
               ^^^^^^^^^^^^^^^^^^^^^^
json.decoder.JSONDecodeError: Expecting property name enclosed in double quotes: line 8 column 9 (char 589)

The above exception was the direct cause of the following exception:

Traceback (most recent call last):
  File "C:\CodebaseLLM\analyzer\knowledge_extractor.py", line 149, in process_chunk_with_limit
    result = await self.llm_integration.analyze_code_chunk_async(chunk_info['chunk'])
             ^^^^^^^^^^^^^^^^^^^^^^^^^^^^^^^^^^^^^^^^^^^^^^^^^^^^^^^^^^^^^^^^^^^^^^^^
  File "C:\CodebaseLLM\analyzer\llm_integration.py", line 104, in analyze_code_chunk_async
    return parser.invoke(response.content if hasattr(response, 'content') else response)
           ^^^^^^^^^^^^^^^^^^^^^^^^^^^^^^^^^^^^^^^^^^^^^^^^^^^^^^^^^^^^^^^^^^^^^^^^^^^^^
  File "C:\CodebaseLLM\codeenv\Lib\site-packages\langchain_core\output_parsers\base.py", line 204, in invoke
    return self._call_with_config(
           ^^^^^^^^^^^^^^^^^^^^^^^
  File "C:\CodebaseLLM\codeenv\Lib\site-packages\langchain_core\runnables\base.py", line 1940, in _call_with_config
    context.run(
  File "C:\CodebaseLLM\codeenv\Lib\site-packages\langchain_core\runnables\config.py", line 428, in call_func_with_variable_args
    return func(input, **kwargs)  # type: ignore[call-arg]
           ^^^^^^^^^^^^^^^^^^^^^
  File "C:\CodebaseLLM\codeenv\Lib\site-packages\langchain_core\output_parsers\base.py", line 205, in <lambda>
    lambda inner_input: self.parse_result([Generation(text=inner_input)]),
                        ^^^^^^^^^^^^^^^^^^^^^^^^^^^^^^^^^^^^^^^^^^^^^^^^^
  File "C:\CodebaseLLM\codeenv\Lib\site-packages\langchain_core\output_parsers\json.py", line 91, in parse_result
    raise OutputParserException(msg, llm_output=text) from e
langchain_core.exceptions.OutputParserException: Invalid json output: {
    "overview": "This code chunk contains two methods related to handling customer data. The 'currentUser' method retrieves the current user's information and their orders, while the 'getCustomers' method retrieves a list of customers based on filters.",
    "methods": [
        {
            "name": "currentUser",
            "signature": "public String currentUser(ModelMap modelMap, HttpServletRequest request)",
            "description": "Retrieves the current user's information, including their orders, and adds it to the model map for rendering on the customer view.",
        },
        {
            "name": "getCustomers",
            "signature": "public String getCustomers(ModelMap modelMap, @RequestParam(value = \"firstName\", defaultValue = \"ALL CUSTOMERS\") String firstNameFilter, @RequestParam(value = \"lastName\", defaultValue = \"ALL CUSTOMERS\") String lastNameFilter)",
            "description": "Retrieves a list of customers based on optional first name and last name filters. The filtered customers are added to the model map for rendering on the customers view.",
        }
    ],
    "complexity": "Moderate",
    "notes": "The code follows the Spring MVC pattern with annotations like @GetMapping and @RequestParam for handling HTTP requests. It interacts with various service classes like customerService, rentalService, inventoryService, and filmService to fetch and process customer-related data. The 'currentUser' method constructs orders based on rentals and films associated with the customer. The 'getCustomers' method dynamically fetches customers based on filter criteria."
}
For troubleshooting, visit: https://python.langchain.com/docs/troubleshooting/errors/OUTPUT_PARSING_FAILURE 
2025-05-25 20:20:09,945 [INFO] httpx: HTTP Request: POST https://api.openai.com/v1/chat/completions "HTTP/1.1 200 OK"
2025-05-25 20:32:29,865 [INFO] codebase_llm: Repository already exists at ./repos/SakilaProject.
2025-05-25 20:32:37,000 [INFO] httpx: HTTP Request: POST https://api.openai.com/v1/embeddings "HTTP/1.1 200 OK"
2025-05-25 20:32:37,188 [INFO] faiss.loader: Loading faiss with AVX2 support.
2025-05-25 20:32:37,227 [INFO] faiss.loader: Successfully loaded faiss with AVX2 support.
2025-05-25 20:32:37,249 [INFO] faiss: Failed to load GPU Faiss: name 'GpuIndexIVFFlat' is not defined. Will not load constructor refs for GPU indexes. This is only an error if you're trying to use GPU Faiss.
2025-05-25 20:32:39,271 [INFO] httpx: HTTP Request: POST https://api.openai.com/v1/chat/completions "HTTP/1.1 200 OK"
2025-05-25 20:32:40,690 [INFO] httpx: HTTP Request: POST https://api.openai.com/v1/chat/completions "HTTP/1.1 200 OK"
2025-05-25 20:32:40,780 [ERROR] codebase_llm: Async SimpleJsonOutputParser or LLM error: Invalid json output: {
    "overview": "The MavenWrapperDownloader class is responsible for downloading the Maven wrapper JAR file. It provides functionality to download the Maven wrapper JAR from a specified URL or a default URL if none is provided.",
    "methods": [
        {
            "name": "main",
            "signature": "public static void main(String args[])",
            "description": "The main method of the MavenWrapperDownloader class. It starts the downloader process by printing a message, getting the base directory from the command line arguments, and printing the base directory path.",
        }
    ],
    "complexity": "Simple",
    "notes": "The class contains constants for the wrapper version, default download URL, properties file path, JAR file path, and property name for overriding the download URL. The main method is the entry point for the downloader functionality."
}
For troubleshooting, visit: https://python.langchain.com/docs/troubleshooting/errors/OUTPUT_PARSING_FAILURE 
2025-05-25 20:32:40,780 [ERROR] codebase_llm: Async LLM analysis failed for file=./repos/SakilaProject\.mvn\wrapper\MavenWrapperDownloader.java chunk_index=0
Traceback (most recent call last):
  File "C:\CodebaseLLM\codeenv\Lib\site-packages\langchain_core\output_parsers\json.py", line 88, in parse_result
    return parse_json_markdown(text)
           ^^^^^^^^^^^^^^^^^^^^^^^^^
  File "C:\CodebaseLLM\codeenv\Lib\site-packages\langchain_core\utils\json.py", line 150, in parse_json_markdown
    return _parse_json(json_str, parser=parser)
           ^^^^^^^^^^^^^^^^^^^^^^^^^^^^^^^^^^^^
  File "C:\CodebaseLLM\codeenv\Lib\site-packages\langchain_core\utils\json.py", line 166, in _parse_json
    return parser(json_str)
           ^^^^^^^^^^^^^^^^
  File "C:\CodebaseLLM\codeenv\Lib\site-packages\langchain_core\utils\json.py", line 123, in parse_partial_json
    return json.loads(s, strict=strict)
           ^^^^^^^^^^^^^^^^^^^^^^^^^^^^
  File "C:\Users\Y520\AppData\Local\Programs\Python\Python312\Lib\json\__init__.py", line 359, in loads
    return cls(**kw).decode(s)
           ^^^^^^^^^^^^^^^^^^^
  File "C:\Users\Y520\AppData\Local\Programs\Python\Python312\Lib\json\decoder.py", line 337, in decode
    obj, end = self.raw_decode(s, idx=_w(s, 0).end())
               ^^^^^^^^^^^^^^^^^^^^^^^^^^^^^^^^^^^^^^
  File "C:\Users\Y520\AppData\Local\Programs\Python\Python312\Lib\json\decoder.py", line 353, in raw_decode
    obj, end = self.scan_once(s, idx)
               ^^^^^^^^^^^^^^^^^^^^^^
json.decoder.JSONDecodeError: Expecting property name enclosed in double quotes: line 8 column 9 (char 599)

The above exception was the direct cause of the following exception:

Traceback (most recent call last):
  File "C:\CodebaseLLM\analyzer\knowledge_extractor.py", line 149, in process_chunk_with_limit
    result = await self.llm_integration.analyze_code_chunk_async(chunk_info['chunk'])
             ^^^^^^^^^^^^^^^^^^^^^^^^^^^^^^^^^^^^^^^^^^^^^^^^^^^^^^^^^^^^^^^^^^^^^^^^
  File "C:\CodebaseLLM\analyzer\llm_integration.py", line 104, in analyze_code_chunk_async
    return parser.invoke(response.content if hasattr(response, 'content') else response)
           ^^^^^^^^^^^^^^^^^^^^^^^^^^^^^^^^^^^^^^^^^^^^^^^^^^^^^^^^^^^^^^^^^^^^^^^^^^^^^
  File "C:\CodebaseLLM\codeenv\Lib\site-packages\langchain_core\output_parsers\base.py", line 204, in invoke
    return self._call_with_config(
           ^^^^^^^^^^^^^^^^^^^^^^^
  File "C:\CodebaseLLM\codeenv\Lib\site-packages\langchain_core\runnables\base.py", line 1940, in _call_with_config
    context.run(
  File "C:\CodebaseLLM\codeenv\Lib\site-packages\langchain_core\runnables\config.py", line 428, in call_func_with_variable_args
    return func(input, **kwargs)  # type: ignore[call-arg]
           ^^^^^^^^^^^^^^^^^^^^^
  File "C:\CodebaseLLM\codeenv\Lib\site-packages\langchain_core\output_parsers\base.py", line 205, in <lambda>
    lambda inner_input: self.parse_result([Generation(text=inner_input)]),
                        ^^^^^^^^^^^^^^^^^^^^^^^^^^^^^^^^^^^^^^^^^^^^^^^^^
  File "C:\CodebaseLLM\codeenv\Lib\site-packages\langchain_core\output_parsers\json.py", line 91, in parse_result
    raise OutputParserException(msg, llm_output=text) from e
langchain_core.exceptions.OutputParserException: Invalid json output: {
    "overview": "The MavenWrapperDownloader class is responsible for downloading the Maven wrapper JAR file. It provides functionality to download the Maven wrapper JAR from a specified URL or a default URL if none is provided.",
    "methods": [
        {
            "name": "main",
            "signature": "public static void main(String args[])",
            "description": "The main method of the MavenWrapperDownloader class. It starts the downloader process by printing a message, getting the base directory from the command line arguments, and printing the base directory path.",
        }
    ],
    "complexity": "Simple",
    "notes": "The class contains constants for the wrapper version, default download URL, properties file path, JAR file path, and property name for overriding the download URL. The main method is the entry point for the downloader functionality."
}
For troubleshooting, visit: https://python.langchain.com/docs/troubleshooting/errors/OUTPUT_PARSING_FAILURE 
2025-05-25 20:32:43,055 [INFO] httpx: HTTP Request: POST https://api.openai.com/v1/chat/completions "HTTP/1.1 200 OK"
2025-05-25 20:44:33,090 [INFO] codebase_llm: Repository already exists at ./repos/SakilaProject.
2025-05-25 20:44:39,532 [INFO] httpx: HTTP Request: POST https://api.openai.com/v1/embeddings "HTTP/1.1 200 OK"
2025-05-25 20:44:39,724 [INFO] faiss.loader: Loading faiss with AVX2 support.
2025-05-25 20:44:39,796 [INFO] faiss.loader: Successfully loaded faiss with AVX2 support.
2025-05-25 20:44:39,823 [INFO] faiss: Failed to load GPU Faiss: name 'GpuIndexIVFFlat' is not defined. Will not load constructor refs for GPU indexes. This is only an error if you're trying to use GPU Faiss.
2025-05-25 20:44:42,636 [INFO] httpx: HTTP Request: POST https://api.openai.com/v1/chat/completions "HTTP/1.1 200 OK"
2025-05-25 20:44:43,905 [INFO] httpx: HTTP Request: POST https://api.openai.com/v1/chat/completions "HTTP/1.1 200 OK"
2025-05-25 20:44:43,928 [ERROR] codebase_llm: Async SimpleJsonOutputParser or LLM error: Invalid json output: {
    "overview": "The MavenWrapperDownloader class is responsible for downloading the Maven wrapper JAR file. It handles the logic of fetching the wrapper JAR from a specified URL or a default URL if not provided.",
    "methods": [
        {
            "name": "main",
            "signature": "public static void main(String args[])",
            "description": "The main method of the MavenWrapperDownloader class. It initiates the download process by taking the base directory as an argument and printing out the base directory path.",
        }
    ],
    "complexity": "Simple",
    "notes": "This code snippet is a standalone class that serves a specific purpose within a larger project. It relies on command-line arguments to specify the base directory for downloading the Maven wrapper JAR file."
}
For troubleshooting, visit: https://python.langchain.com/docs/troubleshooting/errors/OUTPUT_PARSING_FAILURE 
2025-05-25 20:44:43,928 [ERROR] codebase_llm: Async LLM analysis failed for file=./repos/SakilaProject\.mvn\wrapper\MavenWrapperDownloader.java chunk_index=0
Traceback (most recent call last):
  File "C:\CodebaseLLM\codeenv\Lib\site-packages\langchain_core\output_parsers\json.py", line 88, in parse_result
    return parse_json_markdown(text)
           ^^^^^^^^^^^^^^^^^^^^^^^^^
  File "C:\CodebaseLLM\codeenv\Lib\site-packages\langchain_core\utils\json.py", line 150, in parse_json_markdown
    return _parse_json(json_str, parser=parser)
           ^^^^^^^^^^^^^^^^^^^^^^^^^^^^^^^^^^^^
  File "C:\CodebaseLLM\codeenv\Lib\site-packages\langchain_core\utils\json.py", line 166, in _parse_json
    return parser(json_str)
           ^^^^^^^^^^^^^^^^
  File "C:\CodebaseLLM\codeenv\Lib\site-packages\langchain_core\utils\json.py", line 123, in parse_partial_json
    return json.loads(s, strict=strict)
           ^^^^^^^^^^^^^^^^^^^^^^^^^^^^
  File "C:\Users\Y520\AppData\Local\Programs\Python\Python312\Lib\json\__init__.py", line 359, in loads
    return cls(**kw).decode(s)
           ^^^^^^^^^^^^^^^^^^^
  File "C:\Users\Y520\AppData\Local\Programs\Python\Python312\Lib\json\decoder.py", line 337, in decode
    obj, end = self.raw_decode(s, idx=_w(s, 0).end())
               ^^^^^^^^^^^^^^^^^^^^^^^^^^^^^^^^^^^^^^
  File "C:\Users\Y520\AppData\Local\Programs\Python\Python312\Lib\json\decoder.py", line 353, in raw_decode
    obj, end = self.scan_once(s, idx)
               ^^^^^^^^^^^^^^^^^^^^^^
json.decoder.JSONDecodeError: Expecting property name enclosed in double quotes: line 8 column 9 (char 550)

The above exception was the direct cause of the following exception:

Traceback (most recent call last):
  File "C:\CodebaseLLM\analyzer\knowledge_extractor.py", line 149, in process_chunk_with_limit
    result = await self.llm_integration.analyze_code_chunk_async(chunk_info['chunk'])
             ^^^^^^^^^^^^^^^^^^^^^^^^^^^^^^^^^^^^^^^^^^^^^^^^^^^^^^^^^^^^^^^^^^^^^^^^
  File "C:\CodebaseLLM\analyzer\llm_integration.py", line 104, in analyze_code_chunk_async
    return parser.invoke(response.content if hasattr(response, 'content') else response)
           ^^^^^^^^^^^^^^^^^^^^^^^^^^^^^^^^^^^^^^^^^^^^^^^^^^^^^^^^^^^^^^^^^^^^^^^^^^^^^
  File "C:\CodebaseLLM\codeenv\Lib\site-packages\langchain_core\output_parsers\base.py", line 204, in invoke
    return self._call_with_config(
           ^^^^^^^^^^^^^^^^^^^^^^^
  File "C:\CodebaseLLM\codeenv\Lib\site-packages\langchain_core\runnables\base.py", line 1940, in _call_with_config
    context.run(
  File "C:\CodebaseLLM\codeenv\Lib\site-packages\langchain_core\runnables\config.py", line 428, in call_func_with_variable_args
    return func(input, **kwargs)  # type: ignore[call-arg]
           ^^^^^^^^^^^^^^^^^^^^^
  File "C:\CodebaseLLM\codeenv\Lib\site-packages\langchain_core\output_parsers\base.py", line 205, in <lambda>
    lambda inner_input: self.parse_result([Generation(text=inner_input)]),
                        ^^^^^^^^^^^^^^^^^^^^^^^^^^^^^^^^^^^^^^^^^^^^^^^^^
  File "C:\CodebaseLLM\codeenv\Lib\site-packages\langchain_core\output_parsers\json.py", line 91, in parse_result
    raise OutputParserException(msg, llm_output=text) from e
langchain_core.exceptions.OutputParserException: Invalid json output: {
    "overview": "The MavenWrapperDownloader class is responsible for downloading the Maven wrapper JAR file. It handles the logic of fetching the wrapper JAR from a specified URL or a default URL if not provided.",
    "methods": [
        {
            "name": "main",
            "signature": "public static void main(String args[])",
            "description": "The main method of the MavenWrapperDownloader class. It initiates the download process by taking the base directory as an argument and printing out the base directory path.",
        }
    ],
    "complexity": "Simple",
    "notes": "This code snippet is a standalone class that serves a specific purpose within a larger project. It relies on command-line arguments to specify the base directory for downloading the Maven wrapper JAR file."
}
For troubleshooting, visit: https://python.langchain.com/docs/troubleshooting/errors/OUTPUT_PARSING_FAILURE 
2025-05-25 20:44:45,177 [INFO] httpx: HTTP Request: POST https://api.openai.com/v1/chat/completions "HTTP/1.1 200 OK"
2025-05-25 20:54:46,932 [INFO] codebase_llm: Repository already exists at ./repos/SakilaProject.
2025-05-25 20:54:53,001 [INFO] httpx: HTTP Request: POST https://api.openai.com/v1/embeddings "HTTP/1.1 200 OK"
2025-05-25 20:54:53,153 [INFO] faiss.loader: Loading faiss with AVX2 support.
2025-05-25 20:54:53,222 [INFO] faiss.loader: Successfully loaded faiss with AVX2 support.
2025-05-25 20:54:53,248 [INFO] faiss: Failed to load GPU Faiss: name 'GpuIndexIVFFlat' is not defined. Will not load constructor refs for GPU indexes. This is only an error if you're trying to use GPU Faiss.
2025-05-25 20:54:54,771 [INFO] httpx: HTTP Request: POST https://api.openai.com/v1/chat/completions "HTTP/1.1 200 OK"
2025-05-25 20:54:56,199 [INFO] httpx: HTTP Request: POST https://api.openai.com/v1/chat/completions "HTTP/1.1 200 OK"
2025-05-25 20:54:57,514 [INFO] httpx: HTTP Request: POST https://api.openai.com/v1/chat/completions "HTTP/1.1 200 OK"
2025-05-25 20:59:50,668 [INFO] codebase_llm: Repository already exists at ./repos/SakilaProject.
2025-05-25 20:59:58,383 [INFO] httpx: HTTP Request: POST https://api.openai.com/v1/embeddings "HTTP/1.1 200 OK"
2025-05-25 20:59:58,564 [INFO] faiss.loader: Loading faiss with AVX2 support.
2025-05-25 20:59:58,637 [INFO] faiss.loader: Successfully loaded faiss with AVX2 support.
2025-05-25 20:59:58,660 [INFO] faiss: Failed to load GPU Faiss: name 'GpuIndexIVFFlat' is not defined. Will not load constructor refs for GPU indexes. This is only an error if you're trying to use GPU Faiss.
2025-05-25 21:00:00,687 [INFO] httpx: HTTP Request: POST https://api.openai.com/v1/chat/completions "HTTP/1.1 200 OK"
2025-05-25 21:00:02,113 [INFO] httpx: HTTP Request: POST https://api.openai.com/v1/chat/completions "HTTP/1.1 200 OK"
2025-05-25 21:00:04,573 [INFO] httpx: HTTP Request: POST https://api.openai.com/v1/chat/completions "HTTP/1.1 200 OK"
2025-05-25 21:51:29,425 [INFO] codebase_llm: Repository already exists at ./repos/SakilaProject.
2025-05-25 21:51:37,703 [INFO] httpx: HTTP Request: POST https://api.openai.com/v1/embeddings "HTTP/1.1 200 OK"
2025-05-25 21:51:37,873 [INFO] faiss.loader: Loading faiss with AVX2 support.
2025-05-25 21:51:37,900 [INFO] faiss.loader: Successfully loaded faiss with AVX2 support.
2025-05-25 21:51:37,909 [INFO] faiss: Failed to load GPU Faiss: name 'GpuIndexIVFFlat' is not defined. Will not load constructor refs for GPU indexes. This is only an error if you're trying to use GPU Faiss.
2025-05-25 21:51:41,274 [INFO] httpx: HTTP Request: POST https://api.openai.com/v1/chat/completions "HTTP/1.1 200 OK"
2025-05-25 21:51:42,663 [INFO] httpx: HTTP Request: POST https://api.openai.com/v1/chat/completions "HTTP/1.1 200 OK"
2025-05-25 21:51:44,015 [INFO] httpx: HTTP Request: POST https://api.openai.com/v1/chat/completions "HTTP/1.1 200 OK"
2025-05-25 21:54:59,779 [INFO] codebase_llm: Repository already exists at ./repos/SakilaProject.
2025-05-25 21:55:07,087 [INFO] httpx: HTTP Request: POST https://api.openai.com/v1/embeddings "HTTP/1.1 200 OK"
2025-05-25 21:55:07,324 [INFO] faiss.loader: Loading faiss with AVX2 support.
2025-05-25 21:55:07,353 [INFO] faiss.loader: Successfully loaded faiss with AVX2 support.
2025-05-25 21:55:07,363 [INFO] faiss: Failed to load GPU Faiss: name 'GpuIndexIVFFlat' is not defined. Will not load constructor refs for GPU indexes. This is only an error if you're trying to use GPU Faiss.
2025-05-25 21:55:09,318 [INFO] httpx: HTTP Request: POST https://api.openai.com/v1/chat/completions "HTTP/1.1 200 OK"
2025-05-25 21:55:10,984 [INFO] httpx: HTTP Request: POST https://api.openai.com/v1/chat/completions "HTTP/1.1 200 OK"
2025-05-25 21:55:13,270 [INFO] httpx: HTTP Request: POST https://api.openai.com/v1/chat/completions "HTTP/1.1 200 OK"
2025-05-25 21:58:30,943 [INFO] codebase_llm: Repository already exists at ./repos/SakilaProject.
2025-05-25 21:58:38,119 [INFO] httpx: HTTP Request: POST https://api.openai.com/v1/embeddings "HTTP/1.1 200 OK"
2025-05-25 21:58:42,001 [INFO] httpx: HTTP Request: POST https://api.openai.com/v1/chat/completions "HTTP/1.1 200 OK"
2025-05-25 21:58:43,456 [INFO] httpx: HTTP Request: POST https://api.openai.com/v1/chat/completions "HTTP/1.1 200 OK"
2025-05-25 21:58:45,016 [INFO] httpx: HTTP Request: POST https://api.openai.com/v1/chat/completions "HTTP/1.1 200 OK"
2025-05-25 22:00:10,606 [INFO] codebase_llm: Repository already exists at ./repos/SakilaProject.
2025-05-25 22:00:18,039 [INFO] httpx: HTTP Request: POST https://api.openai.com/v1/embeddings "HTTP/1.1 200 OK"
2025-05-25 22:00:18,208 [INFO] faiss.loader: Loading faiss with AVX2 support.
2025-05-25 22:00:18,241 [INFO] faiss.loader: Successfully loaded faiss with AVX2 support.
2025-05-25 22:00:18,248 [INFO] faiss: Failed to load GPU Faiss: name 'GpuIndexIVFFlat' is not defined. Will not load constructor refs for GPU indexes. This is only an error if you're trying to use GPU Faiss.
2025-05-25 22:00:20,881 [INFO] httpx: HTTP Request: POST https://api.openai.com/v1/chat/completions "HTTP/1.1 200 OK"
2025-05-25 22:00:22,271 [INFO] httpx: HTTP Request: POST https://api.openai.com/v1/chat/completions "HTTP/1.1 200 OK"
2025-05-25 22:00:23,954 [INFO] httpx: HTTP Request: POST https://api.openai.com/v1/chat/completions "HTTP/1.1 200 OK"
2025-05-25 22:09:13,906 [INFO] codebase_llm: Repository already exists at ./repos/SakilaProject.
2025-05-25 22:09:23,890 [INFO] httpx: HTTP Request: POST https://api.openai.com/v1/embeddings "HTTP/1.1 200 OK"
2025-05-25 22:09:24,847 [INFO] faiss.loader: Loading faiss with AVX2 support.
2025-05-25 22:09:24,876 [INFO] faiss.loader: Successfully loaded faiss with AVX2 support.
2025-05-25 22:09:24,884 [INFO] faiss: Failed to load GPU Faiss: name 'GpuIndexIVFFlat' is not defined. Will not load constructor refs for GPU indexes. This is only an error if you're trying to use GPU Faiss.
2025-05-25 22:09:27,373 [INFO] httpx: HTTP Request: POST https://api.openai.com/v1/chat/completions "HTTP/1.1 200 OK"
2025-05-25 22:09:28,829 [INFO] httpx: HTTP Request: POST https://api.openai.com/v1/chat/completions "HTTP/1.1 200 OK"
2025-05-25 22:09:30,296 [INFO] httpx: HTTP Request: POST https://api.openai.com/v1/chat/completions "HTTP/1.1 200 OK"
2025-05-25 22:09:31,976 [INFO] httpx: HTTP Request: POST https://api.openai.com/v1/chat/completions "HTTP/1.1 200 OK"
2025-05-25 22:09:33,305 [INFO] httpx: HTTP Request: POST https://api.openai.com/v1/chat/completions "HTTP/1.1 200 OK"
2025-05-25 22:09:35,148 [INFO] httpx: HTTP Request: POST https://api.openai.com/v1/chat/completions "HTTP/1.1 200 OK"
2025-05-25 22:09:37,395 [INFO] httpx: HTTP Request: POST https://api.openai.com/v1/chat/completions "HTTP/1.1 200 OK"
2025-05-25 22:09:39,963 [INFO] httpx: HTTP Request: POST https://api.openai.com/v1/chat/completions "HTTP/1.1 200 OK"
2025-05-25 22:09:42,165 [INFO] httpx: HTTP Request: POST https://api.openai.com/v1/chat/completions "HTTP/1.1 200 OK"
2025-05-25 22:09:47,423 [INFO] httpx: HTTP Request: POST https://api.openai.com/v1/chat/completions "HTTP/1.1 200 OK"
2025-05-25 22:09:50,219 [INFO] httpx: HTTP Request: POST https://api.openai.com/v1/chat/completions "HTTP/1.1 200 OK"
2025-05-25 22:09:53,761 [INFO] httpx: HTTP Request: POST https://api.openai.com/v1/chat/completions "HTTP/1.1 200 OK"
2025-05-25 22:09:56,016 [INFO] httpx: HTTP Request: POST https://api.openai.com/v1/chat/completions "HTTP/1.1 200 OK"
2025-05-25 22:09:59,065 [INFO] httpx: HTTP Request: POST https://api.openai.com/v1/chat/completions "HTTP/1.1 200 OK"
2025-05-25 22:10:00,890 [INFO] httpx: HTTP Request: POST https://api.openai.com/v1/chat/completions "HTTP/1.1 200 OK"
2025-05-25 22:10:03,102 [INFO] httpx: HTTP Request: POST https://api.openai.com/v1/chat/completions "HTTP/1.1 200 OK"
2025-05-25 22:10:04,292 [INFO] httpx: HTTP Request: POST https://api.openai.com/v1/chat/completions "HTTP/1.1 200 OK"
2025-05-25 22:10:08,853 [INFO] httpx: HTTP Request: POST https://api.openai.com/v1/chat/completions "HTTP/1.1 200 OK"
2025-05-25 22:10:11,367 [INFO] httpx: HTTP Request: POST https://api.openai.com/v1/chat/completions "HTTP/1.1 200 OK"
2025-05-25 22:10:16,703 [INFO] httpx: HTTP Request: POST https://api.openai.com/v1/chat/completions "HTTP/1.1 200 OK"
2025-05-25 22:10:19,599 [INFO] httpx: HTTP Request: POST https://api.openai.com/v1/chat/completions "HTTP/1.1 200 OK"
2025-05-25 22:10:23,151 [INFO] httpx: HTTP Request: POST https://api.openai.com/v1/chat/completions "HTTP/1.1 200 OK"
2025-05-25 22:10:28,454 [INFO] httpx: HTTP Request: POST https://api.openai.com/v1/chat/completions "HTTP/1.1 200 OK"
2025-05-25 22:10:30,287 [INFO] httpx: HTTP Request: POST https://api.openai.com/v1/chat/completions "HTTP/1.1 200 OK"
2025-05-25 22:10:33,952 [INFO] httpx: HTTP Request: POST https://api.openai.com/v1/chat/completions "HTTP/1.1 200 OK"
2025-05-25 22:10:40,119 [INFO] httpx: HTTP Request: POST https://api.openai.com/v1/chat/completions "HTTP/1.1 200 OK"
2025-05-25 22:10:44,709 [INFO] httpx: HTTP Request: POST https://api.openai.com/v1/chat/completions "HTTP/1.1 200 OK"
2025-05-25 22:10:49,212 [INFO] httpx: HTTP Request: POST https://api.openai.com/v1/chat/completions "HTTP/1.1 200 OK"
2025-05-25 22:10:54,584 [INFO] httpx: HTTP Request: POST https://api.openai.com/v1/chat/completions "HTTP/1.1 200 OK"
2025-05-25 22:10:57,867 [INFO] httpx: HTTP Request: POST https://api.openai.com/v1/chat/completions "HTTP/1.1 200 OK"
2025-05-25 22:11:02,508 [INFO] httpx: HTTP Request: POST https://api.openai.com/v1/chat/completions "HTTP/1.1 200 OK"
2025-05-25 22:11:07,738 [INFO] httpx: HTTP Request: POST https://api.openai.com/v1/chat/completions "HTTP/1.1 200 OK"
2025-05-25 22:11:09,741 [INFO] httpx: HTTP Request: POST https://api.openai.com/v1/chat/completions "HTTP/1.1 200 OK"
2025-05-25 22:11:15,177 [INFO] httpx: HTTP Request: POST https://api.openai.com/v1/chat/completions "HTTP/1.1 200 OK"
2025-05-25 22:11:17,632 [INFO] httpx: HTTP Request: POST https://api.openai.com/v1/chat/completions "HTTP/1.1 200 OK"
2025-05-25 22:11:20,046 [INFO] httpx: HTTP Request: POST https://api.openai.com/v1/chat/completions "HTTP/1.1 200 OK"
2025-05-25 22:11:21,538 [INFO] httpx: HTTP Request: POST https://api.openai.com/v1/chat/completions "HTTP/1.1 200 OK"
2025-05-25 22:11:25,414 [INFO] httpx: HTTP Request: POST https://api.openai.com/v1/chat/completions "HTTP/1.1 200 OK"
2025-05-25 22:11:30,459 [INFO] httpx: HTTP Request: POST https://api.openai.com/v1/chat/completions "HTTP/1.1 200 OK"
2025-05-25 22:11:39,404 [INFO] httpx: HTTP Request: POST https://api.openai.com/v1/chat/completions "HTTP/1.1 200 OK"
2025-05-25 22:11:41,188 [INFO] httpx: HTTP Request: POST https://api.openai.com/v1/chat/completions "HTTP/1.1 200 OK"
2025-05-25 22:11:42,732 [INFO] httpx: HTTP Request: POST https://api.openai.com/v1/chat/completions "HTTP/1.1 200 OK"
2025-05-25 22:11:44,153 [INFO] httpx: HTTP Request: POST https://api.openai.com/v1/chat/completions "HTTP/1.1 200 OK"
2025-05-25 22:11:45,669 [INFO] httpx: HTTP Request: POST https://api.openai.com/v1/chat/completions "HTTP/1.1 200 OK"
2025-05-25 22:11:47,473 [INFO] httpx: HTTP Request: POST https://api.openai.com/v1/chat/completions "HTTP/1.1 200 OK"
2025-05-25 22:11:49,059 [INFO] httpx: HTTP Request: POST https://api.openai.com/v1/chat/completions "HTTP/1.1 200 OK"
2025-05-25 22:11:52,261 [INFO] httpx: HTTP Request: POST https://api.openai.com/v1/chat/completions "HTTP/1.1 200 OK"
2025-05-25 22:11:54,687 [INFO] httpx: HTTP Request: POST https://api.openai.com/v1/chat/completions "HTTP/1.1 200 OK"
2025-05-25 22:11:57,832 [INFO] httpx: HTTP Request: POST https://api.openai.com/v1/chat/completions "HTTP/1.1 200 OK"
2025-05-25 22:11:59,621 [INFO] httpx: HTTP Request: POST https://api.openai.com/v1/chat/completions "HTTP/1.1 200 OK"
2025-05-25 22:12:02,459 [INFO] httpx: HTTP Request: POST https://api.openai.com/v1/chat/completions "HTTP/1.1 200 OK"
2025-05-25 22:12:05,624 [INFO] httpx: HTTP Request: POST https://api.openai.com/v1/chat/completions "HTTP/1.1 200 OK"
2025-05-25 22:12:09,196 [INFO] httpx: HTTP Request: POST https://api.openai.com/v1/chat/completions "HTTP/1.1 200 OK"
2025-05-25 22:12:11,233 [INFO] httpx: HTTP Request: POST https://api.openai.com/v1/chat/completions "HTTP/1.1 200 OK"
2025-05-25 22:12:13,038 [INFO] httpx: HTTP Request: POST https://api.openai.com/v1/chat/completions "HTTP/1.1 200 OK"
2025-05-25 22:12:13,899 [INFO] httpx: HTTP Request: POST https://api.openai.com/v1/chat/completions "HTTP/1.1 200 OK"
2025-05-25 22:12:16,707 [INFO] httpx: HTTP Request: POST https://api.openai.com/v1/chat/completions "HTTP/1.1 200 OK"
2025-05-25 22:12:20,460 [INFO] httpx: HTTP Request: POST https://api.openai.com/v1/chat/completions "HTTP/1.1 200 OK"
2025-05-25 22:12:22,610 [INFO] httpx: HTTP Request: POST https://api.openai.com/v1/chat/completions "HTTP/1.1 200 OK"
2025-05-25 22:12:24,882 [INFO] httpx: HTTP Request: POST https://api.openai.com/v1/chat/completions "HTTP/1.1 200 OK"
2025-05-25 22:12:26,846 [INFO] httpx: HTTP Request: POST https://api.openai.com/v1/chat/completions "HTTP/1.1 200 OK"
2025-05-25 22:12:30,218 [INFO] httpx: HTTP Request: POST https://api.openai.com/v1/chat/completions "HTTP/1.1 200 OK"
2025-05-25 22:12:31,695 [INFO] httpx: HTTP Request: POST https://api.openai.com/v1/chat/completions "HTTP/1.1 200 OK"
2025-05-25 22:12:35,056 [INFO] httpx: HTTP Request: POST https://api.openai.com/v1/chat/completions "HTTP/1.1 200 OK"
2025-05-25 22:12:36,882 [INFO] httpx: HTTP Request: POST https://api.openai.com/v1/chat/completions "HTTP/1.1 200 OK"
